{"meta": {"format": 3, "version": "7.15.2", "timestamp": "2026-07-19T04:33:18.380037", "branch_coverage": false, "show_contexts": false}, "files": {"funding_bot.py": {"executed_lines": [1, 3, 4, 5, 6, 7, 8, 9, 10, 11, 12, 13, 14, 15, 16, 17, 18, 19, 20, 21, 22, 23, 24, 25, 26, 27, 29, 30, 31, 32, 33, 37, 39, 40, 41, 42, 52, 53, 54, 55, 56, 60, 72, 80, 81, 82, 112, 115, 123, 135, 136, 140, 143, 153, 156, 167, 180, 182, 183, 184, 185, 186, 188, 189, 191, 192, 193, 196, 197, 200, 207, 208, 209, 210, 211, 212, 215, 216, 218, 221, 222, 223, 224, 225, 227, 230, 240, 241, 245, 249, 254, 261, 264, 265, 266, 267, 268, 270, 271, 272, 273, 274, 275, 276, 280, 281, 283, 284, 286, 287, 289, 290, 292, 293, 301, 310, 311, 325, 351, 359, 364, 367, 368, 369, 371, 372, 373, 383, 391, 392, 401, 402, 403, 404, 405, 407, 420, 424, 451, 454, 458, 462, 466, 470, 474, 478, 482, 486, 490, 494, 495, 498, 499, 500, 501, 502, 503, 504, 505, 506, 507, 509, 510, 526, 541, 542, 545, 546, 547, 548, 549, 550, 551, 552, 553, 554, 555, 556, 557, 559, 560, 569, 575, 579, 583, 587, 591, 594, 600, 606, 611, 614, 618, 625, 628, 651, 654, 657, 685, 686, 696, 697, 700, 703, 706, 709, 713, 714, 718, 719, 723, 726, 733, 736, 739, 746, 749, 762, 769, 770, 771, 772, 773, 776, 777, 779, 782, 803, 834, 842, 921, 922, 943, 980, 983, 990, 991, 992, 993, 994, 996, 997, 998, 999, 1000, 1001, 1006, 1007, 1008, 1009, 1010, 1011, 1012, 1014, 1016, 1017, 1018, 1019, 1022, 1025, 1026, 1027, 1028, 1029, 1030, 1032, 1056, 1057, 1061, 1062, 1063, 1064, 1065, 1066, 1067, 1068, 1069, 1070, 1071, 1072, 1073, 1074, 1075, 1076, 1077, 1078, 1079, 1080, 1085, 1086, 1087, 1088, 1089, 1090, 1102, 1103, 1106, 1108, 1110, 1118, 1127, 1128, 1129, 1134, 1135, 1136, 1137, 1138, 1139, 1141, 1142, 1143, 1147, 1148, 1151, 1152, 1153, 1155, 1156, 1158, 1159, 1160, 1161, 1174, 1187, 1189, 1190, 1191, 1195, 1196, 1197, 1198, 1199, 1200, 1201, 1202, 1203, 1204, 1205, 1211, 1212, 1213, 1214, 1218, 1220, 1221, 1222, 1223, 1224, 1225, 1226, 1229, 1230, 1231, 1236, 1237, 1238, 1239, 1240, 1241, 1247, 1253, 1262, 1263, 1272, 1273, 1274, 1282, 1284, 1291, 1292, 1301, 1302, 1304, 1305, 1306, 1307, 1309, 1310, 1311, 1317, 1318, 1324, 1327, 1334, 1347, 1348, 1349, 1350, 1353, 1354, 1358, 1360, 1361, 1362, 1365, 1366, 1367, 1372, 1373, 1374, 1376, 1381, 1382, 1385, 1386, 1387, 1395, 1396, 1397, 1399, 1405, 1406, 1407, 1408, 1409, 1410, 1411, 1422, 1437, 1438, 1453, 1456, 1457, 1459, 1460, 1461, 1462, 1463, 1465, 1466, 1467, 1473, 1474, 1475, 1478, 1479, 1483, 1484, 1485, 1486, 1487, 1488, 1489, 1492, 1493, 1507, 1513, 1514, 1515, 1516, 1517, 1518, 1519, 1520, 1521, 1522, 1523, 1524, 1525, 1526, 1529, 1530, 1531, 1532, 1534, 1536, 1537, 1538, 1540, 1541, 1542, 1543, 1552, 1559, 1560, 1561, 1567, 1568, 1569, 1570, 1571, 1574, 1575, 1576, 1578, 1579, 1581, 1582, 1583, 1592, 1593, 1594, 1596, 1623, 1624, 1625, 1626, 1629, 1630, 1632, 1633, 1634, 1635, 1636, 1637, 1638, 1640, 1641, 1642, 1643, 1644, 1645, 1646, 1648, 1649, 1650, 1652, 1653, 1654, 1655, 1666, 1668, 1669, 1670, 1671, 1672, 1682, 1685, 1686, 1687, 1688, 1695, 1696, 1709, 1710, 1711, 1712, 1713, 1714, 1715, 1716, 1717, 1718, 1719, 1720, 1721, 1722, 1723, 1726, 1727, 1728, 1730, 1731, 1737, 1739, 1740, 1741, 1742, 1743, 1744, 1747, 1748, 1749, 1750, 1751, 1754, 1755, 1757, 1758, 1760, 1766, 1767, 1770, 1773, 1774, 1775, 1776, 1787, 1799, 1810, 1811, 1812, 1907, 1908, 1921, 1924, 1925, 1926, 1927, 1938, 1950, 1961, 2052, 2053, 2066, 2069, 2070, 2071, 2072, 2082, 2084, 2133, 2169, 2170, 2183, 2186, 2187, 2188, 2189, 2190, 2201, 2257, 2321, 2322, 2328, 2329, 2337, 2351, 2354, 2355, 2356, 2357, 2358, 2368, 2381, 2388, 2389, 2390, 2391, 2392, 2393, 2394, 2395, 2396, 2397, 2399, 2400, 2401, 2407, 2408, 2409, 2413, 2414, 2415, 2416, 2427, 2428, 2429, 2430, 2432, 2435, 2436, 2437, 2438, 2439, 2440, 2453, 2454, 2455, 2456, 2457, 2458, 2459, 2465, 2466, 2467, 2468, 2473, 2483, 2484, 2486, 2487, 2488, 2489, 2490, 2495, 2500, 2506, 2507, 2508, 2518, 2519, 2520, 2531, 2544, 2545, 2546, 2547, 2550, 2551, 2552, 2553, 2556, 2559, 2567, 2568, 2576, 2579, 2580, 2615, 2620, 2621, 2622, 2623, 2624, 2625, 2627, 2630, 2631, 2633, 2634, 2635, 2636, 2643, 2644, 2645, 2649, 2650, 2651, 2652, 2655, 2658, 2659, 2661, 2668, 2669, 2670, 2671, 2676, 2677, 2679, 2680, 2681, 2682, 2683, 2686, 2688, 2694, 2695, 2701, 2702, 2703, 2707, 2708, 2710, 2713, 2714, 2715, 2716, 2723, 2724, 2725, 2726, 2727, 2728, 2732, 2738, 2739, 2740, 2741, 2742, 2743, 2744, 2745, 2746, 2747, 2758, 2761, 2762, 2763, 2764, 2765, 2777, 2778, 2784, 2786, 2796, 2798, 2799, 2800, 2801, 2802, 2805, 2806, 2807, 2808, 2811, 2812, 2813, 2814, 2815, 2816, 2817, 2818, 2822, 2823, 2825, 2826, 2827, 2831, 2832, 2836, 2837, 2841, 2842, 2843, 2847, 2848, 2851, 2854, 2863, 2866, 2867, 2868, 2872, 2873, 2874, 2875, 2876, 2880, 2881, 2885, 2886, 2887, 2888, 2889, 2890, 2891, 2895, 2899, 2900, 2913, 2914, 2915, 2921, 2924, 2937, 2954, 2955, 2972, 2973, 2981, 3011, 3012, 3013, 3022, 3028, 3029, 3030, 3031, 3032, 3033, 3034, 3035, 3036, 3037, 3038, 3039, 3040, 3041, 3058, 3062, 3071, 3083, 3090, 3098, 3136, 3139, 3574, 3592, 3603, 3674, 3700, 3725, 3758, 3759, 3762, 3774, 3775, 3786, 3822, 3869, 3889, 3890, 3893, 3894, 3900, 3901, 3904, 3905, 3908, 3909, 3912, 3913, 3916, 3917, 3928, 3929, 3932, 3933, 3951, 3980, 3987, 3990, 3991, 4003, 4011, 4054, 4063, 4066, 4068, 4069, 4070, 4073, 4076, 4077, 4080, 4083, 4104, 4107, 4109, 4118, 4119, 4123, 4133, 4149, 4168, 4169, 4174, 4177, 4184, 4185, 4209, 4226, 4227, 4240, 4243, 4244, 4247, 4253, 4254, 4282, 4283, 4288, 4292, 4301, 4302, 4318, 4333, 4334, 4348, 4355, 4361, 4373, 4376, 4398, 4399, 4402, 4403, 4470, 4482, 4488, 4505, 4506, 4509, 4515, 4521, 4522, 4524, 4525, 4532, 4539, 4642, 4720, 4724, 4726, 4732, 4735, 4736, 4737, 4738, 4739, 4740, 4741, 4742, 4744, 4771, 4782, 4785, 4786, 4796, 4826, 5084, 5116, 5125, 5217, 5228, 5234, 5252, 5266, 5274, 5286, 5303, 5316, 5322, 5323, 5336, 5349, 5360, 5367, 5458, 5459, 5468, 5469, 5479, 5488, 5508, 5610, 5648, 5656, 5660, 5664, 5668, 5669, 5670, 5794, 5835, 5836, 5881, 5883, 5888, 5891, 5915, 5934, 5942, 5953, 6004, 6010, 6080, 6088, 6089, 6221, 6237, 6238, 6252, 6265, 6290, 6297, 6298, 6299, 6351, 6353, 6355, 6356, 6389, 6496, 6505, 6526, 6527, 6528, 6579, 6580, 6581, 6584, 6614, 6623, 6624, 6638, 6640, 6642, 6643, 6644, 6669, 6684, 6685, 6702, 6704, 6706, 6707, 6708, 6710, 6762, 6764, 6766, 6767, 6768, 6774, 6785, 6799, 6813, 6832, 6834, 6859, 6874, 6875, 6904, 6922, 6931, 6932, 7046, 7051, 7054, 7059, 7072, 7128, 7137, 7139, 7145, 7192, 7198, 7200, 7201, 7257, 7265, 7290, 7291, 7355, 7362, 7486, 7495, 7496, 7498, 7499, 7528, 7535, 7553, 7561, 7602, 7625, 7642, 7698, 7741, 7750, 7770, 7772, 7776, 7777, 7793, 7813, 7820, 7821, 7846, 7850, 7851, 7852, 7853, 7854, 7855, 7986, 8047, 8057, 8078, 8123, 8124, 8208, 8218, 8250, 8256, 8281, 8282, 8483, 8588, 8592, 8611, 8622, 8628, 8638, 8657, 8673, 8674, 8675, 8677, 8678, 8691, 8712, 8721, 9009, 9021, 9036, 9052, 9193], "summary": {"covered_lines": 1182, "num_statements": 3426, "percent_covered": 34.50087565674256, "percent_covered_display": "35", "missing_lines": 2244, "excluded_lines": 7, "percent_statements_covered": 34.50087565674256, "percent_statements_covered_display": "35"}, "missing_lines": [117, 118, 119, 120, 130, 131, 132, 144, 145, 146, 150, 163, 164, 165, 168, 169, 170, 171, 177, 187, 190, 213, 214, 217, 226, 231, 232, 233, 234, 235, 236, 237, 242, 243, 246, 247, 250, 251, 255, 256, 257, 258, 277, 278, 279, 302, 303, 304, 305, 306, 307, 308, 314, 315, 316, 317, 318, 319, 320, 321, 322, 323, 329, 330, 332, 333, 334, 335, 336, 337, 338, 341, 343, 344, 345, 346, 347, 348, 349, 352, 353, 360, 361, 408, 409, 410, 411, 418, 421, 422, 425, 435, 436, 440, 448, 511, 512, 513, 527, 561, 562, 563, 564, 565, 566, 567, 570, 571, 572, 595, 596, 597, 598, 601, 602, 603, 604, 607, 608, 609, 612, 615, 616, 619, 620, 621, 622, 641, 642, 643, 644, 645, 646, 647, 648, 649, 652, 655, 666, 727, 728, 729, 730, 737, 740, 741, 742, 743, 774, 775, 780, 783, 784, 785, 786, 788, 789, 790, 799, 800, 801, 804, 805, 806, 807, 808, 809, 811, 812, 813, 814, 815, 816, 817, 818, 821, 822, 823, 824, 825, 835, 836, 837, 838, 839, 840, 843, 844, 845, 846, 847, 848, 855, 856, 857, 858, 859, 861, 865, 866, 867, 869, 872, 874, 875, 876, 877, 881, 882, 883, 884, 885, 888, 889, 893, 894, 895, 898, 899, 900, 901, 902, 903, 904, 905, 906, 913, 914, 927, 928, 929, 936, 937, 938, 939, 940, 953, 954, 955, 958, 959, 960, 961, 962, 969, 970, 971, 972, 973, 974, 975, 1013, 1107, 1111, 1112, 1113, 1114, 1115, 1116, 1119, 1120, 1121, 1124, 1125, 1149, 1150, 1192, 1193, 1303, 1325, 1363, 1383, 1454, 1476, 1490, 1527, 1528, 1533, 1544, 1545, 1546, 1547, 1550, 1572, 1577, 1603, 1604, 1605, 1606, 1607, 1608, 1609, 1610, 1611, 1612, 1613, 1614, 1615, 1616, 1617, 1621, 1627, 1628, 1647, 1683, 1724, 1736, 1745, 1759, 1814, 1815, 1816, 1822, 1823, 1824, 1825, 1826, 1827, 1828, 1829, 1830, 1832, 1837, 1838, 1839, 1840, 1841, 1842, 1843, 1844, 1845, 1847, 1855, 1856, 1857, 1858, 1859, 1860, 1861, 1862, 1863, 1864, 1865, 1866, 1867, 1874, 1894, 1962, 1963, 1965, 1966, 1972, 1973, 1977, 1978, 1979, 1980, 1982, 1987, 1995, 1996, 1997, 1998, 1999, 2000, 2001, 2003, 2004, 2006, 2007, 2008, 2009, 2010, 2011, 2016, 2017, 2018, 2019, 2022, 2026, 2040, 2085, 2086, 2087, 2088, 2089, 2091, 2092, 2093, 2094, 2101, 2102, 2103, 2104, 2105, 2106, 2107, 2108, 2109, 2110, 2111, 2112, 2113, 2114, 2115, 2116, 2117, 2118, 2120, 2134, 2138, 2139, 2140, 2141, 2142, 2146, 2147, 2148, 2149, 2154, 2159, 2202, 2203, 2204, 2209, 2210, 2211, 2212, 2213, 2214, 2216, 2217, 2228, 2232, 2233, 2234, 2235, 2236, 2237, 2238, 2239, 2240, 2241, 2242, 2244, 2258, 2269, 2278, 2286, 2294, 2303, 2311, 2323, 2324, 2325, 2326, 2330, 2331, 2332, 2333, 2334, 2335, 2338, 2410, 2411, 2431, 2433, 2434, 2443, 2444, 2445, 2446, 2447, 2448, 2451, 2485, 2626, 2628, 2629, 2632, 2646, 2696, 2697, 2711, 2717, 2718, 2819, 2824, 2828, 2833, 2838, 2844, 2855, 2856, 2857, 2860, 2869, 2877, 2882, 2892, 2901, 2902, 2903, 2904, 2905, 2906, 2907, 2908, 2916, 2947, 2948, 2949, 2950, 2951, 2952, 2957, 2958, 2959, 2960, 2961, 2962, 2963, 2979, 2990, 2991, 2992, 2993, 2995, 2996, 2997, 2999, 3000, 3001, 3002, 3003, 3004, 3008, 3109, 3110, 3111, 3116, 3118, 3123, 3124, 3125, 3126, 3127, 3128, 3129, 3130, 3131, 3132, 3133, 3134, 3137, 3140, 3431, 3432, 3433, 3434, 3435, 3436, 3437, 3438, 3439, 3440, 3441, 3442, 3443, 3444, 3445, 3446, 3447, 3448, 3449, 3454, 3459, 3464, 3469, 3474, 3479, 3484, 3489, 3494, 3499, 3504, 3509, 3514, 3519, 3524, 3529, 3534, 3539, 3544, 3545, 3550, 3555, 3560, 3566, 3569, 3572, 3575, 3576, 3577, 3578, 3582, 3583, 3584, 3585, 3586, 3590, 3594, 3601, 3605, 3609, 3610, 3653, 3654, 3655, 3656, 3657, 3658, 3661, 3664, 3667, 3670, 3726, 3727, 3728, 3729, 3732, 3738, 3739, 3741, 3742, 3745, 3747, 3753, 3754, 3760, 3763, 3764, 3765, 3766, 3776, 3777, 3778, 3779, 3783, 3784, 3796, 3797, 3820, 3827, 3828, 3829, 3837, 3838, 3839, 3840, 3841, 3842, 3843, 3844, 3845, 3847, 3848, 3849, 3854, 3862, 3874, 3875, 3876, 3877, 3878, 3891, 3895, 3896, 3897, 3898, 3902, 3906, 3910, 3914, 3918, 3919, 3920, 3921, 3922, 3923, 3924, 3925, 3926, 3930, 3936, 3937, 3938, 3939, 3940, 3941, 3942, 3943, 3946, 3947, 3955, 3956, 3958, 3959, 3960, 3961, 3962, 3963, 3964, 3968, 3970, 3971, 3972, 3973, 3974, 3975, 3978, 3981, 3982, 3988, 3989, 3995, 3996, 3997, 3998, 3999, 4005, 4006, 4010, 4055, 4056, 4057, 4058, 4059, 4060, 4061, 4062, 4065, 4067, 4075, 4078, 4079, 4085, 4086, 4087, 4088, 4089, 4090, 4093, 4095, 4096, 4097, 4098, 4100, 4101, 4102, 4103, 4110, 4115, 4116, 4117, 4120, 4125, 4126, 4127, 4128, 4129, 4135, 4136, 4142, 4144, 4145, 4146, 4148, 4157, 4158, 4159, 4160, 4164, 4165, 4166, 4167, 4170, 4176, 4182, 4183, 4190, 4191, 4192, 4193, 4195, 4196, 4197, 4198, 4199, 4200, 4201, 4202, 4203, 4205, 4206, 4207, 4208, 4212, 4213, 4221, 4223, 4224, 4225, 4228, 4229, 4230, 4231, 4232, 4233, 4234, 4238, 4241, 4242, 4246, 4256, 4257, 4262, 4263, 4264, 4265, 4273, 4284, 4285, 4286, 4287, 4296, 4298, 4299, 4300, 4303, 4304, 4305, 4306, 4309, 4311, 4312, 4313, 4315, 4316, 4317, 4320, 4321, 4328, 4329, 4330, 4331, 4335, 4336, 4337, 4339, 4340, 4341, 4346, 4349, 4350, 4351, 4352, 4354, 4356, 4357, 4358, 4359, 4360, 4363, 4364, 4365, 4366, 4367, 4368, 4371, 4374, 4375, 4377, 4378, 4379, 4380, 4381, 4382, 4383, 4384, 4385, 4386, 4387, 4388, 4390, 4391, 4392, 4393, 4394, 4395, 4396, 4397, 4405, 4406, 4407, 4408, 4409, 4410, 4411, 4412, 4413, 4414, 4415, 4419, 4420, 4421, 4422, 4423, 4424, 4425, 4427, 4428, 4429, 4430, 4431, 4433, 4434, 4438, 4439, 4442, 4444, 4445, 4446, 4448, 4449, 4450, 4451, 4452, 4453, 4454, 4455, 4468, 4477, 4478, 4479, 4480, 4481, 4494, 4495, 4507, 4508, 4523, 4545, 4546, 4547, 4548, 4549, 4550, 4551, 4555, 4556, 4560, 4561, 4563, 4564, 4565, 4566, 4567, 4568, 4569, 4570, 4573, 4574, 4575, 4577, 4578, 4579, 4580, 4581, 4582, 4583, 4585, 4586, 4587, 4588, 4589, 4591, 4617, 4618, 4622, 4623, 4628, 4631, 4632, 4637, 4712, 4713, 4717, 4719, 4733, 4734, 4751, 4761, 4781, 4783, 4784, 4789, 4795, 4802, 4804, 4818, 4821, 4847, 4848, 4852, 4854, 4859, 4860, 4861, 4862, 4863, 4864, 4865, 4866, 4868, 4869, 4881, 4888, 4898, 4911, 4912, 4913, 4914, 4915, 4925, 4930, 4931, 4942, 4944, 4960, 4970, 4971, 4972, 4973, 4974, 4975, 4976, 4977, 4986, 5006, 5007, 5013, 5014, 5015, 5016, 5017, 5018, 5019, 5020, 5021, 5022, 5027, 5028, 5029, 5033, 5044, 5069, 5070, 5071, 5081, 5082, 5105, 5106, 5114, 5146, 5147, 5153, 5155, 5159, 5171, 5172, 5173, 5174, 5195, 5196, 5197, 5201, 5203, 5225, 5248, 5265, 5273, 5278, 5282, 5296, 5297, 5301, 5304, 5306, 5307, 5309, 5325, 5326, 5327, 5332, 5333, 5334, 5335, 5340, 5342, 5343, 5352, 5355, 5356, 5366, 5372, 5374, 5375, 5376, 5377, 5378, 5379, 5380, 5381, 5385, 5386, 5387, 5389, 5390, 5396, 5397, 5398, 5399, 5400, 5401, 5402, 5404, 5405, 5406, 5407, 5408, 5409, 5411, 5412, 5420, 5421, 5423, 5424, 5434, 5436, 5444, 5446, 5447, 5448, 5452, 5453, 5454, 5456, 5457, 5460, 5461, 5463, 5465, 5466, 5467, 5476, 5477, 5478, 5480, 5481, 5482, 5483, 5484, 5485, 5486, 5520, 5521, 5528, 5530, 5531, 5532, 5533, 5534, 5535, 5536, 5537, 5538, 5540, 5541, 5542, 5543, 5544, 5545, 5546, 5547, 5548, 5549, 5551, 5552, 5553, 5554, 5555, 5556, 5557, 5559, 5560, 5561, 5562, 5563, 5564, 5568, 5569, 5570, 5572, 5573, 5574, 5576, 5582, 5583, 5584, 5589, 5597, 5599, 5607, 5608, 5641, 5649, 5651, 5652, 5674, 5679, 5680, 5681, 5682, 5683, 5684, 5685, 5687, 5694, 5696, 5697, 5699, 5700, 5702, 5703, 5705, 5707, 5710, 5712, 5713, 5717, 5718, 5720, 5721, 5725, 5726, 5728, 5729, 5731, 5743, 5744, 5752, 5757, 5762, 5772, 5776, 5790, 5840, 5852, 5853, 5857, 5861, 5865, 5869, 5879, 5882, 5893, 5894, 5895, 5897, 5909, 5910, 5911, 5912, 5913, 5914, 5938, 5939, 5940, 5941, 5951, 5965, 5966, 5970, 5973, 5980, 5990, 5991, 5992, 5993, 5994, 5995, 5996, 5997, 5998, 6019, 6020, 6022, 6033, 6034, 6038, 6039, 6045, 6049, 6051, 6052, 6053, 6054, 6064, 6073, 6077, 6078, 6092, 6093, 6095, 6096, 6097, 6098, 6100, 6106, 6107, 6108, 6110, 6121, 6122, 6126, 6127, 6129, 6149, 6151, 6152, 6153, 6155, 6172, 6173, 6174, 6175, 6176, 6177, 6178, 6183, 6184, 6186, 6187, 6188, 6189, 6190, 6191, 6192, 6198, 6199, 6200, 6201, 6202, 6203, 6206, 6207, 6208, 6209, 6217, 6218, 6219, 6220, 6229, 6230, 6231, 6232, 6234, 6235, 6236, 6243, 6244, 6245, 6246, 6247, 6248, 6249, 6251, 6257, 6259, 6273, 6279, 6288, 6304, 6307, 6309, 6316, 6317, 6318, 6319, 6320, 6321, 6322, 6323, 6324, 6325, 6326, 6328, 6329, 6333, 6334, 6335, 6336, 6337, 6339, 6345, 6346, 6347, 6348, 6349, 6350, 6352, 6354, 6360, 6361, 6363, 6374, 6375, 6376, 6377, 6378, 6381, 6382, 6383, 6384, 6385, 6386, 6388, 6413, 6414, 6421, 6423, 6432, 6433, 6437, 6438, 6440, 6443, 6444, 6452, 6453, 6454, 6462, 6464, 6481, 6482, 6483, 6484, 6485, 6486, 6488, 6489, 6490, 6491, 6492, 6495, 6501, 6504, 6529, 6541, 6551, 6552, 6557, 6559, 6560, 6561, 6562, 6563, 6564, 6565, 6566, 6567, 6569, 6570, 6571, 6572, 6573, 6577, 6578, 6582, 6601, 6602, 6603, 6604, 6605, 6606, 6607, 6608, 6609, 6610, 6611, 6612, 6613, 6621, 6622, 6631, 6632, 6633, 6634, 6635, 6636, 6637, 6639, 6641, 6645, 6649, 6651, 6652, 6658, 6659, 6660, 6661, 6662, 6663, 6664, 6668, 6690, 6692, 6698, 6699, 6700, 6701, 6703, 6705, 6717, 6718, 6719, 6720, 6721, 6723, 6724, 6725, 6729, 6730, 6731, 6734, 6745, 6746, 6747, 6749, 6759, 6760, 6761, 6763, 6765, 6769, 6770, 6771, 6772, 6786, 6787, 6788, 6789, 6794, 6797, 6798, 6826, 6827, 6841, 6842, 6850, 6858, 6860, 6861, 6862, 6863, 6864, 6865, 6866, 6873, 6881, 6883, 6889, 6890, 6898, 6912, 6913, 6914, 6915, 6916, 6917, 6918, 6929, 6933, 6934, 6938, 6946, 6953, 6954, 6955, 6956, 6957, 6965, 6972, 6979, 6980, 6981, 6996, 6998, 7005, 7006, 7007, 7008, 7010, 7011, 7012, 7013, 7017, 7018, 7023, 7024, 7025, 7026, 7027, 7028, 7040, 7041, 7044, 7045, 7052, 7055, 7056, 7057, 7091, 7092, 7093, 7094, 7095, 7107, 7108, 7109, 7110, 7119, 7121, 7127, 7129, 7130, 7131, 7146, 7148, 7149, 7158, 7159, 7163, 7164, 7165, 7167, 7168, 7169, 7170, 7171, 7172, 7173, 7188, 7189, 7190, 7191, 7205, 7206, 7207, 7209, 7218, 7219, 7223, 7224, 7228, 7229, 7246, 7250, 7251, 7275, 7276, 7280, 7281, 7285, 7286, 7287, 7289, 7297, 7298, 7299, 7307, 7308, 7310, 7318, 7319, 7326, 7333, 7340, 7341, 7345, 7346, 7349, 7353, 7354, 7368, 7377, 7378, 7382, 7383, 7392, 7399, 7401, 7405, 7406, 7413, 7419, 7428, 7440, 7441, 7442, 7446, 7447, 7448, 7452, 7453, 7457, 7458, 7463, 7464, 7465, 7466, 7468, 7469, 7473, 7474, 7476, 7477, 7478, 7479, 7480, 7484, 7485, 7518, 7519, 7520, 7521, 7522, 7524, 7525, 7527, 7542, 7546, 7547, 7577, 7610, 7611, 7615, 7622, 7623, 7636, 7640, 7641, 7652, 7653, 7658, 7659, 7660, 7662, 7663, 7664, 7674, 7675, 7677, 7679, 7680, 7681, 7682, 7684, 7688, 7689, 7691, 7699, 7705, 7707, 7712, 7713, 7714, 7715, 7716, 7717, 7718, 7719, 7720, 7722, 7724, 7728, 7736, 7737, 7738, 7740, 7767, 7768, 7779, 7783, 7784, 7802, 7819, 7826, 7830, 7831, 7832, 7833, 7834, 7835, 7839, 7841, 7842, 7843, 7845, 7856, 7857, 7858, 7859, 7860, 7861, 7862, 7863, 7865, 7866, 7867, 7868, 7870, 7871, 7872, 7877, 7878, 7879, 7884, 7885, 7886, 7887, 7889, 7890, 7897, 7898, 7900, 7904, 7909, 7910, 7915, 7916, 7918, 7928, 7929, 7930, 7935, 7937, 7938, 7939, 7940, 7941, 7943, 7944, 7945, 7946, 7948, 7949, 7950, 7951, 7952, 7954, 7956, 7957, 7962, 7963, 7969, 7971, 7972, 7973, 7977, 7978, 7979, 7980, 7982, 7983, 7984, 7999, 8000, 8001, 8002, 8003, 8004, 8006, 8007, 8008, 8009, 8010, 8011, 8017, 8019, 8020, 8021, 8022, 8023, 8029, 8036, 8037, 8055, 8063, 8064, 8065, 8066, 8075, 8076, 8126, 8132, 8133, 8135, 8136, 8137, 8138, 8139, 8140, 8141, 8142, 8143, 8144, 8146, 8147, 8149, 8153, 8161, 8162, 8181, 8182, 8183, 8184, 8192, 8198, 8199, 8200, 8226, 8236, 8237, 8238, 8240, 8245, 8280, 8284, 8308, 8309, 8310, 8312, 8313, 8314, 8315, 8320, 8322, 8333, 8350, 8356, 8357, 8358, 8360, 8361, 8362, 8363, 8364, 8366, 8367, 8368, 8369, 8370, 8371, 8372, 8373, 8375, 8376, 8377, 8378, 8379, 8380, 8382, 8389, 8396, 8402, 8411, 8412, 8423, 8424, 8432, 8433, 8437, 8451, 8458, 8462, 8469, 8476, 8479, 8525, 8557, 8563, 8565, 8580, 8581, 8582, 8584, 8585, 8586, 8591, 8600, 8603, 8610, 8619, 8642, 8653, 8660, 8662, 8663, 8665, 8666, 8667, 8669, 8671, 8672, 8676, 8681, 8682, 8683, 8684, 8687, 8688, 8689, 8690, 8692, 8695, 8696, 8697, 8698, 8701, 8702, 8703, 8704, 8705, 8706, 8707, 8708, 8709, 8713, 8714, 8715, 8716, 8717, 8718, 8719, 8720, 8725, 8726, 8729, 8732, 8733, 8734, 8735, 8736, 8740, 8741, 8742, 8745, 8752, 8753, 8754, 8755, 8756, 8757, 8758, 8760, 8763, 8764, 8765, 8766, 8768, 8771, 8772, 8773, 8774, 8775, 8776, 8777, 8778, 8779, 8781, 8784, 8785, 8786, 8787, 8788, 8790, 8793, 8794, 8796, 8797, 8798, 8802, 8811, 8812, 8817, 8822, 8827, 8830, 8834, 8840, 8846, 8850, 8855, 8862, 8866, 8873, 8879, 8883, 8890, 8894, 8900, 8907, 8913, 8917, 8923, 8929, 8933, 8938, 8944, 8948, 8954, 8959, 8966, 8977, 8981, 8982, 8983, 8992, 8998, 9004, 9014, 9025, 9031, 9035, 9041, 9056, 9057, 9058, 9059, 9060, 9062, 9066, 9071, 9077, 9079, 9082, 9090, 9091, 9094, 9101, 9109, 9112, 9119, 9120, 9121, 9124, 9125, 9127, 9128, 9129, 9131, 9132, 9133, 9134, 9135, 9137, 9138, 9139, 9140, 9142, 9152, 9153, 9154, 9155, 9156, 9160, 9161, 9165, 9166, 9170, 9171, 9172, 9173, 9174, 9175, 9176, 9177, 9179, 9180, 9181, 9188, 9191, 9192, 9194, 9195, 9196, 9197, 9198, 9199, 9200, 9201, 9202, 9203, 9205, 9206, 9207, 9209, 9219, 9220, 9221, 9225, 9226, 9227, 9229, 9244, 9245, 9246, 9249, 9250, 9251, 9252, 9253, 9254, 9255, 9256, 9257, 9258, 9259, 9260, 9262, 9265, 9266], "excluded_lines": [34, 35, 36, 43, 44, 45, 46], "functions": {"_validate_email": {"executed_lines": [], "summary": {"covered_lines": 0, "num_statements": 4, "percent_covered": 0.0, "percent_covered_display": "0", "missing_lines": 4, "excluded_lines": 0, "percent_statements_covered": 0.0, "percent_statements_covered_display": "0"}, "missing_lines": [117, 118, 119, 120], "excluded_lines": [], "start_line": 115}, "_extract_dict_keys": {"executed_lines": [], "summary": {"covered_lines": 0, "num_statements": 3, "percent_covered": 0.0, "percent_covered_display": "0", "missing_lines": 3, "excluded_lines": 0, "percent_statements_covered": 0.0, "percent_statements_covered_display": "0"}, "missing_lines": [130, 131, 132], "excluded_lines": [], "start_line": 123}, "_normalize_data_classification": {"executed_lines": [], "summary": {"covered_lines": 0, "num_statements": 4, "percent_covered": 0.0, "percent_covered_display": "0", "missing_lines": 4, "excluded_lines": 0, "percent_statements_covered": 0.0, "percent_statements_covered_display": "0"}, "missing_lines": [144, 145, 146, 150], "excluded_lines": [], "start_line": 143}, "_DocumentTranslationLookup.__init__": {"executed_lines": [], "summary": {"covered_lines": 0, "num_statements": 3, "percent_covered": 0.0, "percent_covered_display": "0", "missing_lines": 3, "excluded_lines": 0, "percent_statements_covered": 0.0, "percent_statements_covered_display": "0"}, "missing_lines": [163, 164, 165], "excluded_lines": [], "start_line": 156}, "_DocumentTranslationLookup.__getitem__": {"executed_lines": [], "summary": {"covered_lines": 0, "num_statements": 5, "percent_covered": 0.0, "percent_covered_display": "0", "missing_lines": 5, "excluded_lines": 0, "percent_statements_covered": 0.0, "percent_statements_covered_display": "0"}, "missing_lines": [168, 169, 170, 171, 177], "excluded_lines": [], "start_line": 167}, "_normalize_text_list": {"executed_lines": [182, 183, 184, 185, 186, 188, 189, 191, 192, 193], "summary": {"covered_lines": 10, "num_statements": 12, "percent_covered": 83.33333333333333, "percent_covered_display": "83", "missing_lines": 2, "excluded_lines": 0, "percent_statements_covered": 83.33333333333333, "percent_statements_covered_display": "83"}, "missing_lines": [187, 190], "excluded_lines": [], "start_line": 180}, "_normalize_connector_key": {"executed_lines": [197], "summary": {"covered_lines": 1, "num_statements": 1, "percent_covered": 100.0, "percent_covered_display": "100", "missing_lines": 0, "excluded_lines": 0, "percent_statements_covered": 100.0, "percent_statements_covered_display": "100"}, "missing_lines": [], "excluded_lines": [], "start_line": 196}, "_read_numeric_env": {"executed_lines": [207, 208, 209, 210, 211, 212, 215, 216, 218], "summary": {"covered_lines": 9, "num_statements": 12, "percent_covered": 75.0, "percent_covered_display": "75", "missing_lines": 3, "excluded_lines": 0, "percent_statements_covered": 75.0, "percent_statements_covered_display": "75"}, "missing_lines": [213, 214, 217], "excluded_lines": [], "start_line": 200}, "_require_https_url": {"executed_lines": [222, 223, 224, 225, 227], "summary": {"covered_lines": 5, "num_statements": 6, "percent_covered": 83.33333333333333, "percent_covered_display": "83", "missing_lines": 1, "excluded_lines": 0, "percent_statements_covered": 83.33333333333333, "percent_statements_covered_display": "83"}, "missing_lines": [226], "excluded_lines": [], "start_line": 221}, "_build_tls_ssl_context": {"executed_lines": [], "summary": {"covered_lines": 0, "num_statements": 7, "percent_covered": 0.0, "percent_covered_display": "0", "missing_lines": 7, "excluded_lines": 0, "percent_statements_covered": 0.0, "percent_statements_covered_display": "0"}, "missing_lines": [231, 232, 233, 234, 235, 236, 237], "excluded_lines": [], "start_line": 230}, "_TLSHttpAdapter.__init__": {"executed_lines": [], "summary": {"covered_lines": 0, "num_statements": 2, "percent_covered": 0.0, "percent_covered_display": "0", "missing_lines": 2, "excluded_lines": 0, "percent_statements_covered": 0.0, "percent_statements_covered_display": "0"}, "missing_lines": [242, 243], "excluded_lines": [], "start_line": 241}, "_TLSHttpAdapter.init_poolmanager": {"executed_lines": [], "summary": {"covered_lines": 0, "num_statements": 2, "percent_covered": 0.0, "percent_covered_display": "0", "missing_lines": 2, "excluded_lines": 0, "percent_statements_covered": 0.0, "percent_statements_covered_display": "0"}, "missing_lines": [246, 247], "excluded_lines": [], "start_line": 245}, "_TLSHttpAdapter.proxy_manager_for": {"executed_lines": [], "summary": {"covered_lines": 0, "num_statements": 2, "percent_covered": 0.0, "percent_covered_display": "0", "missing_lines": 2, "excluded_lines": 0, "percent_statements_covered": 0.0, "percent_statements_covered_display": "0"}, "missing_lines": [250, 251], "excluded_lines": [], "start_line": 249}, "_build_tls_http_session": {"executed_lines": [], "summary": {"covered_lines": 0, "num_statements": 4, "percent_covered": 0.0, "percent_covered_display": "0", "missing_lines": 4, "excluded_lines": 0, "percent_statements_covered": 0.0, "percent_statements_covered_display": "0"}, "missing_lines": [255, 256, 257, 258], "excluded_lines": [], "start_line": 254}, "_TTLCache.__init__": {"executed_lines": [265, 266, 267, 268], "summary": {"covered_lines": 4, "num_statements": 4, "percent_covered": 100.0, "percent_covered_display": "100", "missing_lines": 0, "excluded_lines": 0, "percent_statements_covered": 100.0, "percent_statements_covered_display": "100"}, "missing_lines": [], "excluded_lines": [], "start_line": 264}, "_TTLCache.get": {"executed_lines": [271, 272, 273, 274, 275, 276, 280, 281], "summary": {"covered_lines": 8, "num_statements": 11, "percent_covered": 72.72727272727273, "percent_covered_display": "73", "missing_lines": 3, "excluded_lines": 0, "percent_statements_covered": 72.72727272727273, "percent_statements_covered_display": "73"}, "missing_lines": [277, 278, 279], "excluded_lines": [], "start_line": 270}, "_TTLCache.set": {"executed_lines": [284], "summary": {"covered_lines": 1, "num_statements": 1, "percent_covered": 100.0, "percent_covered_display": "100", "missing_lines": 0, "excluded_lines": 0, "percent_statements_covered": 100.0, "percent_statements_covered_display": "100"}, "missing_lines": [], "excluded_lines": [], "start_line": 283}, "_TTLCache.invalidate": {"executed_lines": [287], "summary": {"covered_lines": 1, "num_statements": 1, "percent_covered": 100.0, "percent_covered_display": "100", "missing_lines": 0, "excluded_lines": 0, "percent_statements_covered": 100.0, "percent_statements_covered_display": "100"}, "missing_lines": [], "excluded_lines": [], "start_line": 286}, "_TTLCache.clear": {"executed_lines": [290], "summary": {"covered_lines": 1, "num_statements": 1, "percent_covered": 100.0, "percent_covered_display": "100", "missing_lines": 0, "excluded_lines": 0, "percent_statements_covered": 100.0, "percent_statements_covered_display": "100"}, "missing_lines": [], "excluded_lines": [], "start_line": 289}, "_TTLCache.stats": {"executed_lines": [293], "summary": {"covered_lines": 1, "num_statements": 1, "percent_covered": 100.0, "percent_covered_display": "100", "missing_lines": 0, "excluded_lines": 0, "percent_statements_covered": 100.0, "percent_statements_covered_display": "100"}, "missing_lines": [], "excluded_lines": [], "start_line": 292}, "_parse_secret_payload": {"executed_lines": [], "summary": {"covered_lines": 0, "num_statements": 7, "percent_covered": 0.0, "percent_covered_display": "0", "missing_lines": 7, "excluded_lines": 0, "percent_statements_covered": 0.0, "percent_statements_covered_display": "0"}, "missing_lines": [302, 303, 304, 305, 306, 307, 308], "excluded_lines": [], "start_line": 301}, "_normalize_connector_configs": {"executed_lines": [], "summary": {"covered_lines": 0, "num_statements": 10, "percent_covered": 0.0, "percent_covered_display": "0", "missing_lines": 10, "excluded_lines": 0, "percent_statements_covered": 0.0, "percent_statements_covered_display": "0"}, "missing_lines": [314, 315, 316, 317, 318, 319, 320, 321, 322, 323], "excluded_lines": [], "start_line": 311}, "_load_connector_configs": {"executed_lines": [], "summary": {"covered_lines": 0, "num_statements": 17, "percent_covered": 0.0, "percent_covered_display": "0", "missing_lines": 17, "excluded_lines": 0, "percent_statements_covered": 0.0, "percent_statements_covered_display": "0"}, "missing_lines": [329, 330, 332, 333, 334, 335, 336, 337, 338, 341, 343, 344, 345, 346, 347, 348, 349], "excluded_lines": [], "start_line": 325}, "_validate_connector_configs": {"executed_lines": [], "summary": {"covered_lines": 0, "num_statements": 2, "percent_covered": 0.0, "percent_covered_display": "0", "missing_lines": 2, "excluded_lines": 0, "percent_statements_covered": 0.0, "percent_statements_covered_display": "0"}, "missing_lines": [352, 353], "excluded_lines": [], "start_line": 351}, "_prometheus_label_value": {"executed_lines": [], "summary": {"covered_lines": 0, "num_statements": 2, "percent_covered": 0.0, "percent_covered_display": "0", "missing_lines": 2, "excluded_lines": 0, "percent_statements_covered": 0.0, "percent_statements_covered_display": "0"}, "missing_lines": [360, 361], "excluded_lines": [], "start_line": 359}, "ConnectorMetricsRegistry.__init__": {"executed_lines": [368, 369], "summary": {"covered_lines": 2, "num_statements": 2, "percent_covered": 100.0, "percent_covered_display": "100", "missing_lines": 0, "excluded_lines": 0, "percent_statements_covered": 100.0, "percent_statements_covered_display": "100"}, "missing_lines": [], "excluded_lines": [], "start_line": 367}, "ConnectorMetricsRegistry.ensure_connector": {"executed_lines": [372, 373], "summary": {"covered_lines": 2, "num_statements": 2, "percent_covered": 100.0, "percent_covered_display": "100", "missing_lines": 0, "excluded_lines": 0, "percent_statements_covered": 100.0, "percent_statements_covered_display": "100"}, "missing_lines": [], "excluded_lines": [], "start_line": 371}, "ConnectorMetricsRegistry.record": {"executed_lines": [391, 392, 401, 402, 403, 404, 405], "summary": {"covered_lines": 7, "num_statements": 7, "percent_covered": 100.0, "percent_covered_display": "100", "missing_lines": 0, "excluded_lines": 0, "percent_statements_covered": 100.0, "percent_statements_covered_display": "100"}, "missing_lines": [], "excluded_lines": [], "start_line": 383}, "ConnectorMetricsRegistry.snapshot": {"executed_lines": [], "summary": {"covered_lines": 0, "num_statements": 5, "percent_covered": 0.0, "percent_covered_display": "0", "missing_lines": 5, "excluded_lines": 0, "percent_statements_covered": 0.0, "percent_statements_covered_display": "0"}, "missing_lines": [408, 409, 410, 411, 418], "excluded_lines": [], "start_line": 407}, "ConnectorMetricsRegistry.reset": {"executed_lines": [], "summary": {"covered_lines": 0, "num_statements": 2, "percent_covered": 0.0, "percent_covered_display": "0", "missing_lines": 2, "excluded_lines": 0, "percent_statements_covered": 0.0, "percent_statements_covered_display": "0"}, "missing_lines": [421, 422], "excluded_lines": [], "start_line": 420}, "ConnectorMetricsRegistry.render_prometheus": {"executed_lines": [], "summary": {"covered_lines": 0, "num_statements": 5, "percent_covered": 0.0, "percent_covered_display": "0", "missing_lines": 5, "excluded_lines": 0, "percent_statements_covered": 0.0, "percent_statements_covered_display": "0"}, "missing_lines": [425, 435, 436, 440, 448], "excluded_lines": [], "start_line": 424}, "ConsentRecord.from_row": {"executed_lines": [], "summary": {"covered_lines": 0, "num_statements": 3, "percent_covered": 0.0, "percent_covered_display": "0", "missing_lines": 3, "excluded_lines": 0, "percent_statements_covered": 0.0, "percent_statements_covered_display": "0"}, "missing_lines": [511, 512, 513], "excluded_lines": [], "start_line": 510}, "ConsentRecord.to_dict": {"executed_lines": [], "summary": {"covered_lines": 0, "num_statements": 1, "percent_covered": 0.0, "percent_covered_display": "0", "missing_lines": 1, "excluded_lines": 0, "percent_statements_covered": 0.0, "percent_statements_covered_display": "0"}, "missing_lines": [527], "excluded_lines": [], "start_line": 526}, "Task.from_row": {"executed_lines": [], "summary": {"covered_lines": 0, "num_statements": 7, "percent_covered": 0.0, "percent_covered_display": "0", "missing_lines": 7, "excluded_lines": 0, "percent_statements_covered": 0.0, "percent_statements_covered_display": "0"}, "missing_lines": [561, 562, 563, 564, 565, 566, 567], "excluded_lines": [], "start_line": 560}, "Task.to_dict": {"executed_lines": [], "summary": {"covered_lines": 0, "num_statements": 3, "percent_covered": 0.0, "percent_covered_display": "0", "missing_lines": 3, "excluded_lines": 0, "percent_statements_covered": 0.0, "percent_statements_covered_display": "0"}, "missing_lines": [570, 571, 572], "excluded_lines": [], "start_line": 569}, "GracefulShutdownController.__init__": {"executed_lines": [], "summary": {"covered_lines": 0, "num_statements": 4, "percent_covered": 0.0, "percent_covered_display": "0", "missing_lines": 4, "excluded_lines": 0, "percent_statements_covered": 0.0, "percent_statements_covered_display": "0"}, "missing_lines": [595, 596, 597, 598], "excluded_lines": [], "start_line": 594}, "GracefulShutdownController.install": {"executed_lines": [], "summary": {"covered_lines": 0, "num_statements": 4, "percent_covered": 0.0, "percent_covered_display": "0", "missing_lines": 4, "excluded_lines": 0, "percent_statements_covered": 0.0, "percent_statements_covered_display": "0"}, "missing_lines": [601, 602, 603, 604], "excluded_lines": [], "start_line": 600}, "GracefulShutdownController.restore": {"executed_lines": [], "summary": {"covered_lines": 0, "num_statements": 3, "percent_covered": 0.0, "percent_covered_display": "0", "missing_lines": 3, "excluded_lines": 0, "percent_statements_covered": 0.0, "percent_statements_covered_display": "0"}, "missing_lines": [607, 608, 609], "excluded_lines": [], "start_line": 606}, "GracefulShutdownController.shutdown_requested": {"executed_lines": [], "summary": {"covered_lines": 0, "num_statements": 1, "percent_covered": 0.0, "percent_covered_display": "0", "missing_lines": 1, "excluded_lines": 0, "percent_statements_covered": 0.0, "percent_statements_covered_display": "0"}, "missing_lines": [612], "excluded_lines": [], "start_line": 611}, "GracefulShutdownController.raise_if_shutdown_requested": {"executed_lines": [], "summary": {"covered_lines": 0, "num_statements": 2, "percent_covered": 0.0, "percent_covered_display": "0", "missing_lines": 2, "excluded_lines": 0, "percent_statements_covered": 0.0, "percent_statements_covered_display": "0"}, "missing_lines": [615, 616], "excluded_lines": [], "start_line": 614}, "GracefulShutdownController._handle_signal": {"executed_lines": [], "summary": {"covered_lines": 0, "num_statements": 4, "percent_covered": 0.0, "percent_covered_display": "0", "missing_lines": 4, "excluded_lines": 0, "percent_statements_covered": 0.0, "percent_statements_covered_display": "0"}, "missing_lines": [619, 620, 621, 622], "excluded_lines": [], "start_line": 618}, "QueueTaskContext.__init__": {"executed_lines": [], "summary": {"covered_lines": 0, "num_statements": 9, "percent_covered": 0.0, "percent_covered_display": "0", "missing_lines": 9, "excluded_lines": 0, "percent_statements_covered": 0.0, "percent_statements_covered_display": "0"}, "missing_lines": [641, 642, 643, 644, 645, 646, 647, 648, 649], "excluded_lines": [], "start_line": 628}, "QueueTaskContext.shutdown_requested": {"executed_lines": [], "summary": {"covered_lines": 0, "num_statements": 1, "percent_covered": 0.0, "percent_covered_display": "0", "missing_lines": 1, "excluded_lines": 0, "percent_statements_covered": 0.0, "percent_statements_covered_display": "0"}, "missing_lines": [652], "excluded_lines": [], "start_line": 651}, "QueueTaskContext.checkpoint": {"executed_lines": [], "summary": {"covered_lines": 0, "num_statements": 1, "percent_covered": 0.0, "percent_covered_display": "0", "missing_lines": 1, "excluded_lines": 0, "percent_statements_covered": 0.0, "percent_statements_covered_display": "0"}, "missing_lines": [655], "excluded_lines": [], "start_line": 654}, "QueueTaskContext.update_progress": {"executed_lines": [], "summary": {"covered_lines": 0, "num_statements": 1, "percent_covered": 0.0, "percent_covered_display": "0", "missing_lines": 1, "excluded_lines": 0, "percent_statements_covered": 0.0, "percent_statements_covered_display": "0"}, "missing_lines": [666], "excluded_lines": [], "start_line": 657}, "BrowserClient.submit": {"executed_lines": [], "summary": {"covered_lines": 0, "num_statements": 0, "percent_covered": 100.0, "percent_covered_display": "100", "missing_lines": 0, "excluded_lines": 0, "percent_statements_covered": 100.0, "percent_statements_covered_display": "100"}, "missing_lines": [], "excluded_lines": [], "start_line": 686}, "PortalConnector.fetch_opportunities": {"executed_lines": [], "summary": {"covered_lines": 0, "num_statements": 0, "percent_covered": 100.0, "percent_covered_display": "100", "missing_lines": 0, "excluded_lines": 0, "percent_statements_covered": 100.0, "percent_statements_covered_display": "100"}, "missing_lines": [], "excluded_lines": [], "start_line": 697}, "PortalConnector.invalidate_cache": {"executed_lines": [], "summary": {"covered_lines": 0, "num_statements": 0, "percent_covered": 100.0, "percent_covered_display": "100", "missing_lines": 0, "excluded_lines": 0, "percent_statements_covered": 100.0, "percent_statements_covered_display": "100"}, "missing_lines": [], "excluded_lines": [], "start_line": 700}, "PortalConnector.cache_metrics": {"executed_lines": [], "summary": {"covered_lines": 0, "num_statements": 0, "percent_covered": 100.0, "percent_covered_display": "100", "missing_lines": 0, "excluded_lines": 0, "percent_statements_covered": 100.0, "percent_statements_covered_display": "100"}, "missing_lines": [], "excluded_lines": [], "start_line": 703}, "PortalConnector.check_health": {"executed_lines": [], "summary": {"covered_lines": 0, "num_statements": 0, "percent_covered": 100.0, "percent_covered_display": "100", "missing_lines": 0, "excluded_lines": 0, "percent_statements_covered": 100.0, "percent_statements_covered_display": "100"}, "missing_lines": [], "excluded_lines": [], "start_line": 706}, "PortalConnector.get_failure_metrics": {"executed_lines": [], "summary": {"covered_lines": 0, "num_statements": 0, "percent_covered": 100.0, "percent_covered_display": "100", "missing_lines": 0, "excluded_lines": 0, "percent_statements_covered": 100.0, "percent_statements_covered_display": "100"}, "missing_lines": [], "excluded_lines": [], "start_line": 709}, "CredentialVault.get_secret": {"executed_lines": [], "summary": {"covered_lines": 0, "num_statements": 0, "percent_covered": 100.0, "percent_covered_display": "100", "missing_lines": 0, "excluded_lines": 0, "percent_statements_covered": 100.0, "percent_statements_covered_display": "100"}, "missing_lines": [], "excluded_lines": [], "start_line": 714}, "AIClient.generate": {"executed_lines": [], "summary": {"covered_lines": 0, "num_statements": 0, "percent_covered": 100.0, "percent_covered_display": "100", "missing_lines": 0, "excluded_lines": 0, "percent_statements_covered": 100.0, "percent_statements_covered_display": "100"}, "missing_lines": [], "excluded_lines": [], "start_line": 719}, "EnvVarVault.get_secret": {"executed_lines": [], "summary": {"covered_lines": 0, "num_statements": 4, "percent_covered": 0.0, "percent_covered_display": "0", "missing_lines": 4, "excluded_lines": 0, "percent_statements_covered": 0.0, "percent_statements_covered_display": "0"}, "missing_lines": [727, 728, 729, 730], "excluded_lines": [], "start_line": 726}, "FileVault.__init__": {"executed_lines": [], "summary": {"covered_lines": 0, "num_statements": 1, "percent_covered": 0.0, "percent_covered_display": "0", "missing_lines": 1, "excluded_lines": 0, "percent_statements_covered": 0.0, "percent_statements_covered_display": "0"}, "missing_lines": [737], "excluded_lines": [], "start_line": 736}, "FileVault.get_secret": {"executed_lines": [], "summary": {"covered_lines": 0, "num_statements": 4, "percent_covered": 0.0, "percent_covered_display": "0", "missing_lines": 4, "excluded_lines": 0, "percent_statements_covered": 0.0, "percent_statements_covered_display": "0"}, "missing_lines": [740, 741, 742, 743], "excluded_lines": [], "start_line": 739}, "OAuth2ClientCredentialsVault.__init__": {"executed_lines": [769, 770, 771, 772, 773, 776, 777], "summary": {"covered_lines": 7, "num_statements": 9, "percent_covered": 77.77777777777777, "percent_covered_display": "78", "missing_lines": 2, "excluded_lines": 0, "percent_statements_covered": 77.77777777777777, "percent_statements_covered_display": "78"}, "missing_lines": [774, 775], "excluded_lines": [], "start_line": 762}, "OAuth2ClientCredentialsVault.get_secret": {"executed_lines": [], "summary": {"covered_lines": 0, "num_statements": 1, "percent_covered": 0.0, "percent_covered_display": "0", "missing_lines": 1, "excluded_lines": 0, "percent_statements_covered": 0.0, "percent_statements_covered_display": "0"}, "missing_lines": [780], "excluded_lines": [], "start_line": 779}, "OAuth2ClientCredentialsVault.resolve_credentials": {"executed_lines": [], "summary": {"covered_lines": 0, "num_statements": 10, "percent_covered": 0.0, "percent_covered_display": "0", "missing_lines": 10, "excluded_lines": 0, "percent_statements_covered": 0.0, "percent_statements_covered_display": "0"}, "missing_lines": [783, 784, 785, 786, 788, 789, 790, 799, 800, 801], "excluded_lines": [], "start_line": 782}, "OAuth2ClientCredentialsVault._extract_oauth2_config": {"executed_lines": [], "summary": {"covered_lines": 0, "num_statements": 19, "percent_covered": 0.0, "percent_covered_display": "0", "missing_lines": 19, "excluded_lines": 0, "percent_statements_covered": 0.0, "percent_statements_covered_display": "0"}, "missing_lines": [804, 805, 806, 807, 808, 809, 811, 812, 813, 814, 815, 816, 817, 818, 821, 822, 823, 824, 825], "excluded_lines": [], "start_line": 803}, "OAuth2ClientCredentialsVault._base_credentials": {"executed_lines": [], "summary": {"covered_lines": 0, "num_statements": 6, "percent_covered": 0.0, "percent_covered_display": "0", "missing_lines": 6, "excluded_lines": 0, "percent_statements_covered": 0.0, "percent_statements_covered_display": "0"}, "missing_lines": [835, 836, 837, 838, 839, 840], "excluded_lines": [], "start_line": 834}, "OAuth2ClientCredentialsVault._get_oauth2_token": {"executed_lines": [], "summary": {"covered_lines": 0, "num_statements": 42, "percent_covered": 0.0, "percent_covered_display": "0", "missing_lines": 42, "excluded_lines": 0, "percent_statements_covered": 0.0, "percent_statements_covered_display": "0"}, "missing_lines": [843, 844, 845, 846, 847, 848, 855, 856, 857, 858, 859, 861, 865, 866, 867, 869, 872, 874, 875, 876, 877, 881, 882, 883, 884, 885, 888, 889, 893, 894, 895, 898, 899, 900, 901, 902, 903, 904, 905, 906, 913, 914], "excluded_lines": [], "start_line": 842}, "OAuth2ClientCredentialsVault._default_token_http_client": {"executed_lines": [], "summary": {"covered_lines": 0, "num_statements": 8, "percent_covered": 0.0, "percent_covered_display": "0", "missing_lines": 8, "excluded_lines": 0, "percent_statements_covered": 0.0, "percent_statements_covered_display": "0"}, "missing_lines": [927, 928, 929, 936, 937, 938, 939, 940], "excluded_lines": [], "start_line": 922}, "_perform_json_request": {"executed_lines": [], "summary": {"covered_lines": 0, "num_statements": 15, "percent_covered": 0.0, "percent_covered_display": "0", "missing_lines": 15, "excluded_lines": 0, "percent_statements_covered": 0.0, "percent_statements_covered_display": "0"}, "missing_lines": [953, 954, 955, 958, 959, 960, 961, 962, 969, 970, 971, 972, 973, 974, 975], "excluded_lines": [], "start_line": 943}, "TokenBucketRateLimiter.__init__": {"executed_lines": [990, 991, 992, 993, 994], "summary": {"covered_lines": 5, "num_statements": 5, "percent_covered": 100.0, "percent_covered_display": "100", "missing_lines": 0, "excluded_lines": 0, "percent_statements_covered": 100.0, "percent_statements_covered_display": "100"}, "missing_lines": [], "excluded_lines": [], "start_line": 983}, "TokenBucketRateLimiter._refill": {"executed_lines": [997, 998, 999, 1000, 1001], "summary": {"covered_lines": 5, "num_statements": 5, "percent_covered": 100.0, "percent_covered_display": "100", "missing_lines": 0, "excluded_lines": 0, "percent_statements_covered": 100.0, "percent_statements_covered_display": "100"}, "missing_lines": [], "excluded_lines": [], "start_line": 996}, "TokenBucketRateLimiter.consume": {"executed_lines": [1007, 1008, 1009, 1010, 1011, 1012, 1014], "summary": {"covered_lines": 7, "num_statements": 8, "percent_covered": 87.5, "percent_covered_display": "88", "missing_lines": 1, "excluded_lines": 0, "percent_statements_covered": 87.5, "percent_statements_covered_display": "88"}, "missing_lines": [1013], "excluded_lines": [], "start_line": 1006}, "TokenBucketRateLimiter.available_tokens": {"executed_lines": [1018, 1019], "summary": {"covered_lines": 2, "num_statements": 2, "percent_covered": 100.0, "percent_covered_display": "100", "missing_lines": 0, "excluded_lines": 0, "percent_statements_covered": 100.0, "percent_statements_covered_display": "100"}, "missing_lines": [], "excluded_lines": [], "start_line": 1017}, "_BasePortalConnector.__init__": {"executed_lines": [1056, 1057, 1061, 1062, 1063, 1064, 1065, 1066, 1067, 1068, 1069, 1070, 1071, 1072, 1073, 1074, 1075, 1076, 1077, 1078, 1079, 1080, 1085, 1086, 1087, 1088, 1089, 1090], "summary": {"covered_lines": 28, "num_statements": 28, "percent_covered": 100.0, "percent_covered_display": "100", "missing_lines": 0, "excluded_lines": 0, "percent_statements_covered": 100.0, "percent_statements_covered_display": "100"}, "missing_lines": [], "excluded_lines": [], "start_line": 1032}, "_BasePortalConnector._wrap_credential_vault": {"executed_lines": [1106, 1108], "summary": {"covered_lines": 2, "num_statements": 3, "percent_covered": 66.66666666666667, "percent_covered_display": "67", "missing_lines": 1, "excluded_lines": 0, "percent_statements_covered": 66.66666666666667, "percent_statements_covered_display": "67"}, "missing_lines": [1107], "excluded_lines": [], "start_line": 1103}, "_BasePortalConnector._get_resolved_credentials": {"executed_lines": [], "summary": {"covered_lines": 0, "num_statements": 6, "percent_covered": 0.0, "percent_covered_display": "0", "missing_lines": 6, "excluded_lines": 0, "percent_statements_covered": 0.0, "percent_statements_covered_display": "0"}, "missing_lines": [1111, 1112, 1113, 1114, 1115, 1116], "excluded_lines": [], "start_line": 1110}, "_BasePortalConnector._get_request_session": {"executed_lines": [], "summary": {"covered_lines": 0, "num_statements": 5, "percent_covered": 0.0, "percent_covered_display": "0", "missing_lines": 5, "excluded_lines": 0, "percent_statements_covered": 0.0, "percent_statements_covered_display": "0"}, "missing_lines": [1119, 1120, 1121, 1124, 1125], "excluded_lines": [], "start_line": 1118}, "_BasePortalConnector._resolve_page_size": {"executed_lines": [1128, 1129, 1134, 1135, 1136, 1137, 1138, 1139], "summary": {"covered_lines": 8, "num_statements": 8, "percent_covered": 100.0, "percent_covered_display": "100", "missing_lines": 0, "excluded_lines": 0, "percent_statements_covered": 100.0, "percent_statements_covered_display": "100"}, "missing_lines": [], "excluded_lines": [], "start_line": 1127}, "_BasePortalConnector._resolve_cache_ttl": {"executed_lines": [1142, 1143, 1147, 1148, 1151, 1152, 1153], "summary": {"covered_lines": 7, "num_statements": 9, "percent_covered": 77.77777777777777, "percent_covered_display": "78", "missing_lines": 2, "excluded_lines": 0, "percent_statements_covered": 77.77777777777777, "percent_statements_covered_display": "78"}, "missing_lines": [1149, 1150], "excluded_lines": [], "start_line": 1141}, "_BasePortalConnector._config_prefix": {"executed_lines": [1156], "summary": {"covered_lines": 1, "num_statements": 1, "percent_covered": 100.0, "percent_covered_display": "100", "missing_lines": 0, "excluded_lines": 0, "percent_statements_covered": 100.0, "percent_statements_covered_display": "100"}, "missing_lines": [], "excluded_lines": [], "start_line": 1155}, "_BasePortalConnector._resolve_rate_limit_config": {"executed_lines": [1159, 1160, 1161, 1174, 1187], "summary": {"covered_lines": 5, "num_statements": 5, "percent_covered": 100.0, "percent_covered_display": "100", "missing_lines": 0, "excluded_lines": 0, "percent_statements_covered": 100.0, "percent_statements_covered_display": "100"}, "missing_lines": [], "excluded_lines": [], "start_line": 1158}, "_BasePortalConnector.fetch_opportunities": {"executed_lines": [1190, 1191], "summary": {"covered_lines": 2, "num_statements": 4, "percent_covered": 50.0, "percent_covered_display": "50", "missing_lines": 2, "excluded_lines": 0, "percent_statements_covered": 50.0, "percent_statements_covered_display": "50"}, "missing_lines": [1192, 1193], "excluded_lines": [], "start_line": 1189}, "_BasePortalConnector.fetch_result": {"executed_lines": [1196, 1197, 1198, 1199, 1200, 1201, 1202, 1203, 1204, 1205, 1211, 1212, 1213, 1214, 1218, 1220, 1221, 1222, 1223, 1224, 1225, 1226, 1229, 1230, 1231, 1236, 1237, 1238, 1239, 1240, 1241, 1247, 1253, 1262, 1263, 1272, 1273, 1274, 1282, 1284], "summary": {"covered_lines": 40, "num_statements": 40, "percent_covered": 100.0, "percent_covered_display": "100", "missing_lines": 0, "excluded_lines": 0, "percent_statements_covered": 100.0, "percent_statements_covered_display": "100"}, "missing_lines": [], "excluded_lines": [], "start_line": 1195}, "_BasePortalConnector.build_cache_key": {"executed_lines": [1292], "summary": {"covered_lines": 1, "num_statements": 1, "percent_covered": 100.0, "percent_covered_display": "100", "missing_lines": 0, "excluded_lines": 0, "percent_statements_covered": 100.0, "percent_statements_covered_display": "100"}, "missing_lines": [], "excluded_lines": [], "start_line": 1291}, "_BasePortalConnector.invalidate_cache": {"executed_lines": [1302, 1304, 1305, 1306, 1307], "summary": {"covered_lines": 5, "num_statements": 6, "percent_covered": 83.33333333333333, "percent_covered_display": "83", "missing_lines": 1, "excluded_lines": 0, "percent_statements_covered": 83.33333333333333, "percent_statements_covered_display": "83"}, "missing_lines": [1303], "excluded_lines": [], "start_line": 1301}, "_BasePortalConnector.cache_metrics": {"executed_lines": [1310, 1311], "summary": {"covered_lines": 2, "num_statements": 2, "percent_covered": 100.0, "percent_covered_display": "100", "missing_lines": 0, "excluded_lines": 0, "percent_statements_covered": 100.0, "percent_statements_covered_display": "100"}, "missing_lines": [], "excluded_lines": [], "start_line": 1309}, "_BasePortalConnector._cache_key": {"executed_lines": [1318], "summary": {"covered_lines": 1, "num_statements": 1, "percent_covered": 100.0, "percent_covered_display": "100", "missing_lines": 0, "excluded_lines": 0, "percent_statements_covered": 100.0, "percent_statements_covered_display": "100"}, "missing_lines": [], "excluded_lines": [], "start_line": 1317}, "_BasePortalConnector.default_fallback_results": {"executed_lines": [], "summary": {"covered_lines": 0, "num_statements": 1, "percent_covered": 0.0, "percent_covered_display": "0", "missing_lines": 1, "excluded_lines": 0, "percent_statements_covered": 0.0, "percent_statements_covered_display": "0"}, "missing_lines": [1325], "excluded_lines": [], "start_line": 1324}, "_BasePortalConnector._build_degraded_result": {"executed_lines": [1334], "summary": {"covered_lines": 1, "num_statements": 1, "percent_covered": 100.0, "percent_covered_display": "100", "missing_lines": 0, "excluded_lines": 0, "percent_statements_covered": 100.0, "percent_statements_covered_display": "100"}, "missing_lines": [], "excluded_lines": [], "start_line": 1327}, "_BasePortalConnector.get_keyword_category_mappings": {"executed_lines": [1348, 1349, 1350, 1353, 1354, 1358], "summary": {"covered_lines": 6, "num_statements": 6, "percent_covered": 100.0, "percent_covered_display": "100", "missing_lines": 0, "excluded_lines": 0, "percent_statements_covered": 100.0, "percent_statements_covered_display": "100"}, "missing_lines": [], "excluded_lines": [], "start_line": 1347}, "_BasePortalConnector._expand_keywords": {"executed_lines": [1361, 1362, 1365, 1366, 1367, 1372, 1373, 1374], "summary": {"covered_lines": 8, "num_statements": 9, "percent_covered": 88.88888888888889, "percent_covered_display": "89", "missing_lines": 1, "excluded_lines": 0, "percent_statements_covered": 88.88888888888889, "percent_statements_covered_display": "89"}, "missing_lines": [1363], "excluded_lines": [], "start_line": 1360}, "_BasePortalConnector._filter_opportunities": {"executed_lines": [1381, 1382, 1385, 1386, 1387, 1395, 1396, 1397], "summary": {"covered_lines": 8, "num_statements": 9, "percent_covered": 88.88888888888889, "percent_covered_display": "89", "missing_lines": 1, "excluded_lines": 0, "percent_statements_covered": 88.88888888888889, "percent_statements_covered_display": "89"}, "missing_lines": [1383], "excluded_lines": [], "start_line": 1376}, "_BasePortalConnector.validate_connectivity": {"executed_lines": [1405, 1406, 1407, 1408, 1409, 1410, 1411, 1422, 1437, 1438], "summary": {"covered_lines": 10, "num_statements": 10, "percent_covered": 100.0, "percent_covered_display": "100", "missing_lines": 0, "excluded_lines": 0, "percent_statements_covered": 100.0, "percent_statements_covered_display": "100"}, "missing_lines": [], "excluded_lines": [], "start_line": 1399}, "_BasePortalConnector._fetch_remote": {"executed_lines": [], "summary": {"covered_lines": 0, "num_statements": 1, "percent_covered": 0.0, "percent_covered_display": "0", "missing_lines": 1, "excluded_lines": 0, "percent_statements_covered": 0.0, "percent_statements_covered_display": "0"}, "missing_lines": [1454], "excluded_lines": [], "start_line": 1453}, "_BasePortalConnector._fetch_remote_result": {"executed_lines": [1457, 1459, 1460, 1461, 1462, 1463, 1465, 1466, 1478, 1479, 1483, 1484, 1485, 1486, 1487, 1488, 1489, 1492, 1493], "summary": {"covered_lines": 19, "num_statements": 20, "percent_covered": 95.0, "percent_covered_display": "95", "missing_lines": 1, "excluded_lines": 0, "percent_statements_covered": 95.0, "percent_statements_covered_display": "95"}, "missing_lines": [1490], "excluded_lines": [], "start_line": 1456}, "_BasePortalConnector._fetch_remote_result.operation": {"executed_lines": [1467, 1473, 1474, 1475], "summary": {"covered_lines": 4, "num_statements": 5, "percent_covered": 80.0, "percent_covered_display": "80", "missing_lines": 1, "excluded_lines": 0, "percent_statements_covered": 80.0, "percent_statements_covered_display": "80"}, "missing_lines": [1476], "excluded_lines": [], "start_line": 1466}, "_BasePortalConnector._parse_remote_page": {"executed_lines": [1513, 1514, 1515, 1516, 1517, 1518, 1519, 1520, 1521, 1522, 1523, 1524, 1525, 1526, 1529, 1530, 1531, 1532, 1534, 1536, 1537, 1538], "summary": {"covered_lines": 22, "num_statements": 25, "percent_covered": 88.0, "percent_covered_display": "88", "missing_lines": 3, "excluded_lines": 0, "percent_statements_covered": 88.0, "percent_statements_covered_display": "88"}, "missing_lines": [1527, 1528, 1533], "excluded_lines": [], "start_line": 1507}, "_BasePortalConnector._throttle_remote_request": {"executed_lines": [1541, 1542, 1543], "summary": {"covered_lines": 3, "num_statements": 8, "percent_covered": 37.5, "percent_covered_display": "38", "missing_lines": 5, "excluded_lines": 0, "percent_statements_covered": 37.5, "percent_statements_covered_display": "38"}, "missing_lines": [1544, 1545, 1546, 1547, 1550], "excluded_lines": [], "start_line": 1540}, "_BasePortalConnector._invoke_http_get_client": {"executed_lines": [1559, 1560, 1561, 1567, 1568, 1569, 1570, 1571, 1574, 1575, 1576, 1578, 1579, 1581, 1582, 1583, 1592, 1593, 1594], "summary": {"covered_lines": 19, "num_statements": 21, "percent_covered": 90.47619047619048, "percent_covered_display": "90", "missing_lines": 2, "excluded_lines": 0, "percent_statements_covered": 90.47619047619048, "percent_statements_covered_display": "90"}, "missing_lines": [1572, 1577], "excluded_lines": [], "start_line": 1552}, "_BasePortalConnector._fetch_remote_json": {"executed_lines": [], "summary": {"covered_lines": 0, "num_statements": 2, "percent_covered": 0.0, "percent_covered_display": "0", "missing_lines": 2, "excluded_lines": 0, "percent_statements_covered": 0.0, "percent_statements_covered_display": "0"}, "missing_lines": [1603, 1621], "excluded_lines": [], "start_line": 1596}, "_BasePortalConnector._fetch_remote_json.operation": {"executed_lines": [], "summary": {"covered_lines": 0, "num_statements": 14, "percent_covered": 0.0, "percent_covered_display": "0", "missing_lines": 14, "excluded_lines": 0, "percent_statements_covered": 0.0, "percent_statements_covered_display": "0"}, "missing_lines": [1604, 1605, 1606, 1607, 1608, 1609, 1610, 1611, 1612, 1613, 1614, 1615, 1616, 1617], "excluded_lines": [], "start_line": 1603}, "_BasePortalConnector.detect_schema_version": {"executed_lines": [1624, 1625, 1626, 1629, 1630, 1632, 1633, 1634, 1635, 1636, 1637, 1638], "summary": {"covered_lines": 12, "num_statements": 14, "percent_covered": 85.71428571428571, "percent_covered_display": "86", "missing_lines": 2, "excluded_lines": 0, "percent_statements_covered": 85.71428571428571, "percent_statements_covered_display": "86"}, "missing_lines": [1627, 1628], "excluded_lines": [], "start_line": 1623}, "_BasePortalConnector.migrate_result_payload": {"executed_lines": [1641, 1642, 1643, 1644, 1645, 1646, 1648, 1649, 1650], "summary": {"covered_lines": 9, "num_statements": 10, "percent_covered": 90.0, "percent_covered_display": "90", "missing_lines": 1, "excluded_lines": 0, "percent_statements_covered": 90.0, "percent_statements_covered_display": "90"}, "missing_lines": [1647], "excluded_lines": [], "start_line": 1640}, "_BasePortalConnector._migrate_schema_v1_to_v2": {"executed_lines": [1653, 1654, 1655, 1666], "summary": {"covered_lines": 4, "num_statements": 4, "percent_covered": 100.0, "percent_covered_display": "100", "missing_lines": 0, "excluded_lines": 0, "percent_statements_covered": 100.0, "percent_statements_covered_display": "100"}, "missing_lines": [], "excluded_lines": [], "start_line": 1652}, "_BasePortalConnector._normalize_current_record": {"executed_lines": [1669, 1670, 1671, 1672], "summary": {"covered_lines": 4, "num_statements": 4, "percent_covered": 100.0, "percent_covered_display": "100", "missing_lines": 0, "excluded_lines": 0, "percent_statements_covered": 100.0, "percent_statements_covered_display": "100"}, "missing_lines": [], "excluded_lines": [], "start_line": 1668}, "_BasePortalConnector._demo_data": {"executed_lines": [], "summary": {"covered_lines": 0, "num_statements": 1, "percent_covered": 0.0, "percent_covered_display": "0", "missing_lines": 1, "excluded_lines": 0, "percent_statements_covered": 0.0, "percent_statements_covered_display": "0"}, "missing_lines": [1683], "excluded_lines": [], "start_line": 1682}, "_BasePortalConnector.check_health": {"executed_lines": [1686, 1687, 1688], "summary": {"covered_lines": 3, "num_statements": 3, "percent_covered": 100.0, "percent_covered_display": "100", "missing_lines": 0, "excluded_lines": 0, "percent_statements_covered": 100.0, "percent_statements_covered_display": "100"}, "missing_lines": [], "excluded_lines": [], "start_line": 1685}, "_BasePortalConnector.get_failure_metrics": {"executed_lines": [1696], "summary": {"covered_lines": 1, "num_statements": 1, "percent_covered": 100.0, "percent_covered_display": "100", "missing_lines": 0, "excluded_lines": 0, "percent_statements_covered": 100.0, "percent_statements_covered_display": "100"}, "missing_lines": [], "excluded_lines": [], "start_line": 1695}, "_BasePortalConnector._call_with_retry": {"executed_lines": [1710, 1711, 1712, 1713, 1714, 1715, 1716, 1717, 1718, 1719, 1720, 1721, 1722, 1723], "summary": {"covered_lines": 14, "num_statements": 15, "percent_covered": 93.33333333333333, "percent_covered_display": "93", "missing_lines": 1, "excluded_lines": 0, "percent_statements_covered": 93.33333333333333, "percent_statements_covered_display": "93"}, "missing_lines": [1724], "excluded_lines": [], "start_line": 1709}, "_BasePortalConnector._is_retryable": {"executed_lines": [1728], "summary": {"covered_lines": 1, "num_statements": 1, "percent_covered": 100.0, "percent_covered_display": "100", "missing_lines": 0, "excluded_lines": 0, "percent_statements_covered": 100.0, "percent_statements_covered_display": "100"}, "missing_lines": [], "excluded_lines": [], "start_line": 1727}, "_BasePortalConnector._refresh_circuit_state": {"executed_lines": [1731, 1737], "summary": {"covered_lines": 2, "num_statements": 3, "percent_covered": 66.66666666666667, "percent_covered_display": "67", "missing_lines": 1, "excluded_lines": 0, "percent_statements_covered": 66.66666666666667, "percent_statements_covered_display": "67"}, "missing_lines": [1736], "excluded_lines": [], "start_line": 1730}, "_BasePortalConnector._record_success": {"executed_lines": [1740, 1741, 1742, 1743, 1744], "summary": {"covered_lines": 5, "num_statements": 6, "percent_covered": 83.33333333333333, "percent_covered_display": "83", "missing_lines": 1, "excluded_lines": 0, "percent_statements_covered": 83.33333333333333, "percent_statements_covered_display": "83"}, "missing_lines": [1745], "excluded_lines": [], "start_line": 1739}, "_BasePortalConnector._record_failure": {"executed_lines": [1748, 1749, 1750, 1751, 1754, 1755], "summary": {"covered_lines": 6, "num_statements": 6, "percent_covered": 100.0, "percent_covered_display": "100", "missing_lines": 0, "excluded_lines": 0, "percent_statements_covered": 100.0, "percent_statements_covered_display": "100"}, "missing_lines": [], "excluded_lines": [], "start_line": 1747}, "_BasePortalConnector._transition_circuit": {"executed_lines": [1758, 1760, 1766, 1767], "summary": {"covered_lines": 4, "num_statements": 5, "percent_covered": 80.0, "percent_covered_display": "80", "missing_lines": 1, "excluded_lines": 0, "percent_statements_covered": 80.0, "percent_statements_covered_display": "80"}, "missing_lines": [1759], "excluded_lines": [], "start_line": 1757}, "GrantsPortalConnector.__init__": {"executed_lines": [1799], "summary": {"covered_lines": 1, "num_statements": 1, "percent_covered": 100.0, "percent_covered_display": "100", "missing_lines": 0, "excluded_lines": 0, "percent_statements_covered": 100.0, "percent_statements_covered_display": "100"}, "missing_lines": [], "excluded_lines": [], "start_line": 1787}, "GrantsPortalConnector._fetch_remote_result": {"executed_lines": [1811, 1812], "summary": {"covered_lines": 2, "num_statements": 40, "percent_covered": 5.0, "percent_covered_display": "5", "missing_lines": 38, "excluded_lines": 0, "percent_statements_covered": 5.0, "percent_statements_covered_display": "5"}, "missing_lines": [1814, 1815, 1816, 1822, 1823, 1824, 1825, 1826, 1827, 1828, 1829, 1830, 1832, 1837, 1838, 1839, 1840, 1841, 1842, 1843, 1844, 1845, 1847, 1855, 1856, 1857, 1858, 1859, 1860, 1861, 1862, 1863, 1864, 1865, 1866, 1867, 1874, 1894], "excluded_lines": [], "start_line": 1810}, "GrantsPortalConnector._demo_data": {"executed_lines": [1908], "summary": {"covered_lines": 1, "num_statements": 1, "percent_covered": 100.0, "percent_covered_display": "100", "missing_lines": 0, "excluded_lines": 0, "percent_statements_covered": 100.0, "percent_statements_covered_display": "100"}, "missing_lines": [], "excluded_lines": [], "start_line": 1907}, "CSRNetworkConnector.__init__": {"executed_lines": [1950], "summary": {"covered_lines": 1, "num_statements": 1, "percent_covered": 100.0, "percent_covered_display": "100", "missing_lines": 0, "excluded_lines": 0, "percent_statements_covered": 100.0, "percent_statements_covered_display": "100"}, "missing_lines": [], "excluded_lines": [], "start_line": 1938}, "CSRNetworkConnector._fetch_remote_result": {"executed_lines": [], "summary": {"covered_lines": 0, "num_statements": 34, "percent_covered": 0.0, "percent_covered_display": "0", "missing_lines": 34, "excluded_lines": 0, "percent_statements_covered": 0.0, "percent_statements_covered_display": "0"}, "missing_lines": [1962, 1963, 1965, 1966, 1972, 1973, 1977, 1978, 1979, 1980, 1982, 1987, 1995, 1996, 1997, 1998, 1999, 2000, 2001, 2003, 2004, 2006, 2007, 2008, 2009, 2010, 2011, 2016, 2017, 2018, 2019, 2022, 2026, 2040], "excluded_lines": [], "start_line": 1961}, "CSRNetworkConnector._demo_data": {"executed_lines": [2053], "summary": {"covered_lines": 1, "num_statements": 1, "percent_covered": 100.0, "percent_covered_display": "100", "missing_lines": 0, "excluded_lines": 0, "percent_statements_covered": 100.0, "percent_statements_covered_display": "100"}, "missing_lines": [], "excluded_lines": [], "start_line": 2052}, "NGODirectoryConnector._fetch_remote_result": {"executed_lines": [], "summary": {"covered_lines": 0, "num_statements": 28, "percent_covered": 0.0, "percent_covered_display": "0", "missing_lines": 28, "excluded_lines": 0, "percent_statements_covered": 0.0, "percent_statements_covered_display": "0"}, "missing_lines": [2085, 2086, 2087, 2088, 2089, 2091, 2092, 2093, 2094, 2101, 2102, 2103, 2104, 2105, 2106, 2107, 2108, 2109, 2110, 2111, 2112, 2113, 2114, 2115, 2116, 2117, 2118, 2120], "excluded_lines": [], "start_line": 2084}, "NGODirectoryConnector._normalize_live_ngo_record": {"executed_lines": [], "summary": {"covered_lines": 0, "num_statements": 12, "percent_covered": 0.0, "percent_covered_display": "0", "missing_lines": 12, "excluded_lines": 0, "percent_statements_covered": 0.0, "percent_statements_covered_display": "0"}, "missing_lines": [2134, 2138, 2139, 2140, 2141, 2142, 2146, 2147, 2148, 2149, 2154, 2159], "excluded_lines": [], "start_line": 2133}, "NGODirectoryConnector._demo_data": {"executed_lines": [2170], "summary": {"covered_lines": 1, "num_statements": 1, "percent_covered": 100.0, "percent_covered_display": "100", "missing_lines": 0, "excluded_lines": 0, "percent_statements_covered": 100.0, "percent_statements_covered_display": "100"}, "missing_lines": [], "excluded_lines": [], "start_line": 2169}, "FoundationDirectoryConnector._fetch_remote_result": {"executed_lines": [], "summary": {"covered_lines": 0, "num_statements": 24, "percent_covered": 0.0, "percent_covered_display": "0", "missing_lines": 24, "excluded_lines": 0, "percent_statements_covered": 0.0, "percent_statements_covered_display": "0"}, "missing_lines": [2202, 2203, 2204, 2209, 2210, 2211, 2212, 2213, 2214, 2216, 2217, 2228, 2232, 2233, 2234, 2235, 2236, 2237, 2238, 2239, 2240, 2241, 2242, 2244], "excluded_lines": [], "start_line": 2201}, "FoundationDirectoryConnector._normalize_foundation_record": {"executed_lines": [], "summary": {"covered_lines": 0, "num_statements": 7, "percent_covered": 0.0, "percent_covered_display": "0", "missing_lines": 7, "excluded_lines": 0, "percent_statements_covered": 0.0, "percent_statements_covered_display": "0"}, "missing_lines": [2258, 2269, 2278, 2286, 2294, 2303, 2311], "excluded_lines": [], "start_line": 2257}, "FoundationDirectoryConnector._first_non_empty": {"executed_lines": [], "summary": {"covered_lines": 0, "num_statements": 4, "percent_covered": 0.0, "percent_covered_display": "0", "missing_lines": 4, "excluded_lines": 0, "percent_statements_covered": 0.0, "percent_statements_covered_display": "0"}, "missing_lines": [2323, 2324, 2325, 2326], "excluded_lines": [], "start_line": 2322}, "FoundationDirectoryConnector._nested_value": {"executed_lines": [], "summary": {"covered_lines": 0, "num_statements": 6, "percent_covered": 0.0, "percent_covered_display": "0", "missing_lines": 6, "excluded_lines": 0, "percent_statements_covered": 0.0, "percent_statements_covered_display": "0"}, "missing_lines": [2330, 2331, 2332, 2333, 2334, 2335], "excluded_lines": [], "start_line": 2329}, "FoundationDirectoryConnector._demo_data": {"executed_lines": [], "summary": {"covered_lines": 0, "num_statements": 1, "percent_covered": 0.0, "percent_covered_display": "0", "missing_lines": 1, "excluded_lines": 0, "percent_statements_covered": 0.0, "percent_statements_covered_display": "0"}, "missing_lines": [2338], "excluded_lines": [], "start_line": 2337}, "CrowdfundingConnector.__init__": {"executed_lines": [2388, 2389, 2390, 2391, 2392, 2393, 2394, 2395, 2396, 2397], "summary": {"covered_lines": 10, "num_statements": 10, "percent_covered": 100.0, "percent_covered_display": "100", "missing_lines": 0, "excluded_lines": 0, "percent_statements_covered": 100.0, "percent_statements_covered_display": "100"}, "missing_lines": [], "excluded_lines": [], "start_line": 2381}, "CrowdfundingConnector._fetch_remote_result": {"executed_lines": [2400, 2401, 2407, 2413, 2414, 2415, 2416], "summary": {"covered_lines": 7, "num_statements": 7, "percent_covered": 100.0, "percent_covered_display": "100", "missing_lines": 0, "excluded_lines": 0, "percent_statements_covered": 100.0, "percent_statements_covered_display": "100"}, "missing_lines": [], "excluded_lines": [], "start_line": 2399}, "CrowdfundingConnector._fetch_remote_result.operation": {"executed_lines": [2408, 2409], "summary": {"covered_lines": 2, "num_statements": 4, "percent_covered": 50.0, "percent_covered_display": "50", "missing_lines": 2, "excluded_lines": 0, "percent_statements_covered": 50.0, "percent_statements_covered_display": "50"}, "missing_lines": [2410, 2411], "excluded_lines": [], "start_line": 2407}, "CrowdfundingConnector._extract_platform_rows": {"executed_lines": [2428, 2429, 2430, 2432, 2435, 2436, 2437, 2438, 2439, 2440], "summary": {"covered_lines": 10, "num_statements": 20, "percent_covered": 50.0, "percent_covered_display": "50", "missing_lines": 10, "excluded_lines": 0, "percent_statements_covered": 50.0, "percent_statements_covered_display": "50"}, "missing_lines": [2431, 2433, 2434, 2443, 2444, 2445, 2446, 2447, 2448, 2451], "excluded_lines": [], "start_line": 2427}, "CrowdfundingConnector._normalize_platform_row": {"executed_lines": [2454, 2455, 2456, 2457, 2458, 2459, 2465, 2466, 2467, 2468, 2473, 2483, 2484, 2486, 2487, 2488, 2489, 2490, 2495, 2500, 2506, 2507, 2508], "summary": {"covered_lines": 23, "num_statements": 24, "percent_covered": 95.83333333333333, "percent_covered_display": "96", "missing_lines": 1, "excluded_lines": 0, "percent_statements_covered": 95.83333333333333, "percent_statements_covered_display": "96"}, "missing_lines": [2485], "excluded_lines": [], "start_line": 2453}, "CrowdfundingConnector._demo_data": {"executed_lines": [2519, 2520, 2531], "summary": {"covered_lines": 3, "num_statements": 3, "percent_covered": 100.0, "percent_covered_display": "100", "missing_lines": 0, "excluded_lines": 0, "percent_statements_covered": 100.0, "percent_statements_covered_display": "100"}, "missing_lines": [], "excluded_lines": [], "start_line": 2518}, "default_connectors": {"executed_lines": [2567, 2568, 2576], "summary": {"covered_lines": 3, "num_statements": 3, "percent_covered": 100.0, "percent_covered_display": "100", "missing_lines": 0, "excluded_lines": 0, "percent_statements_covered": 100.0, "percent_statements_covered_display": "100"}, "missing_lines": [], "excluded_lines": [], "start_line": 2559}, "_default_http_json_client": {"executed_lines": [2620, 2621, 2622, 2623, 2624, 2625, 2627, 2630, 2631, 2633, 2634, 2635, 2636, 2643, 2644, 2645], "summary": {"covered_lines": 16, "num_statements": 21, "percent_covered": 76.19047619047619, "percent_covered_display": "76", "missing_lines": 5, "excluded_lines": 0, "percent_statements_covered": 76.19047619047619, "percent_statements_covered_display": "76"}, "missing_lines": [2626, 2628, 2629, 2632, 2646], "excluded_lines": [], "start_line": 2615}, "ConnectorRegistry.__init__": {"executed_lines": [2659], "summary": {"covered_lines": 1, "num_statements": 1, "percent_covered": 100.0, "percent_covered_display": "100", "missing_lines": 0, "excluded_lines": 0, "percent_statements_covered": 100.0, "percent_statements_covered_display": "100"}, "missing_lines": [], "excluded_lines": [], "start_line": 2658}, "ConnectorRegistry.register": {"executed_lines": [2668, 2669, 2670, 2671], "summary": {"covered_lines": 4, "num_statements": 4, "percent_covered": 100.0, "percent_covered_display": "100", "missing_lines": 0, "excluded_lines": 0, "percent_statements_covered": 100.0, "percent_statements_covered_display": "100"}, "missing_lines": [], "excluded_lines": [], "start_line": 2661}, "ConnectorRegistry.discover": {"executed_lines": [2677], "summary": {"covered_lines": 1, "num_statements": 1, "percent_covered": 100.0, "percent_covered_display": "100", "missing_lines": 0, "excluded_lines": 0, "percent_statements_covered": 100.0, "percent_statements_covered_display": "100"}, "missing_lines": [], "excluded_lines": [], "start_line": 2676}, "ConnectorRegistry.create": {"executed_lines": [2680, 2681, 2682, 2683, 2686], "summary": {"covered_lines": 5, "num_statements": 5, "percent_covered": 100.0, "percent_covered_display": "100", "missing_lines": 0, "excluded_lines": 0, "percent_statements_covered": 100.0, "percent_statements_covered_display": "100"}, "missing_lines": [], "excluded_lines": [], "start_line": 2679}, "ConnectorRegistry.validate_config": {"executed_lines": [2694, 2695, 2701, 2702, 2703, 2707, 2708, 2710, 2713, 2714, 2715, 2716, 2723, 2724, 2725, 2726, 2727, 2728], "summary": {"covered_lines": 18, "num_statements": 23, "percent_covered": 78.26086956521739, "percent_covered_display": "78", "missing_lines": 5, "excluded_lines": 0, "percent_statements_covered": 78.26086956521739, "percent_statements_covered_display": "78"}, "missing_lines": [2696, 2697, 2711, 2717, 2718], "excluded_lines": [], "start_line": 2688}, "ConnectorRegistry.build_connectors": {"executed_lines": [2738, 2739, 2740, 2741, 2742, 2743, 2744, 2745, 2746, 2747, 2758], "summary": {"covered_lines": 11, "num_statements": 11, "percent_covered": 100.0, "percent_covered_display": "100", "missing_lines": 0, "excluded_lines": 0, "percent_statements_covered": 100.0, "percent_statements_covered_display": "100"}, "missing_lines": [], "excluded_lines": [], "start_line": 2732}, "connector_registry": {"executed_lines": [2786], "summary": {"covered_lines": 1, "num_statements": 1, "percent_covered": 100.0, "percent_covered_display": "100", "missing_lines": 0, "excluded_lines": 0, "percent_statements_covered": 100.0, "percent_statements_covered_display": "100"}, "missing_lines": [], "excluded_lines": [], "start_line": 2784}, "create_connector": {"executed_lines": [2798, 2799, 2800, 2801, 2802], "summary": {"covered_lines": 5, "num_statements": 5, "percent_covered": 100.0, "percent_covered_display": "100", "missing_lines": 0, "excluded_lines": 0, "percent_statements_covered": 100.0, "percent_statements_covered_display": "100"}, "missing_lines": [], "excluded_lines": [], "start_line": 2796}, "_load_localized_outreach_templates": {"executed_lines": [2812, 2813, 2814, 2815, 2816, 2817, 2818, 2822, 2823, 2825, 2826, 2827, 2831, 2832, 2836, 2837, 2841, 2842, 2843, 2847, 2848], "summary": {"covered_lines": 21, "num_statements": 27, "percent_covered": 77.77777777777777, "percent_covered_display": "78", "missing_lines": 6, "excluded_lines": 0, "percent_statements_covered": 77.77777777777777, "percent_statements_covered_display": "78"}, "missing_lines": [2819, 2824, 2828, 2833, 2838, 2844], "excluded_lines": [], "start_line": 2811}, "_validate_locale": {"executed_lines": [], "summary": {"covered_lines": 0, "num_statements": 4, "percent_covered": 0.0, "percent_covered_display": "0", "missing_lines": 4, "excluded_lines": 0, "percent_statements_covered": 0.0, "percent_statements_covered_display": "0"}, "missing_lines": [2855, 2856, 2857, 2860], "excluded_lines": [], "start_line": 2854}, "_validate_localized_outreach_templates": {"executed_lines": [2866, 2867, 2868, 2872, 2873, 2874, 2875, 2876, 2880, 2881, 2885, 2886, 2887, 2888, 2889, 2890, 2891, 2895, 2899, 2900, 2913, 2914, 2915], "summary": {"covered_lines": 23, "num_statements": 36, "percent_covered": 63.888888888888886, "percent_covered_display": "64", "missing_lines": 13, "excluded_lines": 0, "percent_statements_covered": 63.888888888888886, "percent_statements_covered_display": "64"}, "missing_lines": [2869, 2877, 2882, 2892, 2901, 2902, 2903, 2904, 2905, 2906, 2907, 2908, 2916], "excluded_lines": [], "start_line": 2863}, "SMTPEmailSender.__init__": {"executed_lines": [], "summary": {"covered_lines": 0, "num_statements": 6, "percent_covered": 0.0, "percent_covered_display": "0", "missing_lines": 6, "excluded_lines": 0, "percent_statements_covered": 0.0, "percent_statements_covered_display": "0"}, "missing_lines": [2947, 2948, 2949, 2950, 2951, 2952], "excluded_lines": [], "start_line": 2937}, "SMTPEmailSender.from_env": {"executed_lines": [], "summary": {"covered_lines": 0, "num_statements": 7, "percent_covered": 0.0, "percent_covered_display": "0", "missing_lines": 7, "excluded_lines": 0, "percent_statements_covered": 0.0, "percent_statements_covered_display": "0"}, "missing_lines": [2957, 2958, 2959, 2960, 2961, 2962, 2963], "excluded_lines": [], "start_line": 2955}, "SMTPEmailSender.is_configured": {"executed_lines": [], "summary": {"covered_lines": 0, "num_statements": 1, "percent_covered": 0.0, "percent_covered_display": "0", "missing_lines": 1, "excluded_lines": 0, "percent_statements_covered": 0.0, "percent_statements_covered_display": "0"}, "missing_lines": [2979], "excluded_lines": [], "start_line": 2973}, "SMTPEmailSender.__call__": {"executed_lines": [], "summary": {"covered_lines": 0, "num_statements": 14, "percent_covered": 0.0, "percent_covered_display": "0", "missing_lines": 14, "excluded_lines": 0, "percent_statements_covered": 0.0, "percent_statements_covered_display": "0"}, "missing_lines": [2990, 2991, 2992, 2993, 2995, 2996, 2997, 2999, 3000, 3001, 3002, 3003, 3004, 3008], "excluded_lines": [], "start_line": 2981}, "FundingBot.__init__": {"executed_lines": [], "summary": {"covered_lines": 0, "num_statements": 17, "percent_covered": 0.0, "percent_covered_display": "0", "missing_lines": 17, "excluded_lines": 0, "percent_statements_covered": 0.0, "percent_statements_covered_display": "0"}, "missing_lines": [3109, 3110, 3111, 3116, 3118, 3123, 3124, 3125, 3126, 3127, 3128, 3129, 3130, 3131, 3132, 3133, 3134], "excluded_lines": [], "start_line": 3098}, "FundingBot.close": {"executed_lines": [], "summary": {"covered_lines": 0, "num_statements": 1, "percent_covered": 0.0, "percent_covered_display": "0", "missing_lines": 1, "excluded_lines": 0, "percent_statements_covered": 0.0, "percent_statements_covered_display": "0"}, "missing_lines": [3137], "excluded_lines": [], "start_line": 3136}, "FundingBot._create_schema": {"executed_lines": [], "summary": {"covered_lines": 0, "num_statements": 46, "percent_covered": 0.0, "percent_covered_display": "0", "missing_lines": 46, "excluded_lines": 0, "percent_statements_covered": 0.0, "percent_statements_covered_display": "0"}, "missing_lines": [3140, 3431, 3432, 3433, 3434, 3435, 3436, 3437, 3438, 3439, 3440, 3441, 3442, 3443, 3444, 3445, 3446, 3447, 3448, 3449, 3
[...]
2"}, "missing_lines": [2085, 2086, 2087, 2088, 2089, 2091, 2092, 2093, 2094, 2101, 2102, 2103, 2104, 2105, 2106, 2107, 2108, 2109, 2110, 2111, 2112, 2113, 2114, 2115, 2116, 2117, 2118, 2120, 2134, 2138, 2139, 2140, 2141, 2142, 2146, 2147, 2148, 2149, 2154, 2159], "excluded_lines": [], "start_line": 2066}, "FoundationDirectoryConnector": {"executed_lines": [], "summary": {"covered_lines": 0, "num_statements": 42, "percent_covered": 0.0, "percent_covered_display": "0", "missing_lines": 42, "excluded_lines": 0, "percent_statements_covered": 0.0, "percent_statements_covered_display": "0"}, "missing_lines": [2202, 2203, 2204, 2209, 2210, 2211, 2212, 2213, 2214, 2216, 2217, 2228, 2232, 2233, 2234, 2235, 2236, 2237, 2238, 2239, 2240, 2241, 2242, 2244, 2258, 2269, 2278, 2286, 2294, 2303, 2311, 2323, 2324, 2325, 2326, 2330, 2331, 2332, 2333, 2334, 2335, 2338], "excluded_lines": [], "start_line": 2183}, "CrowdfundingConnector": {"executed_lines": [2388, 2389, 2390, 2391, 2392, 2393, 2394, 2395, 2396, 2397, 2400, 2401, 2407, 2408, 2409, 2413, 2414, 2415, 2416, 2428, 2429, 2430, 2432, 2435, 2436, 2437, 2438, 2439, 2440, 2454, 2455, 2456, 2457, 2458, 2459, 2465, 2466, 2467, 2468, 2473, 2483, 2484, 2486, 2487, 2488, 2489, 2490, 2495, 2500, 2506, 2507, 2508, 2519, 2520, 2531], "summary": {"covered_lines": 55, "num_statements": 68, "percent_covered": 80.88235294117646, "percent_covered_display": "81", "missing_lines": 13, "excluded_lines": 0, "percent_statements_covered": 80.88235294117646, "percent_statements_covered_display": "81"}, "missing_lines": [2410, 2411, 2431, 2433, 2434, 2443, 2444, 2445, 2446, 2447, 2448, 2451, 2485], "excluded_lines": [], "start_line": 2351}, "GlobalGivingConnector": {"executed_lines": [], "summary": {"covered_lines": 0, "num_statements": 0, "percent_covered": 100.0, "percent_covered_display": "100", "missing_lines": 0, "excluded_lines": 0, "percent_statements_covered": 100.0, "percent_statements_covered_display": "100"}, "missing_lines": [], "excluded_lines": [], "start_line": 2544}, "KickstarterForGoodConnector": {"executed_lines": [], "summary": {"covered_lines": 0, "num_statements": 0, "percent_covered": 100.0, "percent_covered_display": "100", "missing_lines": 0, "excluded_lines": 0, "percent_statements_covered": 100.0, "percent_statements_covered_display": "100"}, "missing_lines": [], "excluded_lines": [], "start_line": 2550}, "ConnectorPlugin": {"executed_lines": [], "summary": {"covered_lines": 0, "num_statements": 0, "percent_covered": 100.0, "percent_covered_display": "100", "missing_lines": 0, "excluded_lines": 0, "percent_statements_covered": 100.0, "percent_statements_covered_display": "100"}, "missing_lines": [], "excluded_lines": [], "start_line": 2650}, "ConnectorRegistry": {"executed_lines": [2659, 2668, 2669, 2670, 2671, 2677, 2680, 2681, 2682, 2683, 2686, 2694, 2695, 2701, 2702, 2703, 2707, 2708, 2710, 2713, 2714, 2715, 2716, 2723, 2724, 2725, 2726, 2727, 2728, 2738, 2739, 2740, 2741, 2742, 2743, 2744, 2745, 2746, 2747, 2758], "summary": {"covered_lines": 40, "num_statements": 45, "percent_covered": 88.88888888888889, "percent_covered_display": "89", "missing_lines": 5, "excluded_lines": 0, "percent_statements_covered": 88.88888888888889, "percent_statements_covered_display": "89"}, "missing_lines": [2696, 2697, 2711, 2717, 2718], "excluded_lines": [], "start_line": 2655}, "SMTPEmailSender": {"executed_lines": [], "summary": {"covered_lines": 0, "num_statements": 28, "percent_covered": 0.0, "percent_covered_display": "0", "missing_lines": 28, "excluded_lines": 0, "percent_statements_covered": 0.0, "percent_statements_covered_display": "0"}, "missing_lines": [2947, 2948, 2949, 2950, 2951, 2952, 2957, 2958, 2959, 2960, 2961, 2962, 2963, 2979, 2990, 2991, 2992, 2993, 2995, 2996, 2997, 2999, 3000, 3001, 3002, 3003, 3004, 3008], "excluded_lines": [], "start_line": 2924}, "FundingBot": {"executed_lines": [3990, 3991, 4003, 4011, 4054, 4063, 4068, 4069, 4070, 4073, 4077, 4080, 4083, 4104, 4107, 4118, 4119, 4123, 4133, 4168, 4169, 4174, 4184, 4185, 4209, 4226, 4227, 4243, 4244, 4253, 4254, 4288, 4292, 4301, 4302, 4318, 4333, 4334, 4348, 4361, 4376, 4398, 4399, 4402, 4403, 4482, 4488, 4505, 4506, 4509, 4515, 4521, 4522, 4524, 4525, 4532, 4539, 4642, 4720, 4724, 4732, 4735, 4736, 4737, 4738, 4739, 4740, 4741, 4742, 4771, 4782, 4785, 4786, 4826, 5084, 5116, 5125, 5217, 5228, 5234, 5252, 5266, 5274, 5286, 5316, 5322, 5323, 5336, 5349, 5360, 5367, 5458, 5459, 5468, 5469, 5479, 5488, 5508, 5610, 5648, 5656, 5660, 5664, 5668, 5669, 5670, 5794, 5835, 5836, 5881, 5883, 5888, 5891, 5915, 5934, 5942, 6010, 6088, 6089, 6221, 6237, 6238, 6252, 6265, 6290, 6298, 6299, 6351, 6353, 6355, 6356, 6389, 6496, 6505, 6526, 6527, 6528, 6579, 6580, 6581, 6614, 6623, 6624, 6638, 6640, 6642, 6643, 6644, 6669, 6684, 6685, 6702, 6704, 6706, 6707, 6708, 6762, 6764, 6766, 6767, 6768, 6785, 6799, 6813, 6832, 6859, 6874, 6875, 6922, 6932, 7046, 7051, 7054, 7059, 7072, 7128, 7137, 7145, 7192, 7198, 7201, 7257, 7290, 7291, 7355, 7486, 7495, 7496, 7498, 7499, 7528, 7535, 7553, 7642, 7698, 7741, 7750, 7772, 7776, 7777, 7793, 7813, 7821, 7850, 7851, 7852, 7853, 7854, 7855, 7986, 8047, 8078, 8123, 8124, 8208, 8218, 8250, 8256, 8281, 8282, 8483, 8588, 8592, 8611, 8622, 8628, 8638, 8657], "summary": {"covered_lines": 228, "num_statements": 1555, "percent_covered": 14.662379421221864, "percent_covered_display": "15", "missing_lines": 1327, "excluded_lines": 0, "percent_statements_covered": 14.662379421221864, "percent_statements_covered_display": "15"}, "missing_lines": [3109, 3110, 3111, 3116, 3118, 3123, 3124, 3125, 3126, 3127, 3128, 3129, 3130, 3131, 3132, 3133, 3134, 3137, 3140, 3431, 3432, 3433, 3434, 3435, 3436, 3437, 3438, 3439, 3440, 3441, 3442, 3443, 3444, 3445, 3446, 3447, 3448, 3449, 3454, 3459, 3464, 3469, 3474, 3479, 3484, 3489, 3494, 3499, 3504, 3509, 3514, 3519, 3524, 3529, 3534, 3539, 3544, 3545, 3550, 3555, 3560, 3566, 3569, 3572, 3575, 3576, 3577, 3578, 3582, 3583, 3584, 3585, 3586, 3590, 3594, 3601, 3605, 3609, 3610, 3653, 3654, 3655, 3656, 3657, 3658, 3661, 3664, 3667, 3670, 3726, 3727, 3728, 3729, 3732, 3738, 3739, 3741, 3742, 3745, 3747, 3753, 3754, 3760, 3763, 3764, 3765, 3766, 3776, 3777, 3778, 3779, 3783, 3784, 3796, 3797, 3820, 3827, 3828, 3829, 3837, 3838, 3839, 3840, 3841, 3842, 3843, 3844, 3845, 3847, 3848, 3849, 3854, 3862, 3874, 3875, 3876, 3877, 3878, 3891, 3895, 3896, 3897, 3898, 3902, 3906, 3910, 3914, 3918, 3919, 3920, 3921, 3922, 3923, 3924, 3925, 3926, 3930, 3936, 3937, 3938, 3939, 3940, 3941, 3942, 3943, 3946, 3947, 3955, 3956, 3958, 3959, 3960, 3961, 3962, 3963, 3964, 3968, 3970, 3971, 3972, 3973, 3974, 3975, 3978, 3981, 3982, 3988, 3989, 3995, 3996, 3997, 3998, 3999, 4006, 4010, 4055, 4056, 4057, 4058, 4059, 4060, 4061, 4062, 4067, 4078, 4079, 4087, 4088, 4089, 4090, 4093, 4097, 4098, 4102, 4103, 4115, 4116, 4117, 4120, 4127, 4128, 4129, 4142, 4146, 4157, 4158, 4159, 4160, 4164, 4165, 4166, 4167, 4170, 4182, 4183, 4192, 4193, 4197, 4198, 4199, 4200, 4201, 4202, 4203, 4207, 4208, 4212, 4213, 4221, 4225, 4228, 4229, 4230, 4231, 4232, 4233, 4234, 4238, 4242, 4262, 4263, 4264, 4265, 4273, 4284, 4285, 4286, 4287, 4296, 4300, 4303, 4304, 4305, 4306, 4309, 4313, 4317, 4328, 4329, 4330, 4331, 4335, 4336, 4337, 4339, 4340, 4341, 4346, 4349, 4350, 4351, 4352, 4356, 4357, 4358, 4359, 4360, 4365, 4366, 4367, 4368, 4371, 4375, 4377, 4378, 4379, 4380, 4381, 4382, 4383, 4384, 4385, 4386, 4387, 4388, 4392, 4393, 4394, 4395, 4396, 4397, 4407, 4408, 4409, 4410, 4411, 4412, 4413, 4414, 4415, 4421, 4422, 4423, 4424, 4425, 4428, 4429, 4430, 4431, 4434, 4438, 4439, 4442, 4446, 4449, 4450, 4451, 4452, 4453, 4454, 4455, 4468, 4477, 4478, 4479, 4480, 4481, 4494, 4495, 4507, 4508, 4523, 4547, 4548, 4549, 4550, 4551, 4556, 4560, 4561, 4565, 4566, 4567, 4568, 4569, 4570, 4573, 4574, 4575, 4579, 4580, 4581, 4582, 4583, 4587, 4588, 4589, 4617, 4618, 4622, 4623, 4628, 4631, 4632, 4637, 4712, 4713, 4717, 4733, 4734, 4751, 4761, 4781, 4783, 4784, 4789, 4802, 4818, 4821, 4848, 4852, 4859, 4860, 4861, 4862, 4863, 4864, 4865, 4866, 4869, 4881, 4888, 4911, 4912, 4913, 4914, 4915, 4925, 4930, 4931, 4942, 4944, 4960, 4970, 4971, 4972, 4973, 4974, 4975, 4976, 4977, 4986, 5006, 5007, 5013, 5014, 5015, 5016, 5017, 5018, 5019, 5020, 5021, 5022, 5027, 5028, 5029, 5033, 5044, 5069, 5070, 5071, 5081, 5082, 5105, 5106, 5114, 5146, 5147, 5153, 5155, 5171, 5172, 5173, 5174, 5197, 5201, 5225, 5248, 5265, 5273, 5278, 5282, 5297, 5301, 5304, 5307, 5326, 5327, 5334, 5335, 5340, 5352, 5355, 5356, 5372, 5376, 5377, 5378, 5379, 5380, 5381, 5385, 5386, 5387, 5396, 5397, 5398, 5399, 5400, 5401, 5402, 5404, 5405, 5406, 5407, 5408, 5409, 5412, 5420, 5421, 5424, 5434, 5444, 5446, 5447, 5448, 5452, 5453, 5454, 5456, 5457, 5460, 5461, 5463, 5465, 5466, 5467, 5476, 5477, 5478, 5480, 5481, 5482, 5483, 5484, 5485, 5486, 5520, 5521, 5528, 5532, 5533, 5534, 5535, 5536, 5537, 5538, 5542, 5543, 5544, 5545, 5546, 5547, 5548, 5549, 5552, 5553, 5554, 5555, 5556, 5557, 5560, 5561, 5562, 5563, 5564, 5568, 5569, 5570, 5572, 5573, 5574, 5582, 5583, 5584, 5589, 5597, 5599, 5607, 5608, 5641, 5649, 5651, 5652, 5674, 5679, 5680, 5681, 5682, 5683, 5684, 5685, 5687, 5694, 5697, 5700, 5703, 5707, 5710, 5713, 5717, 5718, 5721, 5725, 5726, 5728, 5729, 5743, 5744, 5752, 5757, 5762, 5772, 5776, 5790, 5840, 5852, 5853, 5857, 5861, 5865, 5869, 5882, 5894, 5895, 5909, 5910, 5911, 5912, 5913, 5914, 5938, 5939, 5940, 5941, 5951, 5965, 5966, 5970, 5973, 5980, 5991, 5992, 5993, 5994, 5995, 5996, 5997, 5998, 6019, 6020, 6033, 6034, 6038, 6039, 6045, 6049, 6051, 6052, 6053, 6054, 6064, 6073, 6077, 6078, 6092, 6093, 6095, 6096, 6097, 6098, 6100, 6106, 6107, 6108, 6110, 6121, 6122, 6126, 6127, 6129, 6149, 6151, 6152, 6153, 6172, 6173, 6174, 6175, 6176, 6177, 6178, 6183, 6184, 6186, 6187, 6188, 6189, 6190, 6191, 6192, 6198, 6199, 6200, 6201, 6202, 6203, 6206, 6207, 6208, 6209, 6217, 6218, 6219, 6220, 6229, 6230, 6231, 6232, 6234, 6235, 6236, 6243, 6244, 6245, 6246, 6247, 6248, 6249, 6251, 6257, 6259, 6273, 6279, 6288, 6304, 6307, 6316, 6317, 6318, 6319, 6320, 6321, 6322, 6323, 6324, 6325, 6326, 6329, 6333, 6334, 6335, 6336, 6337, 6345, 6346, 6347, 6348, 6349, 6350, 6352, 6354, 6360, 6361, 6374, 6375, 6376, 6377, 6378, 6381, 6382, 6383, 6384, 6385, 6386, 6388, 6413, 6414, 6421, 6432, 6433, 6437, 6438, 6440, 6443, 6444, 6452, 6453, 6454, 6462, 6481, 6482, 6483, 6484, 6485, 6486, 6488, 6489, 6490, 6491, 6492, 6495, 6501, 6504, 6529, 6541, 6551, 6552, 6557, 6560, 6561, 6562, 6563, 6564, 6565, 6566, 6567, 6570, 6571, 6572, 6573, 6577, 6578, 6582, 6601, 6602, 6603, 6604, 6605, 6606, 6607, 6608, 6609, 6610, 6611, 6612, 6613, 6621, 6622, 6631, 6632, 6633, 6634, 6635, 6636, 6637, 6639, 6641, 6645, 6649, 6658, 6659, 6660, 6661, 6662, 6663, 6664, 6668, 6690, 6698, 6699, 6700, 6701, 6703, 6705, 6717, 6718, 6719, 6720, 6721, 6723, 6724, 6725, 6729, 6730, 6731, 6734, 6745, 6746, 6747, 6759, 6760, 6761, 6763, 6765, 6769, 6770, 6771, 6772, 6786, 6787, 6788, 6789, 6794, 6797, 6798, 6826, 6827, 6841, 6842, 6858, 6860, 6861, 6862, 6863, 6864, 6865, 6866, 6873, 6881, 6889, 6890, 6898, 6912, 6913, 6914, 6915, 6916, 6917, 6918, 6929, 6933, 6934, 6938, 6953, 6954, 6955, 6956, 6957, 6965, 6972, 6980, 6981, 6996, 7005, 7006, 7007, 7008, 7010, 7011, 7012, 7013, 7017, 7018, 7023, 7024, 7025, 7026, 7027, 7028, 7040, 7041, 7044, 7045, 7052, 7055, 7056, 7057, 7091, 7092, 7093, 7094, 7095, 7107, 7108, 7109, 7110, 7119, 7127, 7129, 7130, 7131, 7146, 7148, 7149, 7158, 7159, 7163, 7164, 7165, 7167, 7168, 7169, 7170, 7171, 7172, 7173, 7188, 7189, 7190, 7191, 7205, 7206, 7207, 7218, 7219, 7223, 7224, 7228, 7229, 7246, 7250, 7251, 7275, 7276, 7280, 7281, 7285, 7286, 7287, 7289, 7297, 7298, 7299, 7307, 7308, 7310, 7318, 7319, 7326, 7340, 7341, 7345, 7346, 7349, 7353, 7354, 7368, 7377, 7378, 7382, 7383, 7392, 7399, 7401, 7405, 7406, 7413, 7419, 7440, 7441, 7442, 7446, 7447, 7448, 7452, 7453, 7457, 7458, 7463, 7464, 7465, 7466, 7468, 7469, 7473, 7474, 7476, 7477, 7478, 7479, 7480, 7484, 7485, 7518, 7519, 7520, 7521, 7522, 7524, 7525, 7527, 7542, 7546, 7547, 7577, 7610, 7611, 7615, 7622, 7623, 7636, 7640, 7641, 7652, 7653, 7658, 7659, 7660, 7662, 7663, 7664, 7674, 7675, 7679, 7680, 7681, 7682, 7684, 7688, 7689, 7691, 7699, 7707, 7712, 7713, 7714, 7715, 7716, 7717, 7718, 7719, 7720, 7724, 7728, 7736, 7737, 7738, 7740, 7767, 7768, 7779, 7783, 7784, 7802, 7826, 7832, 7833, 7834, 7835, 7839, 7843, 7856, 7857, 7858, 7859, 7860, 7861, 7862, 7863, 7867, 7868, 7870, 7871, 7872, 7877, 7878, 7879, 7884, 7885, 7886, 7887, 7897, 7898, 7900, 7904, 7909, 7910, 7915, 7916, 7928, 7929, 7930, 7935, 7937, 7938, 7939, 7940, 7941, 7943, 7944, 7945, 7946, 7948, 7949, 7950, 7951, 7952, 7954, 7956, 7957, 7962, 7963, 7969, 7972, 7973, 7977, 7978, 7979, 7980, 7982, 7983, 7984, 7999, 8000, 8001, 8002, 8003, 8004, 8006, 8007, 8008, 8009, 8010, 8011, 8017, 8020, 8021, 8022, 8023, 8029, 8036, 8037, 8055, 8063, 8064, 8065, 8066, 8075, 8076, 8132, 8133, 8135, 8136, 8137, 8138, 8139, 8140, 8141, 8142, 8143, 8144, 8146, 8147, 8149, 8153, 8161, 8162, 8181, 8182, 8183, 8184, 8198, 8199, 8200, 8226, 8236, 8237, 8238, 8240, 8245, 8280, 8308, 8309, 8310, 8312, 8313, 8314, 8315, 8320, 8333, 8356, 8357, 8358, 8360, 8361, 8362, 8363, 8364, 8366, 8367, 8368, 8369, 8370, 8371, 8372, 8373, 8375, 8376, 8377, 8378, 8379, 8380, 8382, 8389, 8396, 8402, 8411, 8412, 8423, 8424, 8432, 8433, 8437, 8451, 8458, 8462, 8469, 8476, 8479, 8525, 8557, 8563, 8580, 8581, 8582, 8584, 8585, 8586, 8591, 8600, 8603, 8610, 8619, 8642, 8653], "excluded_lines": [], "start_line": 3011}, "": {"executed_lines": [1, 3, 4, 5, 6, 7, 8, 9, 10, 11, 12, 13, 14, 15, 16, 17, 18, 19, 20, 21, 22, 23, 24, 25, 26, 27, 29, 30, 31, 32, 33, 37, 39, 40, 41, 42, 52, 53, 54, 55, 56, 60, 72, 80, 81, 82, 112, 115, 123, 135, 136, 140, 143, 153, 156, 167, 180, 182, 183, 184, 185, 186, 188, 189, 191, 192, 193, 196, 197, 200, 207, 208, 209, 210, 211, 212, 215, 216, 218, 221, 222, 223, 224, 225, 227, 230, 240, 241, 245, 249, 254, 261, 264, 270, 283, 286, 289, 292, 301, 310, 311, 325, 351, 359, 364, 367, 371, 383, 407, 420, 424, 451, 454, 458, 462, 466, 470, 474, 478, 482, 486, 490, 494, 495, 498, 499, 500, 501, 502, 503, 504, 505, 506, 507, 509, 510, 526, 541, 542, 545, 546, 547, 548, 549, 550, 551, 552, 553, 554, 555, 556, 557, 559, 560, 569, 575, 579, 583, 587, 591, 594, 600, 606, 611, 614, 618, 625, 628, 651, 654, 657, 685, 686, 696, 697, 700, 703, 706, 709, 713, 714, 718, 719, 723, 726, 733, 736, 739, 746, 749, 762, 779, 782, 803, 834, 842, 921, 922, 943, 980, 983, 996, 1006, 1016, 1017, 1022, 1025, 1026, 1027, 1028, 1029, 1030, 1032, 1102, 1103, 1110, 1118, 1127, 1141, 1155, 1158, 1189, 1195, 1291, 1301, 1309, 1317, 1324, 1327, 1347, 1360, 1376, 1399, 1453, 1456, 1507, 1540, 1552, 1596, 1623, 1640, 1652, 1668, 1682, 1685, 1695, 1709, 1726, 1727, 1730, 1739, 1747, 1757, 1770, 1773, 1774, 1775, 1776, 1787, 1810, 1907, 1921, 1924, 1925, 1926, 1927, 1938, 1961, 2052, 2066, 2069, 2070, 2071, 2072, 2082, 2084, 2133, 2169, 2183, 2186, 2187, 2188, 2189, 2190, 2201, 2257, 2321, 2322, 2328, 2329, 2337, 2351, 2354, 2355, 2356, 2357, 2358, 2368, 2381, 2399, 2427, 2453, 2518, 2544, 2545, 2546, 2547, 2550, 2551, 2552, 2553, 2556, 2559, 2567, 2568, 2576, 2579, 2580, 2615, 2620, 2621, 2622, 2623, 2624, 2625, 2627, 2630, 2631, 2633, 2634, 2635, 2636, 2643, 2644, 2645, 2649, 2650, 2651, 2652, 2655, 2658, 2661, 2676, 2679, 2688, 2732, 2761, 2762, 2763, 2764, 2765, 2777, 2778, 2784, 2786, 2796, 2798, 2799, 2800, 2801, 2802, 2805, 2806, 2807, 2808, 2811, 2812, 2813, 2814, 2815, 2816, 2817, 2818, 2822, 2823, 2825, 2826, 2827, 2831, 2832, 2836, 2837, 2841, 2842, 2843, 2847, 2848, 2851, 2854, 2863, 2866, 2867, 2868, 2872, 2873, 2874, 2875, 2876, 2880, 2881, 2885, 2886, 2887, 2888, 2889, 2890, 2891, 2895, 2899, 2900, 2913, 2914, 2915, 2921, 2924, 2937, 2954, 2955, 2972, 2973, 2981, 3011, 3012, 3013, 3022, 3028, 3029, 3030, 3031, 3032, 3033, 3034, 3035, 3036, 3037, 3038, 3039, 3040, 3041, 3058, 3062, 3071, 3083, 3090, 3098, 3136, 3139, 3574, 3592, 3603, 3674, 3700, 3725, 3758, 3759, 3762, 3774, 3775, 3786, 3822, 3869, 3889, 3890, 3893, 3894, 3900, 3901, 3904, 3905, 3908, 3909, 3912, 3913, 3916, 3917, 3928, 3929, 3932, 3933, 3951, 3980, 3987, 4066, 4076, 4109, 4149, 4177, 4240, 4247, 4282, 4283, 4355, 4373, 4470, 4726, 4744, 4796, 5303, 5953, 6004, 6080, 6297, 6584, 6710, 6774, 6834, 6904, 6931, 7139, 7200, 7265, 7362, 7561, 7602, 7625, 7770, 7820, 7846, 8057, 8673, 8674, 8675, 8677, 8678, 8691, 8712, 8721, 9009, 9021, 9036, 9052, 9193], "summary": {"covered_lines": 532, "num_statements": 1021, "percent_covered": 52.10577864838394, "percent_covered_display": "52", "missing_lines": 489, "excluded_lines": 7, "percent_statements_covered": 52.10577864838394, "percent_statements_covered_display": "52"}, "missing_lines": [117, 118, 119, 120, 130, 131, 132, 144, 145, 146, 150, 187, 190, 213, 214, 217, 226, 231, 232, 233, 234, 235, 236, 237, 255, 256, 257, 258, 302, 303, 304, 305, 306, 307, 308, 314, 315, 316, 317, 318, 319, 320, 321, 322, 323, 329, 330, 332, 333, 334, 335, 336, 337, 338, 341, 343, 344, 345, 346, 347, 348, 349, 352, 353, 360, 361, 953, 954, 955, 958, 959, 960, 961, 962, 969, 970, 971, 972, 973, 974, 975, 2626, 2628, 2629, 2632, 2646, 2819, 2824, 2828, 2833, 2838, 2844, 2855, 2856, 2857, 2860, 2869, 2877, 2882, 2892, 2901, 2902, 2903, 2904, 2905, 2906, 2907, 2908, 2916, 4005, 4065, 4075, 4085, 4086, 4095, 4096, 4100, 4101, 4110, 4125, 4126, 4135, 4136, 4144, 4145, 4148, 4176, 4190, 4191, 4195, 4196, 4205, 4206, 4223, 4224, 4241, 4246, 4256, 4257, 4298, 4299, 4311, 4312, 4315, 4316, 4320, 4321, 4354, 4363, 4364, 4374, 4390, 4391, 4405, 4406, 4419, 4420, 4427, 4433, 4444, 4445, 4448, 4545, 4546, 4555, 4563, 4564, 4577, 4578, 4585, 4586, 4591, 4719, 4795, 4804, 4847, 4854, 4868, 4898, 5159, 5195, 5196, 5203, 5296, 5306, 5309, 5325, 5332, 5333, 5342, 5343, 5366, 5374, 5375, 5389, 5390, 5411, 5423, 5436, 5530, 5531, 5540, 5541, 5551, 5559, 5576, 5696, 5699, 5702, 5705, 5712, 5720, 5731, 5879, 5893, 5897, 5990, 6022, 6155, 6309, 6328, 6339, 6363, 6423, 6464, 6559, 6569, 6651, 6652, 6692, 6749, 6850, 6883, 6946, 6979, 6998, 7121, 7209, 7333, 7428, 7677, 7705, 7722, 7819, 7830, 7831, 7841, 7842, 7845, 7865, 7866, 7889, 7890, 7918, 7971, 8019, 8126, 8192, 8284, 8322, 8350, 8565, 8660, 8662, 8663, 8665, 8666, 8667, 8669, 8671, 8672, 8676, 8681, 8682, 8683, 8684, 8687, 8688, 8689, 8690, 8692, 8695, 8696, 8697, 8698, 8701, 8702, 8703, 8704, 8705, 8706, 8707, 8708, 8709, 8713, 8714, 8715, 8716, 8717, 8718, 8719, 8720, 8725, 8726, 8729, 8732, 8733, 8734, 8735, 8736, 8740, 8741, 8742, 8745, 8752, 8753, 8754, 8755, 8756, 8757, 8758, 8760, 8763, 8764, 8765, 8766, 8768, 8771, 8772, 8773, 8774, 8775, 8776, 8777, 8778, 8779, 8781, 8784, 8785, 8786, 8787, 8788, 8790, 8793, 8794, 8796, 8797, 8798, 8802, 8811, 8812, 8817, 8822, 8827, 8830, 8834, 8840, 8846, 8850, 8855, 8862, 8866, 8873, 8879, 8883, 8890, 8894, 8900, 8907, 8913, 8917, 8923, 8929, 8933, 8938, 8944, 8948, 8954, 8959, 8966, 8977, 8981, 8982, 8983, 8992, 8998, 9004, 9014, 9025, 9031, 9035, 9041, 9056, 9057, 9058, 9059, 9060, 9062, 9066, 9071, 9077, 9079, 9082, 9090, 9091, 9094, 9101, 9109, 9112, 9119, 9120, 9121, 9124, 9125, 9127, 9128, 9129, 9131, 9132, 9133, 9134, 9135, 9137, 9138, 9139, 9140, 9142, 9152, 9153, 9154, 9155, 9156, 9160, 9161, 9165, 9166, 9170, 9171, 9172, 9173, 9174, 9175, 9176, 9177, 9179, 9180, 9181, 9188, 9191, 9192, 9194, 9195, 9196, 9197, 9198, 9199, 9200, 9201, 9202, 9203, 9205, 9206, 9207, 9209, 9219, 9220, 9221, 9225, 9226, 9227, 9229, 9244, 9245, 9246, 9249, 9250, 9251, 9252, 9253, 9254, 9255, 9256, 9257, 9258, 9259, 9260, 9262, 9265, 9266], "excluded_lines": [34, 35, 36, 43, 44, 45, 46], "start_line": 1}}}}, "totals": {"covered_lines": 1182, "num_statements": 3426, "percent_covered": 34.50087565674256, "percent_covered_display": "35", "missing_lines": 2244, "excluded_lines": 7, "percent_statements_covered": 34.50087565674256, "percent_statements_covered_display": "35"}}