{"meta": {"format": 3, "version": "7.15.2", "timestamp": "2026-07-19T04:43:17.352923", "branch_coverage": true, "show_contexts": false}, "files": {"cache_manager.py": {"executed_lines": [1, 3, 4, 5, 6, 7, 8, 9, 17, 24, 25, 26, 27, 36, 37, 38, 39, 47, 48, 50, 53, 56, 59, 62, 65, 68, 71, 75, 76, 78, 79, 80, 81, 83, 84, 85, 86, 87, 88, 91, 92, 93, 94, 95, 97, 98, 99, 100, 102, 103, 104, 105, 106, 108, 109, 110, 111, 113, 114, 115, 117, 118, 119, 121, 122, 123, 124, 126, 127, 128, 129, 132, 133, 135, 140, 143, 146, 150, 153, 157, 160, 164, 168, 169, 170, 171, 172, 173, 174, 175, 176, 178, 179, 180, 181, 192, 193, 194, 195, 196, 197, 198, 199, 206, 207, 208, 210, 217, 219, 220, 221, 223, 224, 226, 227, 228, 229, 240, 242, 243, 244, 255, 257, 258, 261, 262, 264, 265, 267, 268, 270, 271, 272, 274, 275, 277, 278, 281, 282, 283, 288, 289, 290, 291, 292, 294, 304, 306, 307, 308, 309, 310, 311, 312, 313, 314, 318, 319, 321, 322, 323, 324, 325, 329, 345, 346, 348, 349, 350, 351, 352, 353, 354, 358, 359, 360, 361, 362, 364, 366, 367, 368, 369, 370, 371, 374, 381, 388, 407, 408, 416, 417, 418, 419, 421, 422, 424, 425, 434, 435, 437, 440, 441, 443, 444], "summary": {"covered_lines": 205, "num_statements": 289, "percent_covered": 65.52706552706553, "percent_covered_display": "65.5", "missing_lines": 84, "excluded_lines": 11, "percent_statements_covered": 70.93425605536332, "percent_statements_covered_display": "70.9", "num_branches": 62, "num_partial_branches": 15, "covered_branches": 25, "missing_branches": 37, "percent_branches_covered": 40.32258064516129, "percent_branches_covered_display": "40.3"}, "missing_lines": [28, 29, 30, 31, 32, 33, 40, 41, 42, 43, 44, 72, 89, 125, 136, 137, 138, 141, 144, 147, 148, 151, 154, 155, 158, 161, 162, 165, 209, 211, 212, 213, 214, 215, 216, 259, 279, 280, 284, 285, 286, 287, 305, 315, 316, 320, 326, 327, 330, 331, 332, 333, 334, 335, 336, 337, 338, 339, 340, 341, 342, 343, 347, 355, 356, 363, 372, 373, 382, 383, 384, 385, 386, 389, 390, 391, 392, 393, 394, 395, 396, 397, 398, 438], "excluded_lines": [11, 12, 13, 14, 51, 54, 57, 60, 63, 66, 69], "executed_branches": [[26, 27], [38, 39], [85, 86], [85, 87], [88, -83], [104, -102], [104, 105], [124, 126], [126, 127], [126, 128], [128, 129], [208, 210], [210, 217], [258, 261], [278, 281], [288, 289], [288, 291], [304, 306], [312, 313], [312, 314], [319, 321], [346, 348], [351, 352], [362, 364], [369, 370]], "missing_branches": [[26, 28], [29, 30], [29, 31], [31, 32], [31, 33], [38, 40], [88, 89], [124, 125], [128, -121], [136, 137], [136, 138], [147, -146], [147, 148], [154, -153], [154, 155], [161, -160], [161, 162], [208, 209], [210, 211], [258, 259], [278, 279], [304, 305], [319, 320], [330, 331], [330, 332], [335, 336], [335, 337], [337, 338], [337, 340], [346, 347], [351, 353], [362, 363], [369, 374], [384, 385], [384, 386], [391, 392], [391, 398]], "functions": {"_read_bool_env": {"executed_lines": [25, 26, 27], "summary": {"covered_lines": 3, "num_statements": 9, "percent_covered": 26.666666666666668, "percent_covered_display": "26.7", "missing_lines": 6, "excluded_lines": 0, "percent_statements_covered": 33.333333333333336, "percent_statements_covered_display": "33.3", "num_branches": 6, "num_partial_branches": 1, "covered_branches": 1, "missing_branches": 5, "percent_branches_covered": 16.666666666666668, "percent_branches_covered_display": "16.7"}, "missing_lines": [28, 29, 30, 31, 32, 33], "excluded_lines": [], "start_line": 24, "executed_branches": [[26, 27]], "missing_branches": [[26, 28], [29, 30], [29, 31], [31, 32], [31, 33]]}, "_read_float_env": {"executed_lines": [37, 38, 39], "summary": {"covered_lines": 3, "num_statements": 8, "percent_covered": 40.0, "percent_covered_display": "40.0", "missing_lines": 5, "excluded_lines": 0, "percent_statements_covered": 37.5, "percent_statements_covered_display": "37.5", "num_branches": 2, "num_partial_branches": 1, "covered_branches": 1, "missing_branches": 1, "percent_branches_covered": 50.0, "percent_branches_covered_display": "50.0"}, "missing_lines": [40, 41, 42, 43, 44], "excluded_lines": [], "start_line": 36, "executed_branches": [[38, 39]], "missing_branches": [[38, 40]]}, "_CacheBackend.get": {"executed_lines": [], "summary": {"covered_lines": 0, "num_statements": 0, "percent_covered": 100.0, "percent_covered_display": "100.0", "missing_lines": 0, "excluded_lines": 1, "percent_statements_covered": 100.0, "percent_statements_covered_display": "100.0", "num_branches": 0, "num_partial_branches": 0, "covered_branches": 0, "missing_branches": 0, "percent_branches_covered": 100.0, "percent_branches_covered_display": "100.0"}, "missing_lines": [], "excluded_lines": [51], "start_line": 50, "executed_branches": [], "missing_branches": []}, "_CacheBackend.set": {"executed_lines": [], "summary": {"covered_lines": 0, "num_statements": 0, "percent_covered": 100.0, "percent_covered_display": "100.0", "missing_lines": 0, "excluded_lines": 1, "percent_statements_covered": 100.0, "percent_statements_covered_display": "100.0", "num_branches": 0, "num_partial_branches": 0, "covered_branches": 0, "missing_branches": 0, "percent_branches_covered": 100.0, "percent_branches_covered_display": "100.0"}, "missing_lines": [], "excluded_lines": [54], "start_line": 53, "executed_branches": [], "missing_branches": []}, "_CacheBackend.delete": {"executed_lines": [], "summary": {"covered_lines": 0, "num_statements": 0, "percent_covered": 100.0, "percent_covered_display": "100.0", "missing_lines": 0, "excluded_lines": 1, "percent_statements_covered": 100.0, "percent_statements_covered_display": "100.0", "num_branches": 0, "num_partial_branches": 0, "covered_branches": 0, "missing_branches": 0, "percent_branches_covered": 100.0, "percent_branches_covered_display": "100.0"}, "missing_lines": [], "excluded_lines": [57], "start_line": 56, "executed_branches": [], "missing_branches": []}, "_CacheBackend.exists": {"executed_lines": [], "summary": {"covered_lines": 0, "num_statements": 0, "percent_covered": 100.0, "percent_covered_display": "100.0", "missing_lines": 0, "excluded_lines": 1, "percent_statements_covered": 100.0, "percent_statements_covered_display": "100.0", "num_branches": 0, "num_partial_branches": 0, "covered_branches": 0, "missing_branches": 0, "percent_branches_covered": 100.0, "percent_branches_covered_display": "100.0"}, "missing_lines": [], "excluded_lines": [60], "start_line": 59, "executed_branches": [], "missing_branches": []}, "_CacheBackend.sadd": {"executed_lines": [], "summary": {"covered_lines": 0, "num_statements": 0, "percent_covered": 100.0, "percent_covered_display": "100.0", "missing_lines": 0, "excluded_lines": 1, "percent_statements_covered": 100.0, "percent_statements_covered_display": "100.0", "num_branches": 0, "num_partial_branches": 0, "covered_branches": 0, "missing_branches": 0, "percent_branches_covered": 100.0, "percent_branches_covered_display": "100.0"}, "missing_lines": [], "excluded_lines": [63], "start_line": 62, "executed_branches": [], "missing_branches": []}, "_CacheBackend.smembers": {"executed_lines": [], "summary": {"covered_lines": 0, "num_statements": 0, "percent_covered": 100.0, "percent_covered_display": "100.0", "missing_lines": 0, "excluded_lines": 1, "percent_statements_covered": 100.0, "percent_statements_covered_display": "100.0", "num_branches": 0, "num_partial_branches": 0, "covered_branches": 0, "missing_branches": 0, "percent_branches_covered": 100.0, "percent_branches_covered_display": "100.0"}, "missing_lines": [], "excluded_lines": [66], "start_line": 65, "executed_branches": [], "missing_branches": []}, "_CacheBackend.srem": {"executed_lines": [], "summary": {"covered_lines": 0, "num_statements": 0, "percent_covered": 100.0, "percent_covered_display": "100.0", "missing_lines": 0, "excluded_lines": 1, "percent_statements_covered": 100.0, "percent_statements_covered_display": "100.0", "num_branches": 0, "num_partial_branches": 0, "covered_branches": 0, "missing_branches": 0, "percent_branches_covered": 100.0, "percent_branches_covered_display": "100.0"}, "missing_lines": [], "excluded_lines": [69], "start_line": 68, "executed_branches": [], "missing_branches": []}, "_CacheBackend.ping": {"executed_lines": [], "summary": {"covered_lines": 0, "num_statements": 1, "percent_covered": 0.0, "percent_covered_display": "0.0", "missing_lines": 1, "excluded_lines": 0, "percent_statements_covered": 0.0, "percent_statements_covered_display": "0.0", "num_branches": 0, "num_partial_branches": 0, "covered_branches": 0, "missing_branches": 0, "percent_branches_covered": 100.0, "percent_branches_covered_display": "100.0"}, "missing_lines": [72], "excluded_lines": [], "start_line": 71, "executed_branches": [], "missing_branches": []}, "MemoryCacheBackend.__init__": {"executed_lines": [79, 80, 81], "summary": {"covered_lines": 3, "num_statements": 3, "percent_covered": 100.0, "percent_covered_display": "100.0", "missing_lines": 0, "excluded_lines": 0, "percent_statements_covered": 100.0, "percent_statements_covered_display": "100.0", "num_branches": 0, "num_partial_branches": 0, "covered_branches": 0, "missing_branches": 0, "percent_branches_covered": 100.0, "percent_branches_covered_display": "100.0"}, "missing_lines": [], "excluded_lines": [], "start_line": 78, "executed_branches": [], "missing_branches": []}, "MemoryCacheBackend._purge_key": {"executed_lines": [84, 85, 86, 87, 88], "summary": {"covered_lines": 5, "num_statements": 6, "percent_covered": 80.0, "percent_covered_display": "80.0", "missing_lines": 1, "excluded_lines": 0, "percent_statements_covered": 83.33333333333333, "percent_statements_covered_display": "83.3", "num_branches": 4, "num_partial_branches": 1, "covered_branches": 3, "missing_branches": 1, "percent_branches_covered": 75.0, "percent_branches_covered_display": "75.0"}, "missing_lines": [89], "excluded_lines": [], "start_line": 83, "executed_branches": [[85, 86], [85, 87], [88, -83]], "missing_branches": [[88, 89]]}, "MemoryCacheBackend.get": {"executed_lines": [92, 93, 94, 95], "summary": {"covered_lines": 4, "num_statements": 4, "percent_covered": 100.0, "percent_covered_display": "100.0", "missing_lines": 0, "excluded_lines": 0, "percent_statements_covered": 100.0, "percent_statements_covered_display": "100.0", "num_branches": 0, "num_partial_branches": 0, "covered_branches": 0, "missing_branches": 0, "percent_branches_covered": 100.0, "percent_branches_covered_display": "100.0"}, "missing_lines": [], "excluded_lines": [], "start_line": 91, "executed_branches": [], "missing_branches": []}, "MemoryCacheBackend.set": {"executed_lines": [98, 99, 100], "summary": {"covered_lines": 3, "num_statements": 3, "percent_covered": 100.0, "percent_covered_display": "100.0", "missing_lines": 0, "excluded_lines": 0, "percent_statements_covered": 100.0, "percent_statements_covered_display": "100.0", "num_branches": 0, "num_partial_branches": 0, "covered_branches": 0, "missing_branches": 0, "percent_branches_covered": 100.0, "percent_branches_covered_display": "100.0"}, "missing_lines": [], "excluded_lines": [], "start_line": 97, "executed_branches": [], "missing_branches": []}, "MemoryCacheBackend.delete": {"executed_lines": [103, 104, 105, 106], "summary": {"covered_lines": 4, "num_statements": 4, "percent_covered": 100.0, "percent_covered_display": "100.0", "missing_lines": 0, "excluded_lines": 0, "percent_statements_covered": 100.0, "percent_statements_covered_display": "100.0", "num_branches": 2, "num_partial_branches": 0, "covered_branches": 2, "missing_branches": 0, "percent_branches_covered": 100.0, "percent_branches_covered_display": "100.0"}, "missing_lines": [], "excluded_lines": [], "start_line": 102, "executed_branches": [[104, -102], [104, 105]], "missing_branches": []}, "MemoryCacheBackend.exists": {"executed_lines": [109, 110, 111], "summary": {"covered_lines": 3, "num_statements": 3, "percent_covered": 100.0, "percent_covered_display": "100.0", "missing_lines": 0, "excluded_lines": 0, "percent_statements_covered": 100.0, "percent_statements_covered_display": "100.0", "num_branches": 0, "num_partial_branches": 0, "covered_branches": 0, "missing_branches": 0, "percent_branches_covered": 100.0, "percent_branches_covered_display": "100.0"}, "missing_lines": [], "excluded_lines": [], "start_line": 108, "executed_branches": [], "missing_branches": []}, "MemoryCacheBackend.sadd": {"executed_lines": [114, 115], "summary": {"covered_lines": 2, "num_statements": 2, "percent_covered": 100.0, "percent_covered_display": "100.0", "missing_lines": 0, "excluded_lines": 0, "percent_statements_covered": 100.0, "percent_statements_covered_display": "100.0", "num_branches": 0, "num_partial_branches": 0, "covered_branches": 0, "missing_branches": 0, "percent_branches_covered": 100.0, "percent_branches_covered_display": "100.0"}, "missing_lines": [], "excluded_lines": [], "start_line": 113, "executed_branches": [], "missing_branches": []}, "MemoryCacheBackend.smembers": {"executed_lines": [118, 119], "summary": {"covered_lines": 2, "num_statements": 2, "percent_covered": 100.0, "percent_covered_display": "100.0", "missing_lines": 0, "excluded_lines": 0, "percent_statements_covered": 100.0, "percent_statements_covered_display": "100.0", "num_branches": 0, "num_partial_branches": 0, "covered_branches": 0, "missing_branches": 0, "percent_branches_covered": 100.0, "percent_branches_covered_display": "100.0"}, "missing_lines": [], "excluded_lines": [], "start_line": 117, "executed_branches": [], "missing_branches": []}, "MemoryCacheBackend.srem": {"executed_lines": [122, 123, 124, 126, 127, 128, 129], "summary": {"covered_lines": 7, "num_statements": 8, "percent_covered": 78.57142857142857, "percent_covered_display": "78.6", "missing_lines": 1, "excluded_lines": 0, "percent_statements_covered": 87.5, "percent_statements_covered_display": "87.5", "num_branches": 6, "num_partial_branches": 2, "covered_branches": 4, "missing_branches": 2, "percent_branches_covered": 66.66666666666667, "percent_branches_covered_display": "66.7"}, "missing_lines": [125], "excluded_lines": [], "start_line": 121, "executed_branches": [[124, 126], [126, 127], [126, 128], [128, 129]], "missing_branches": [[124, 125], [128, -121]]}, "RedisCacheBackend.__init__": {"executed_lines": [], "summary": {"covered_lines": 0, "num_statements": 3, "percent_covered": 0.0, "percent_covered_display": "0.0", "missing_lines": 3, "excluded_lines": 0, "percent_statements_covered": 0.0, "percent_statements_covered_display": "0.0", "num_branches": 2, "num_partial_branches": 0, "covered_branches": 0, "missing_branches": 2, "percent_branches_covered": 0.0, "percent_branches_covered_display": "0.0"}, "missing_lines": [136, 137, 138], "excluded_lines": [], "start_line": 135, "executed_branches": [], "missing_branches": [[136, 137], [136, 138]]}, "RedisCacheBackend.get": {"executed_lines": [], "summary": {"covered_lines": 0, "num_statements": 1, "percent_covered": 0.0, "percent_covered_display": "0.0", "missing_lines": 1, "excluded_lines": 0, "percent_statements_covered": 0.0, "percent_statements_covered_display": "0.0", "num_branches": 0, "num_partial_branches": 0, "covered_branches": 0, "missing_branches": 0, "percent_branches_covered": 100.0, "percent_branches_covered_display": "100.0"}, "missing_lines": [141], "excluded_lines": [], "start_line": 140, "executed_branches": [], "missing_branches": []}, "RedisCacheBackend.set": {"executed_lines": [], "summary": {"covered_lines": 0, "num_statements": 1, "percent_covered": 0.0, "percent_covered_display": "0.0", "missing_lines": 1, "excluded_lines": 0, "percent_statements_covered": 0.0, "percent_statements_covered_display": "0.0", "num_branches": 0, "num_partial_branches": 0, "covered_branches": 0, "missing_branches": 0, "percent_branches_covered": 100.0, "percent_branches_covered_display": "100.0"}, "missing_lines": [144], "excluded_lines": [], "start_line": 143, "executed_branches": [], "missing_branches": []}, "RedisCacheBackend.delete": {"executed_lines": [], "summary": {"covered_lines": 0, "num_statements": 2, "percent_covered": 0.0, "percent_covered_display": "0.0", "missing_lines": 2, "excluded_lines": 0, "percent_statements_covered": 0.0, "percent_statements_covered_display": "0.0", "num_branches": 2, "num_partial_branches": 0, "covered_branches": 0, "missing_branches": 2, "percent_branches_covered": 0.0, "percent_branches_covered_display": "0.0"}, "missing_lines": [147, 148], "excluded_lines": [], "start_line": 146, "executed_branches": [], "missing_branches": [[147, -146], [147, 148]]}, "RedisCacheBackend.exists": {"executed_lines": [], "summary": {"covered_lines": 0, "num_statements": 1, "percent_covered": 0.0, "percent_covered_display": "0.0", "missing_lines": 1, "excluded_lines": 0, "percent_statements_covered": 0.0, "percent_statements_covered_display": "0.0", "num_branches": 0, "num_partial_branches": 0, "covered_branches": 0, "missing_branches": 0, "percent_branches_covered": 100.0, "percent_branches_covered_display": "100.0"}, "missing_lines": [151], "excluded_lines": [], "start_line": 150, "executed_branches": [], "missing_branches": []}, "RedisCacheBackend.sadd": {"executed_lines": [], "summary": {"covered_lines": 0, "num_statements": 2, "percent_covered": 0.0, "percent_covered_display": "0.0", "missing_lines": 2, "excluded_lines": 0, "percent_statements_covered": 0.0, "percent_statements_covered_display": "0.0", "num_branches": 2, "num_partial_branches": 0, "covered_branches": 0, "missing_branches": 2, "percent_branches_covered": 0.0, "percent_branches_covered_display": "0.0"}, "missing_lines": [154, 155], "excluded_lines": [], "start_line": 153, "executed_branches": [], "missing_branches": [[154, -153], [154, 155]]}, "RedisCacheBackend.smembers": {"executed_lines": [], "summary": {"covered_lines": 0, "num_statements": 1, "percent_covered": 0.0, "percent_covered_display": "0.0", "missing_lines": 1, "excluded_lines": 0, "percent_statements_covered": 0.0, "percent_statements_covered_display": "0.0", "num_branches": 0, "num_partial_branches": 0, "covered_branches": 0, "missing_branches": 0, "percent_branches_covered": 100.0, "percent_branches_covered_display": "100.0"}, "missing_lines": [158], "excluded_lines": [], "start_line": 157, "executed_branches": [], "missing_branches": []}, "RedisCacheBackend.srem": {"executed_lines": [], "summary": {"covered_lines": 0, "num_statements": 2, "percent_covered": 0.0, "percent_covered_display": "0.0", "missing_lines": 2, "excluded_lines": 0, "percent_statements_covered": 0.0, "percent_statements_covered_display": "0.0", "num_branches": 2, "num_partial_branches": 0, "covered_branches": 0, "missing_branches": 2, "percent_branches_covered": 0.0, "percent_branches_covered_display": "0.0"}, "missing_lines": [161, 162], "excluded_lines": [], "start_line": 160, "executed_branches": [], "missing_branches": [[161, -160], [161, 162]]}, "RedisCacheBackend.ping": {"executed_lines": [], "summary": {"covered_lines": 0, "num_statements": 1, "percent_covered": 0.0, "percent_covered_display": "0.0", "missing_lines": 1, "excluded_lines": 0, "percent_statements_covered": 0.0, "percent_statements_covered_display": "0.0", "num_branches": 0, "num_partial_branches": 0, "covered_branches": 0, "missing_branches": 0, "percent_branches_covered": 100.0, "percent_branches_covered_display": "100.0"}, "missing_lines": [165], "excluded_lines": [], "start_line": 164, "executed_branches": [], "missing_branches": []}, "CacheConfig.from_env": {"executed_lines": [180, 181], "summary": {"covered_lines": 2, "num_statements": 2, "percent_covered": 100.0, "percent_covered_display": "100.0", "missing_lines": 0, "excluded_lines": 0, "percent_statements_covered": 100.0, "percent_statements_covered_display": "100.0", "num_branches": 0, "num_partial_branches": 0, "covered_branches": 0, "missing_branches": 0, "percent_branches_covered": 100.0, "percent_branches_covered_display": "100.0"}, "missing_lines": [], "excluded_lines": [], "start_line": 179, "executed_branches": [], "missing_branches": []}, "CacheManager.__init__": {"executed_lines": [194, 195, 196, 197, 198, 199], "summary": {"covered_lines": 6, "num_statements": 6, "percent_covered": 100.0, "percent_covered_display": "100.0", "missing_lines": 0, "excluded_lines": 0, "percent_statements_covered": 100.0, "percent_statements_covered_display": "100.0", "num_branches": 0, "num_partial_branches": 0, "covered_branches": 0, "missing_branches": 0, "percent_branches_covered": 100.0, "percent_branches_covered_display": "100.0"}, "missing_lines": [], "excluded_lines": [], "start_line": 193, "executed_branches": [], "missing_branches": []}, "CacheManager._build_backend": {"executed_lines": [208, 210, 217], "summary": {"covered_lines": 3, "num_statements": 10, "percent_covered": 35.714285714285715, "percent_covered_display": "35.7", "missing_lines": 7, "excluded_lines": 0, "percent_statements_covered": 30.0, "percent_statements_covered_display": "30.0", "num_branches": 4, "num_partial_branches": 2, "covered_branches": 2, "missing_branches": 2, "percent_branches_covered": 50.0, "percent_branches_covered_display": "50.0"}, "missing_lines": [209, 211, 212, 213, 214, 215, 216], "excluded_lines": [], "start_line": 207, "executed_branches": [[208, 210], [210, 217]], "missing_branches": [[208, 209], [210, 211]]}, "CacheManager.backend_name": {"executed_lines": [221], "summary": {"covered_lines": 1, "num_statements": 1, "percent_covered": 100.0, "percent_covered_display": "100.0", "missing_lines": 0, "excluded_lines": 0, "percent_statements_covered": 100.0, "percent_statements_covered_display": "100.0", "num_branches": 0, "num_partial_branches": 0, "covered_branches": 0, "missing_branches": 0, "percent_branches_covered": 100.0, "percent_branches_covered_display": "100.0"}, "missing_lines": [], "excluded_lines": [], "start_line": 220, "executed_branches": [], "missing_branches": []}, "CacheManager.make_region": {"executed_lines": [224], "summary": {"covered_lines": 1, "num_statements": 1, "percent_covered": 100.0, "percent_covered_display": "100.0", "missing_lines": 0, "excluded_lines": 0, "percent_statements_covered": 100.0, "percent_statements_covered_display": "100.0", "num_branches": 0, "num_partial_branches": 0, "covered_branches": 0, "missing_branches": 0, "percent_branches_covered": 100.0, "percent_branches_covered_display": "100.0"}, "missing_lines": [], "excluded_lines": [], "start_line": 223, "executed_branches": [], "missing_branches": []}, "CacheManager._metrics_bucket": {"executed_lines": [227, 228, 229, 240], "summary": {"covered_lines": 4, "num_statements": 4, "percent_covered": 100.0, "percent_covered_display": "100.0", "missing_lines": 0, "excluded_lines": 0, "percent_statements_covered": 100.0, "percent_statements_covered_display": "100.0", "num_branches": 0, "num_partial_branches": 0, "covered_branches": 0, "missing_branches": 0, "percent_branches_covered": 100.0, "percent_branches_covered_display": "100.0"}, "missing_lines": [], "excluded_lines": [], "start_line": 226, "executed_branches": [], "missing_branches": []}, "CacheManager._record": {"executed_lines": [243, 244, 255], "summary": {"covered_lines": 3, "num_statements": 3, "percent_covered": 100.0, "percent_covered_display": "100.0", "missing_lines": 0, "excluded_lines": 0, "percent_statements_covered": 100.0, "percent_statements_covered_display": "100.0", "num_branches": 0, "num_partial_branches": 0, "covered_branches": 0, "missing_branches": 0, "percent_branches_covered": 100.0, "percent_branches_covered_display": "100.0"}, "missing_lines": [], "excluded_lines": [], "start_line": 242, "executed_branches": [], "missing_branches": []}, "CacheManager._serialized_key": {"executed_lines": [258, 261, 262], "summary": {"covered_lines": 3, "num_statements": 4, "percent_covered": 66.66666666666667, "percent_covered_display": "66.7", "missing_lines": 1, "excluded_lines": 0, "percent_statements_covered": 75.0, "percent_statements_covered_display": "75.0", "num_branches": 2, "num_partial_branches": 1, "covered_branches": 1, "missing_branches": 1, "percent_branches_covered": 50.0, "percent_branches_covered_display": "50.0"}, "missing_lines": [259], "excluded_lines": [], "start_line": 257, "executed_branches": [[258, 261]], "missing_branches": [[258, 259]]}, "CacheManager._scope_key": {"executed_lines": [265], "summary": {"covered_lines": 1, "num_statements": 1, "percent_covered": 100.0, "percent_covered_display": "100.0", "missing_lines": 0, "excluded_lines": 0, "percent_statements_covered": 100.0, "percent_statements_covered_display": "100.0", "num_branches": 0, "num_partial_branches": 0, "covered_branches": 0, "missing_branches": 0, "percent_branches_covered": 100.0, "percent_branches_covered_display": "100.0"}, "missing_lines": [], "excluded_lines": [], "start_line": 264, "executed_branches": [], "missing_branches": []}, "CacheManager._scope_index": {"executed_lines": [268], "summary": {"covered_lines": 1, "num_statements": 1, "percent_covered": 100.0, "percent_covered_display": "100.0", "missing_lines": 0, "excluded_lines": 0, "percent_statements_covered": 100.0, "percent_statements_covered_display": "100.0", "num_branches": 0, "num_partial_branches": 0, "covered_branches": 0, "missing_branches": 0, "percent_branches_covered": 100.0, "percent_branches_covered_display": "100.0"}, "missing_lines": [], "excluded_lines": [], "start_line": 267, "executed_branches": [], "missing_branches": []}, "CacheManager._tag_index": {"executed_lines": [271, 272], "summary": {"covered_lines": 2, "num_statements": 2, "percent_covered": 100.0, "percent_covered_display": "100.0", "missing_lines": 0, "excluded_lines": 0, "percent_statements_covered": 100.0, "percent_statements_covered_display": "100.0", "num_branches": 0, "num_partial_branches": 0, "covered_branches": 0, "missing_branches": 0, "percent_branches_covered": 100.0, "percent_branches_covered_display": "100.0"}, "missing_lines": [], "excluded_lines": [], "start_line": 270, "executed_branches": [], "missing_branches": []}, "CacheManager._ttl_for": {"executed_lines": [275], "summary": {"covered_lines": 1, "num_statements": 1, "percent_covered": 100.0, "percent_covered_display": "100.0", "missing_lines": 0, "excluded_lines": 0, "percent_statements_covered": 100.0, "percent_statements_covered_display": "100.0", "num_branches": 0, "num_partial_branches": 0, "covered_branches": 0, "missing_branches": 0, "percent_branches_covered": 100.0, "percent_branches_covered_display": "100.0"}, "missing_lines": [], "excluded_lines": [], "start_line": 274, "executed_branches": [], "missing_branches": []}, "CacheManager.get": {"executed_lines": [278, 281, 282, 283, 288, 289, 290, 291, 292], "summary": {"covered_lines": 9, "num_statements": 15, "percent_covered": 63.1578947368421, "percent_covered_display": "63.2", "missing_lines": 6, "excluded_lines": 0, "percent_statements_covered": 60.0, "percent_statements_covered_display": "60.0", "num_branches": 4, "num_partial_branches": 1, "covered_branches": 3, "missing_branches": 1, "percent_branches_covered": 75.0, "percent_branches_covered_display": "75.0"}, "missing_lines": [279, 280, 284, 285, 286, 287], "excluded_lines": [], "start_line": 277, "executed_branches": [[278, 281], [288, 289], [288, 291]], "missing_branches": [[278, 279]]}, "CacheManager.set": {"executed_lines": [304, 306, 307, 308, 309, 310, 311, 312, 313, 314], "summary": {"covered_lines": 10, "num_statements": 13, "percent_covered": 76.47058823529412, "percent_covered_display": "76.5", "missing_lines": 3, "excluded_lines": 0, "percent_statements_covered": 76.92307692307692, "percent_statements_covered_display": "76.9", "num_branches": 4, "num_partial_branches": 1, "covered_branches": 3, "missing_branches": 1, "percent_branches_covered": 75.0, "percent_branches_covered_display": "75.0"}, "missing_lines": [305, 315, 316], "excluded_lines": [], "start_line": 294, "executed_branches": [[304, 306], [312, 313], [312, 314]], "missing_branches": [[304, 305]]}, "CacheManager.invalidate": {"executed_lines": [319, 321, 322, 323, 324, 325], "summary": {"covered_lines": 6, "num_statements": 9, "percent_covered": 63.63636363636363, "percent_covered_display": "63.6", "missing_lines": 3, "excluded_lines": 0, "percent_statements_covered": 66.66666666666667, "percent_statements_covered_display": "66.7", "num_branches": 2, "num_partial_branches": 1, "covered_branches": 1, "missing_branches": 1, "percent_branches_covered": 50.0, "percent_branches_covered_display": "50.0"}, "missing_lines": [320, 326, 327], "excluded_lines": [], "start_line": 318, "executed_branches": [[319, 321]], "missing_branches": [[319, 320]]}, "CacheManager.invalidate_tags": {"executed_lines": [], "summary": {"covered_lines": 0, "num_statements": 14, "percent_covered": 0.0, "percent_covered_display": "0.0", "missing_lines": 14, "excluded_lines": 0, "percent_statements_covered": 0.0, "percent_statements_covered_display": "0.0", "num_branches": 6, "num_partial_branches": 0, "covered_branches": 0, "missing_branches": 6, "percent_branches_covered": 0.0, "percent_branches_covered_display": "0.0"}, "missing_lines": [330, 331, 332, 333, 334, 335, 336, 337, 338, 339, 340, 341, 342, 343], "excluded_lines": [], "start_line": 329, "executed_branches": [], "missing_branches": [[330, 331], [330, 332], [335, 336], [335, 337], [337, 338], [337, 340]]}, "CacheManager.clear": {"executed_lines": [346, 348, 349, 350, 351, 352, 353, 354], "summary": {"covered_lines": 8, "num_statements": 11, "percent_covered": 66.66666666666667, "percent_covered_display": "66.7", "missing_lines": 3, "excluded_lines": 0, "percent_statements_covered": 72.72727272727273, "percent_statements_covered_display": "72.7", "num_branches": 4, "num_partial_branches": 2, "covered_branches": 2, "missing_branches": 2, "percent_branches_covered": 50.0, "percent_branches_covered_display": "50.0"}, "missing_lines": [347, 355, 356], "excluded_lines": [], "start_line": 345, "executed_branches": [[346, 348], [351, 352]], "missing_branches": [[346, 347], [351, 353]]}, "CacheManager._prune_scope": {"executed_lines": [359, 360, 361, 362, 364], "summary": {"covered_lines": 5, "num_statements": 6, "percent_covered": 75.0, "percent_covered_display": "75.0", "missing_lines": 1, "excluded_lines": 0, "percent_statements_covered": 83.33333333333333, "percent_statements_covered_display": "83.3", "num_branches": 2, "num_partial_branches": 1, "covered_branches": 1, "missing_branches": 1, "percent_branches_covered": 50.0, "percent_branches_covered_display": "50.0"}, "missing_lines": [363], "excluded_lines": [], "start_line": 358, "executed_branches": [[362, 364]], "missing_branches": [[362, 363]]}, "CacheManager.stats": {"executed_lines": [367, 368, 369, 370, 371, 374], "summary": {"covered_lines": 6, "num_statements": 8, "percent_covered": 70.0, "percent_covered_display": "70.0", "missing_lines": 2, "excluded_lines": 0, "percent_statements_covered": 75.0, "percent_statements_covered_display": "75.0", "num_branches": 2, "num_partial_branches": 1, "covered_branches": 1, "missing_branches": 1, "percent_branches_covered": 50.0, "percent_branches_covered_display": "50.0"}, "missing_lines": [372, 373], "excluded_lines": [], "start_line": 366, "executed_branches": [[369, 370]], "missing_branches": [[369, 374]]}, "CacheManager.all_stats": {"executed_lines": [], "summary": {"covered_lines": 0, "num_statements": 5, "percent_covered": 0.0, "percent_covered_display": "0.0", "missing_lines": 5, "excluded_lines": 0, "percent_statements_covered": 0.0, "percent_statements_covered_display": "0.0", "num_branches": 2, "num_partial_branches": 0, "covered_branches": 0, "missing_branches": 2, "percent_branches_covered": 0.0, "percent_branches_covered_display": "0.0"}, "missing_lines": [382, 383, 384, 385, 386], "excluded_lines": [], "start_line": 381, "executed_branches": [], "missing_branches": [[384, 385], [384, 386]]}, "CacheManager.health_snapshot": {"executed_lines": [], "summary": {"covered_lines": 0, "num_statements": 10, "percent_covered": 0.0, "percent_covered_display": "0.0", "missing_lines": 10, "excluded_lines": 0, "percent_statements_covered": 0.0, "percent_statements_covered_display": "0.0", "num_branches": 2, "num_partial_branches": 0, "covered_branches": 0, "missing_branches": 2, "percent_branches_covered": 0.0, "percent_branches_covered_display": "0.0"}, "missing_lines": [389, 390, 391, 392, 393, 394, 395, 396, 397, 398], "excluded_lines": [], "start_line": 388, "executed_branches": [], "missing_branches": [[391, 392], [391, 398]]}, "CacheRegion.__init__": {"executed_lines": [416, 417, 418, 419], "summary": {"covered_lines": 4, "num_statements": 4, "percent_covered": 100.0, "percent_covered_display": "100.0", "missing_lines": 0, "excluded_lines": 0, "percent_statements_covered": 100.0, "percent_statements_covered_display": "100.0", "num_branches": 0, "num_partial_branches": 0, "covered_branches": 0, "missing_branches": 0, "percent_branches_covered": 100.0, "percent_branches_covered_display": "100.0"}, "missing_lines": [], "excluded_lines": [], "start_line": 408, "executed_branches": [], "missing_branches": []}, "CacheRegion.get": {"executed_lines": [422], "summary": {"covered_lines": 1, "num_statements": 1, "percent_covered": 100.0, "percent_covered_display": "100.0", "missing_lines": 0, "excluded_lines": 0, "percent_statements_covered": 100.0, "percent_statements_covered_display": "100.0", "num_branches": 0, "num_partial_branches": 0, "covered_branches": 0, "missing_branches": 0, "percent_branches_covered": 100.0, "percent_branches_covered_display": "100.0"}, "missing_lines": [], "excluded_lines": [], "start_line": 421, "executed_branches": [], "missing_branches": []}, "CacheRegion.set": {"executed_lines": [425], "summary": {"covered_lines": 1, "num_statements": 1, "percent_covered": 100.0, "percent_covered_display": "100.0", "missing_lines": 0, "excluded_lines": 0, "percent_statements_covered": 100.0, "percent_statements_covered_display": "100.0", "num_branches": 0, "num_partial_branches": 0, "covered_branches": 0, "missing_branches": 0, "percent_branches_covered": 100.0, "percent_branches_covered_display": "100.0"}, "missing_lines": [], "excluded_lines": [], "start_line": 424, "executed_branches": [], "missing_branches": []}, "CacheRegion.invalidate": {"executed_lines": [435], "summary": {"covered_lines": 1, "num_statements": 1, "percent_covered": 100.0, "percent_covered_display": "100.0", "missing_lines": 0, "excluded_lines": 0, "percent_statements_covered": 100.0, "percent_statements_covered_display": "100.0", "num_branches": 0, "num_partial_branches": 0, "covered_branches": 0, "missing_branches": 0, "percent_branches_covered": 100.0, "percent_branches_covered_display": "100.0"}, "missing_lines": [], "excluded_lines": [], "start_line": 434, "executed_branches": [], "missing_branches": []}, "CacheRegion.invalidate_tags": {"executed_lines": [], "summary": {"covered_lines": 0, "num_statements": 1, "percent_covered": 0.0, "percent_covered_display": "0.0", "missing_lines": 1, "excluded_lines": 0, "percent_statements_covered": 0.0, "percent_statements_covered_display": "0.0", "num_branches": 0, "num_partial_branches": 0, "covered_branches": 0, "missing_branches": 0, "percent_branches_covered": 100.0, "percent_branches_covered_display": "100.0"}, "missing_lines": [438], "excluded_lines": [], "start_line": 437, "executed_branches": [], "missing_branches": []}, "CacheRegion.clear": {"executed_lines": [441], "summary": {"covered_lines": 1, "num_statements": 1, "percent_covered": 100.0, "percent_covered_display": "100.0", "missing_lines": 0, "excluded_lines": 0, "percent_statements_covered": 100.0, "percent_statements_covered_display": "100.0", "num_branches": 0, "num_partial_branches": 0, "covered_branches": 0, "missing_branches": 0, "percent_branches_covered": 100.0, "percent_branches_covered_display": "100.0"}, "missing_lines": [], "excluded_lines": [], "start_line": 440, "executed_branches": [], "missing_branches": []}, "CacheRegion.stats": {"executed_lines": [444], "summary": {"covered_lines": 1, "num_statements": 1, "percent_covered": 100.0, "percent_covered_display": "100.0", "missing_lines": 0, "excluded_lines": 0, "percent_statements_covered": 100.0, "percent_statements_covered_display": "100.0", "num_branches": 0, "num_partial_branches": 0, "covered_branches": 0, "missing_branches": 0, "percent_branches_covered": 100.0, "percent_branches_covered_display": "100.0"}, "missing_lines": [], "excluded_lines": [], "start_line": 443, "executed_branches": [], "missing_branches": []}, "": {"executed_lines": [1, 3, 4, 5, 6, 7, 8, 9, 17, 24, 36, 47, 48, 50, 53, 56, 59, 62, 65, 68, 71, 75, 76, 78, 83, 91, 97, 102, 108, 113, 117, 121, 132, 133, 135, 140, 143, 146, 150, 153, 157, 160, 164, 168, 169, 170, 171, 172, 173, 174, 175, 176, 178, 179, 192, 193, 206, 207, 219, 220, 223, 226, 242, 257, 264, 267, 270, 274, 277, 294, 318, 329, 345, 358, 366, 381, 388, 407, 408, 421, 424, 434, 437, 440, 443], "summary": {"covered_lines": 85, "num_statements": 85, "percent_covered": 100.0, "percent_covered_display": "100.0", "missing_lines": 0, "excluded_lines": 4, "percent_statements_covered": 100.0, "percent_statements_covered_display": "100.0", "num_branches": 0, "num_partial_branches": 0, "covered_branches": 0, "missing_branches": 0, "percent_branches_covered": 100.0, "percent_branches_covered_display": "100.0"}, "missing_lines": [], "excluded_lines": [11, 12, 13, 14], "start_line": 1, "executed_branches": [], "missing_branches": []}}, "classes": {"_CacheBackend": {"executed_lines": [], "summary": {"covered_lines": 0, "num_statements": 1, "percent_covered": 0.0, "percent_covered_display": "0.0", "missing_lines": 1, "excluded_lines": 7, "percent_statements_covered": 0.0, "percent_statements_covered_display": "0.0", "num_branches": 0, "num_partial_branches": 0, "covered_branches": 0, "missing_branches": 0, "percent_branches_covered": 100.0, "percent_branches_covered_display": "100.0"}, "missing_lines": [72], "excluded_lines": [51, 54, 57, 60, 63, 66, 69], "start_line": 47, "executed_branches": [], "missing_branches": []}, "MemoryCacheBackend": {"executed_lines": [79, 80, 81, 84, 85, 86, 87, 88, 92, 93, 94, 95, 98, 99, 100, 103, 104, 105, 106, 109, 110, 111, 114, 115, 118, 119, 122, 123, 124, 126, 127, 128, 129], "summary": {"covered_lines": 33, "num_statements": 35, "percent_covered": 89.36170212765957, "percent_covered_display": "89.4", "missing_lines": 2, "excluded_lines": 0, "percent_statements_covered": 94.28571428571429, "percent_statements_covered_display": "94.3", "num_branches": 12, "num_partial_branches": 3, "covered_branches": 9, "missing_branches": 3, "percent_branches_covered": 75.0, "percent_branches_covered_display": "75.0"}, "missing_lines": [89, 125], "excluded_lines": [], "start_line": 75, "executed_branches": [[85, 86], [85, 87], [88, -83], [104, -102], [104, 105], [124, 126], [126, 127], [126, 128], [128, 129]], "missing_branches": [[88, 89], [124, 125], [128, -121]]}, "RedisCacheBackend": {"executed_lines": [], "summary": {"covered_lines": 0, "num_statements": 14, "percent_covered": 0.0, "percent_covered_display": "0.0", "missing_lines": 14, "excluded_lines": 0, "percent_statements_covered": 0.0, "percent_statements_covered_display": "0.0", "num_branches": 8, "num_partial_branches": 0, "covered_branches": 0, "missing_branches": 8, "percent_branches_covered": 0.0, "percent_branches_covered_display": "0.0"}, "missing_lines": [136, 137, 138, 141, 144, 147, 148, 151, 154, 155, 158, 161, 162, 165], "excluded_lines": [], "start_line": 132, "executed_branches": [], "missing_branches": [[136, 137], [136, 138], [147, -146], [147, 148], [154, -153], [154, 155], [161, -160], [161, 162]]}, "CacheConfig": {"executed_lines": [180, 181], "summary": {"covered_lines": 2, "num_statements": 2, "percent_covered": 100.0, "percent_covered_display": "100.0", "missing_lines": 0, "excluded_lines": 0, "percent_statements_covered": 100.0, "percent_statements_covered_display": "100.0", "num_branches": 0, "num_partial_branches": 0, "covered_branches": 0, "missing_branches": 0, "percent_branches_covered": 100.0, "percent_branches_covered_display": "100.0"}, "missing_lines": [], "excluded_lines": [], "start_line": 169, "executed_branches": [], "missing_branches": []}, "CacheManager": {"executed_lines": [194, 195, 196, 197, 198, 199, 208, 210, 217, 221, 224, 227, 228, 229, 240, 243, 244, 255, 258, 261, 262, 265, 268, 271, 272, 275, 278, 281, 282, 283, 288, 289, 290, 291, 292, 304, 306, 307, 308, 309, 310, 311, 312, 313, 314, 319, 321, 322, 323, 324, 325, 346, 348, 349, 350, 351, 352, 353, 354, 359, 360, 361, 362, 364, 367, 368, 369, 370, 371, 374], "summary": {"covered_lines": 70, "num_statements": 125, "percent_covered": 52.83018867924528, "percent_covered_display": "52.8", "missing_lines": 55, "excluded_lines": 0, "percent_statements_covered": 56.0, "percent_statements_covered_display": "56.0", "num_branches": 34, "num_partial_branches": 10, "covered_branches": 14, "missing_branches": 20, "percent_branches_covered": 41.1764705882353, "percent_branches_covered_display": "41.2"}, "missing_lines": [209, 211, 212, 213, 214, 215, 216, 259, 279, 280, 284, 285, 286, 287, 305, 315, 316, 320, 326, 327, 330, 331, 332, 333, 334, 335, 336, 337, 338, 339, 340, 341, 342, 343, 347, 355, 356, 363, 372, 373, 382, 383, 384, 385, 386, 389, 390, 391, 392, 393, 394, 395, 396, 397, 398], "excluded_lines": [], "start_line": 192, "executed_branches": [[208, 210], [210, 217], [258, 261], [278, 281], [288, 289], [288, 291], [304, 306], [312, 313], [312, 314], [319, 321], [346, 348], [351, 352], [362, 364], [369, 370]], "missing_branches": [[208, 209], [210, 211], [258, 259], [278, 279], [304, 305], [319, 320], [330, 331], [330, 332], [335, 336], [335, 337], [337, 338], [337, 340], [346, 347], [351, 353], [362, 363], [369, 374], [384, 385], [384, 386], [391, 392], [391, 398]]}, "CacheRegion": {"executed_lines": [416, 417, 418, 419, 422, 425, 435, 441, 444], "summary": {"covered_lines": 9, "num_statements": 10, "percent_covered": 90.0, "percent_covered_display": "90.0", "missing_lines": 1, "excluded_lines": 0, "percent_statements_covered": 90.0, "percent_statements_covered_display": "90.0", "num_branches": 0, "num_partial_branches": 0, "covered_branches": 0, "missing_branches": 0, "percent_branches_covered": 100.0, "percent_branches_covered_display": "100.0"}, "missing_lines": [438], "excluded_lines": [], "start_line": 407, "executed_branches": [], "missing_branches": []}, "": {"executed_lines": [1, 3, 4, 5, 6, 7, 8, 9, 17, 24, 25, 26, 27, 36, 37, 38, 39, 47, 48, 50, 53, 56, 59, 62, 65, 68, 71, 75, 76, 78, 83, 91, 97, 102, 108, 113, 117, 121, 132, 133, 135, 140, 143, 146, 150, 153, 157, 160, 164, 168, 169, 170, 171, 172, 173, 174, 175, 176, 178, 179, 192, 193, 206, 207, 219, 220, 223, 226, 242, 257, 264, 267, 270, 274, 277, 294, 318, 329, 345, 358, 366, 381, 388, 407, 408, 421, 424, 434, 437, 440, 443], "summary": {"covered_lines": 91, "num_statements": 102, "percent_covered": 84.54545454545455, "percent_covered_display": "84.5", "missing_lines": 11, "excluded_lines": 4, "percent_statements_covered": 89.2156862745098, "percent_statements_covered_display": "89.2", "num_branches": 8, "num_partial_branches": 2, "covered_branches": 2, "missing_branches": 6, "percent_branches_covered": 25.0, "percent_branches_covered_display": "25.0"}, "missing_lines": [28, 29, 30, 31, 32, 33, 40, 41, 42, 43, 44], "excluded_lines": [11, 12, 13, 14], "start_line": 1, "executed_branches": [[26, 27], [38, 39]], "missing_branches": [[26, 28], [29, 30], [29, 31], [31, 32], [31, 33], [38, 40]]}}}, "funding_bot.py": {"executed_lines": [1, 3, 4, 5, 6, 7, 8, 9, 10, 11, 12, 13, 14, 15, 16, 17, 18, 19, 20, 21, 22, 23, 24, 25, 26, 27, 28, 29, 30, 31, 32, 34, 35, 36, 37, 38, 39, 40, 62, 63, 66, 67, 68, 72, 74, 75, 76, 77, 83, 84, 85, 106, 107, 108, 109, 110, 114, 126, 134, 135, 136, 166, 167, 173, 174, 175, 176, 177, 178, 179, 182, 185, 193, 205, 206, 210, 213, 223, 226, 237, 250, 252, 253, 254, 255, 256, 258, 259, 261, 262, 263, 266, 267, 270, 277, 278, 279, 280, 281, 282, 285, 286, 288, 291, 292, 293, 300, 301, 304, 305, 306, 308, 311, 321, 322, 326, 330, 335, 342, 365, 371, 372, 389, 392, 403, 408, 412, 422, 431, 440, 450, 453, 454, 455, 456, 457, 459, 472, 475, 478, 481, 482, 490, 493, 495, 497, 500, 503, 504, 510, 511, 513, 514, 515, 517, 518, 520, 521, 523, 524, 527, 528, 529, 530, 531, 536, 537, 551, 577, 585, 590, 593, 594, 595, 597, 598, 599, 609, 617, 618, 627, 628, 629, 630, 631, 633, 646, 650, 677, 680, 683, 684, 685, 687, 693, 704, 714, 715, 716, 728, 755, 758, 763, 772, 792, 805, 809, 822, 823, 827, 842, 855, 859, 860, 875, 876, 883, 903, 907, 952, 973, 974, 985, 989, 993, 997, 1001, 1005, 1009, 1013, 1017, 1021, 1025, 1026, 1029, 1030, 1031, 1032, 1033, 1034, 1035, 1036, 1037, 1038, 1040, 1041, 1057, 1072, 1073, 1076, 1077, 1078, 1079, 1080, 1081, 1082, 1083, 1084, 1085, 1086, 1087, 1088, 1090, 1091, 1100, 1106, 1110, 1114, 1118, 1122, 1125, 1131, 1137, 1142, 1145, 1149, 1156, 1159, 1182, 1185, 1188, 1228, 1229, 1239, 1240, 1243, 1246, 1249, 1252, 1256, 1257, 1261, 1262, 1266, 1269, 1270, 1271, 1272, 1276, 1279, 1282, 1289, 1292, 1305, 1312, 1313, 1314, 1315, 1316, 1319, 1320, 1322, 1323, 1325, 1326, 1327, 1328, 1329, 1346, 1347, 1349, 1351, 1354, 1377, 1385, 1464, 1465, 1486, 1523, 1526, 1533, 1534, 1535, 1536, 1537, 1539, 1540, 1541, 1542, 1543, 1544, 1549, 1550, 1551, 1552, 1553, 1554, 1555, 1557, 1559, 1560, 1561, 1562, 1565, 1566, 1567, 1568, 1571, 1574, 1577, 1590, 1645, 1657, 1660, 1661, 1662, 1663, 1664, 1665, 1667, 1693, 1694, 1695, 1699, 1700, 1701, 1702, 1703, 1704, 1705, 1706, 1707, 1708, 1709, 1710, 1712, 1717, 1718, 1719, 1720, 1721, 1722, 1723, 1724, 1725, 1726, 1731, 1732, 1733, 1734, 1735, 1736, 1748, 1749, 1752, 1753, 1754, 1756, 1757, 1758, 1759, 1760, 1761, 1763, 1764, 1765, 1766, 1770, 1772, 1773, 1774, 1779, 1780, 1781, 1782, 1783, 1784, 1786, 1787, 1788, 1792, 1793, 1796, 1797, 1798, 1800, 1801, 1803, 1804, 1805, 1806, 1819, 1832, 1834, 1835, 1836, 1840, 1852, 1853, 1854, 1855, 1856, 1857, 1858, 1859, 1860, 1861, 1862, 1868, 1869, 1870, 1871, 1875, 1877, 1878, 1879, 1880, 1881, 1882, 1883, 1886, 1887, 1888, 1893, 1894, 1895, 1896, 1897, 1898, 1904, 1910, 1919, 1920, 1929, 1930, 1931, 1939, 1941, 1948, 2052, 2053, 2062, 2063, 2065, 2066, 2067, 2068, 2070, 2071, 2072, 2078, 2079, 2085, 2086, 2088, 2095, 2108, 2109, 2110, 2111, 2114, 2115, 2119, 2121, 2122, 2123, 2126, 2127, 2128, 2133, 2134, 2135, 2137, 2142, 2143, 2144, 2146, 2147, 2148, 2156, 2157, 2158, 2160, 2167, 2168, 2176, 2177, 2178, 2186, 2187, 2188, 2189, 2200, 2215, 2223, 2224, 2225, 2233, 2248, 2251, 2252, 2254, 2255, 2256, 2257, 2258, 2260, 2261, 2262, 2268, 2269, 2270, 2273, 2274, 2278, 2279, 2280, 2281, 2282, 2283, 2284, 2285, 2287, 2288, 2302, 2376, 2382, 2383, 2384, 2385, 2386, 2387, 2388, 2389, 2390, 2391, 2392, 2393, 2394, 2395, 2398, 2399, 2400, 2401, 2403, 2405, 2406, 2407, 2409, 2410, 2411, 2412, 2413, 2414, 2415, 2416, 2421, 2428, 2429, 2430, 2431, 2437, 2438, 2439, 2440, 2441, 2444, 2458, 2459, 2460, 2462, 2463, 2465, 2466, 2467, 2476, 2477, 2478, 2480, 2487, 2488, 2489, 2490, 2491, 2493, 2494, 2495, 2498, 2499, 2500, 2501, 2505, 2507, 2508, 2509, 2510, 2513, 2514, 2516, 2517, 2518, 2519, 2520, 2521, 2522, 2524, 2525, 2526, 2527, 2528, 2529, 2530, 2532, 2533, 2534, 2536, 2537, 2538, 2539, 2550, 2552, 2553, 2554, 2555, 2556, 2566, 2569, 2570, 2571, 2572, 2579, 2580, 2593, 2594, 2595, 2596, 2597, 2598, 2599, 2600, 2601, 2602, 2603, 2604, 2605, 2606, 2607, 2610, 2629, 2630, 2631, 2633, 2634, 2640, 2642, 2643, 2644, 2645, 2646, 2647, 2650, 2651, 2652, 2653, 2654, 2657, 2658, 2660, 2661, 2663, 2669, 2670, 2673, 2676, 2677, 2678, 2679, 2690, 2702, 2715, 2716, 2717, 2719, 2720, 2723, 2724, 2730, 2731, 2732, 2733, 2734, 2735, 2736, 2737, 2738, 2740, 2745, 2746, 2747, 2751, 2752, 2753, 2755, 2763, 2764, 2765, 2766, 2767, 2769, 2770, 2771, 2772, 2773, 2774, 2775, 2783, 2805, 2818, 2819, 2832, 2835, 2836, 2837, 2838, 2849, 2861, 2874, 2875, 2878, 2879, 2880, 2881, 2884, 2890, 2895, 2896, 2897, 2898, 2900, 2905, 2913, 2914, 2915, 2916, 2917, 2919, 2924, 2925, 2926, 2928, 2929, 2934, 2935, 2936, 2937, 2945, 2949, 2963, 2975, 2976, 2989, 2992, 2993, 2994, 2995, 3005, 3007, 3016, 3024, 3025, 3026, 3027, 3028, 3029, 3031, 3032, 3033, 3034, 3041, 3043, 3044, 3045, 3046, 3048, 3049, 3050, 3051, 3052, 3053, 3054, 3055, 3056, 3057, 3058, 3060, 3073, 3074, 3078, 3079, 3080, 3081, 3082, 3086, 3087, 3088, 3089, 3094, 3099, 3109, 3110, 3123, 3126, 3127, 3128, 3129, 3130, 3141, 3153, 3164, 3165, 3166, 3167, 3168, 3173, 3174, 3175, 3176, 3177, 3178, 3180, 3181, 3192, 3196, 3197, 3198, 3199, 3201, 3202, 3203, 3204, 3205, 3208, 3221, 3222, 3233, 3242, 3250, 3258, 3267, 3275, 3285, 3286, 3287, 3288, 3289, 3292, 3293, 3294, 3295, 3296, 3297, 3298, 3299, 3301, 3315, 3318, 3319, 3320, 3321, 3322, 3332, 3345, 3352, 3353, 3354, 3355, 3356, 3357, 3358, 3359, 3360, 3361, 3363, 3364, 3365, 3371, 3372, 3373, 3377, 3378, 3379, 3380, 3391, 3392, 3393, 3394, 3396, 3399, 3400, 3401, 3402, 3403, 3404, 3417, 3418, 3419, 3420, 3421, 3422, 3423, 3429, 3430, 3431, 3432, 3437, 3447, 3448, 3450, 3451, 3452, 3453, 3454, 3459, 3464, 3470, 3471, 3472, 3482, 3483, 3484, 3495, 3508, 3509, 3510, 3511, 3514, 3515, 3516, 3517, 3520, 3523, 3531, 3532, 3533, 3541, 3544, 3545, 3580, 3585, 3586, 3587, 3588, 3589, 3590, 3592, 3595, 3596, 3598, 3599, 3600, 3601, 3608, 3609, 3610, 3611, 3614, 3653, 3654, 3655, 3656, 3659, 3662, 3663, 3665, 3672, 3673, 3674, 3675, 3680, 3681, 3683, 3684, 3685, 3686, 3687, 3690, 3692, 3698, 3699, 3705, 3706, 3707, 3711, 3712, 3714, 3717, 3718, 3719, 3720, 3727, 3728, 3729, 3730, 3731, 3732, 3736, 3743, 3744, 3745, 3746, 3747, 3748, 3749, 3750, 3751, 3752, 3764, 3767, 3768, 3769, 3770, 3771, 3783, 3784, 3790, 3792, 3802, 3804, 3805, 3806, 3807, 3808, 3811, 3812, 3813, 3814, 3817, 3818, 3819, 3820, 3821, 3822, 3823, 3824, 3828, 3829, 3831, 3832, 3833, 3837, 3838, 3842, 3843, 3847, 3848, 3849, 3853, 3854, 3857, 3860, 3869, 3872, 3873, 3874, 3878, 3879, 3880, 3881, 3882, 3886, 3887, 3891, 3892, 3893, 3894, 3895, 3896, 3897, 3901, 3905, 3906, 3919, 3920, 3921, 3927, 3930, 3943, 3960, 3961, 3978, 3979, 3987, 4017, 4018, 4019, 4028, 4034, 4035, 4036, 4037, 4038, 4039, 4040, 4041, 4042, 4043, 4044, 4045, 4046, 4047, 4064, 4068, 4077, 4089, 4097, 4106, 4157, 4161, 4162, 4166, 4167, 4181, 4617, 4635, 4646, 4719, 4745, 4771, 4804, 4805, 4808, 4820, 4821, 4832, 4868, 4904, 4951, 4999, 5019, 5020, 5023, 5024, 5030, 5031, 5034, 5035, 5038, 5039, 5042, 5043, 5046, 5047, 5050, 5051, 5054, 5055, 5058, 5059, 5070, 5071, 5074, 5075, 5093, 5122, 5129, 5147, 5210, 5211, 5220, 5221, 5230, 5231, 5240, 5241, 5245, 5246, 5254, 5255, 5270, 5271, 5280, 5281, 5289, 5290, 5293, 5294, 5321, 5322, 5335, 5336, 5340, 5341, 5350, 5351, 5368, 5369, 5385, 5386, 5391, 5392, 5401, 5402, 5427, 5428, 5443, 5444, 5456, 5457, 5460, 5461, 5467, 5468, 5472, 5473, 5506, 5507, 5515, 5516, 5525, 5526, 5542, 5543, 5557, 5558, 5571, 5572, 5579, 5585, 5596, 5597, 5600, 5622, 5697, 5698, 5707, 5715, 5716, 5729, 5730, 5737, 5738, 5743, 5877, 5884, 5902, 5953, 5954, 5962, 6005, 6012, 6026, 6027, 6032, 6063, 6093, 6096, 6099, 6138, 6462, 6498, 6499, 6506, 6601, 6608, 6611, 6623, 6639, 6646, 6647, 6656, 6657, 6680, 6688, 6689, 6703, 6704, 6725, 6737, 6750, 6844, 6845, 6854, 6855, 6865, 6873, 6890, 7080, 7097, 7100, 7103, 7106, 7113, 7121, 7132, 7135, 7140, 7289, 7310, 7324, 7380, 7417, 7431, 7449, 7508, 7525, 7600, 7615, 7634, 7781, 7793, 7812, 7823, 7847, 7907, 7948, 8044, 8054, 8069, 8136, 8137, 8177, 8195, 8234, 8259, 8320, 8336, 8369, 8390, 8417, 8432, 8465, 8484, 8608, 8626, 8687, 8696, 8752, 8820, 8849, 8915, 9050, 9091, 9114, 9166, 9194, 9211, 9259, 9309, 9310, 9320, 9321, 9331, 9332, 9335, 9336, 9355, 9356, 9379, 9380, 9408, 9461, 9509, 9547, 9616, 9682, 9774, 9812, 9840, 10055, 10150, 10159, 10171, 10177, 10185, 10191, 10205, 10209, 10213, 10217, 10223, 10247, 10258, 10266, 10279, 10288, 10302, 10335, 10361, 10403, 10477, 10514, 10542, 10661, 10672, 10689, 10705, 11047, 11064, 11073, 11094, 11106], "summary": {"covered_lines": 1451, "num_statements": 4323, "percent_covered": 29.927137017949175, "percent_covered_display": "29.9", "missing_lines": 2872, "excluded_lines": 42, "percent_statements_covered": 33.5646541753412, "percent_statements_covered_display": "33.6", "num_branches": 1304, "num_partial_branches": 79, "covered_branches": 233, "missing_branches": 1071, "percent_branches_covered": 17.868098159509202, "percent_branches_covered_display": "17.9"}, "missing_lines": [187, 188, 189, 190, 200, 201, 202, 214, 215, 216, 220, 233, 234, 235, 238, 239, 240, 241, 247, 257, 260, 283, 284, 287, 302, 303, 307, 312, 313, 314, 315, 316, 317, 318, 323, 324, 327, 328, 331, 332, 336, 337, 338, 339, 343, 344, 345, 346, 348, 349, 351, 352, 353, 357, 358, 359, 360, 361, 362, 366, 367, 368, 377, 378, 379, 380, 381, 382, 383, 384, 385, 386, 404, 405, 406, 409, 410, 413, 414, 415, 416, 418, 420, 427, 428, 429, 436, 445, 460, 461, 462, 463, 464, 465, 466, 467, 468, 469, 470, 473, 476, 479, 496, 532, 533, 534, 540, 541, 542, 543, 544, 545, 546, 547, 548, 549, 555, 556, 558, 559, 560, 561, 562, 563, 564, 567, 569, 570, 571, 572, 573, 574, 575, 578, 579, 586, 587, 634, 635, 636, 637, 644, 647, 648, 651, 661, 662, 666, 674, 688, 689, 690, 691, 694, 695, 696, 697, 698, 699, 700, 701, 702, 705, 706, 707, 708, 709, 712, 729, 730, 759, 760, 769, 773, 778, 783, 786, 787, 788, 789, 793, 794, 795, 796, 802, 806, 810, 811, 812, 813, 814, 815, 816, 818, 819, 824, 825, 828, 829, 830, 831, 832, 833, 834, 835, 836, 838, 839, 843, 844, 845, 846, 847, 848, 849, 850, 851, 852, 861, 862, 863, 864, 865, 866, 867, 868, 869, 870, 877, 878, 879, 880, 881, 884, 885, 890, 900, 901, 904, 905, 915, 916, 917, 918, 919, 920, 921, 927, 929, 936, 937, 938, 939, 940, 941, 942, 943, 944, 945, 946, 947, 953, 954, 955, 956, 957, 963, 964, 965, 975, 976, 977, 978, 979, 980, 982, 1042, 1043, 1044, 1058, 1092, 1093, 1094, 1095, 1096, 1097, 1098, 1101, 1102, 1103, 1126, 1127, 1128, 1129, 1132, 1133, 1134, 1135, 1138, 1139, 1140, 1143, 1146, 1147, 1150, 1151, 1152, 1153, 1172, 1173, 1174, 1175, 1176, 1177, 1178, 1179, 1180, 1183, 1186, 1197, 1214, 1215, 1216, 1225, 1273, 1280, 1283, 1284, 1285, 1286, 1317, 1318, 1331, 1332, 1333, 1342, 1343, 1344, 1348, 1350, 1352, 1355, 1356, 1357, 1358, 1359, 1360, 1361, 1364, 1365, 1366, 1367, 1368, 1378, 1379, 1380, 1381, 1382, 1383, 1386, 1387, 1388, 1389, 1390, 1391, 1398, 1399, 1400, 1401, 1402, 1404, 1408, 1409, 1410, 1412, 1415, 1417, 1418, 1419, 1420, 1424, 1425, 1426, 1427, 1428, 1431, 1432, 1436, 1437, 1438, 1441, 1442, 1443, 1444, 1445, 1446, 1447, 1448, 1449, 1456, 1457, 1470, 1471, 1472, 1479, 1480, 1481, 1482, 1483, 1496, 1497, 1498, 1501, 1502, 1503, 1504, 1505, 1512, 1513, 1514, 1515, 1516, 1517, 1518, 1556, 1575, 1578, 1579, 1580, 1582, 1583, 1588, 1591, 1592, 1593, 1595, 1596, 1597, 1598, 1600, 1601, 1602, 1603, 1604, 1605, 1606, 1607, 1609, 1610, 1612, 1613, 1614, 1615, 1616, 1626, 1627, 1632, 1633, 1634, 1635, 1636, 1638, 1640, 1651, 1652, 1653, 1654, 1769, 1794, 1795, 1837, 1838, 1846, 1847, 1848, 1849, 1850, 1954, 1955, 1956, 1957, 1958, 1959, 1960, 1961, 1962, 1963, 1969, 1970, 1971, 1972, 1976, 1978, 1979, 1980, 1981, 1982, 1983, 1984, 1987, 1988, 1989, 1994, 1995, 1996, 2000, 2001, 2002, 2008, 2014, 2023, 2024, 2033, 2034, 2035, 2043, 2045, 2064, 2124, 2249, 2271, 2308, 2310, 2311, 2312, 2313, 2314, 2315, 2317, 2318, 2319, 2325, 2336, 2337, 2338, 2339, 2340, 2341, 2342, 2343, 2344, 2345, 2347, 2348, 2352, 2353, 2354, 2355, 2356, 2357, 2358, 2359, 2361, 2362, 2396, 2397, 2402, 2419, 2442, 2445, 2461, 2492, 2496, 2497, 2511, 2512, 2531, 2608, 2611, 2612, 2613, 2614, 2615, 2616, 2617, 2618, 2619, 2622, 2623, 2624, 2625, 2626, 2627, 2639, 2648, 2662, 2721, 2722, 2748, 2749, 2750, 2768, 2876, 2891, 2918, 2921, 2922, 2927, 3042, 3047, 3200, 3206, 3290, 3302, 3374, 3375, 3395, 3397, 3398, 3407, 3408, 3409, 3410, 3411, 3412, 3415, 3449, 3591, 3593, 3594, 3597, 3621, 3622, 3623, 3624, 3625, 3626, 3627, 3628, 3629, 3630, 3631, 3632, 3633, 3634, 3635, 3636, 3637, 3638, 3639, 3640, 3641, 3647, 3648, 3649, 3650, 3700, 3701, 3715, 3721, 3722, 3825, 3830, 3834, 3839, 3844, 3850, 3861, 3862, 3863, 3866, 3875, 3883, 3888, 3898, 3907, 3908, 3909, 3910, 3911, 3912, 3913, 3914, 3922, 3953, 3954, 3955, 3956, 3957, 3958, 3963, 3964, 3965, 3966, 3967, 3968, 3969, 3985, 3996, 3997, 3998, 3999, 4001, 4002, 4003, 4005, 4006, 4007, 4008, 4009, 4010, 4014, 4118, 4119, 4120, 4125, 4127, 4132, 4133, 4134, 4135, 4136, 4137, 4138, 4140, 4141, 4142, 4143, 4147, 4151, 4152, 4153, 4154, 4155, 4158, 4159, 4163, 4164, 4168, 4169, 4170, 4176, 4177, 4178, 4179, 4182, 4474, 4475, 4476, 4477, 4478, 4479, 4480, 4481, 4482, 4483, 4484, 4485, 4486, 4487, 4488, 4489, 4490, 4491, 4492, 4497, 4502, 4507, 4512, 4517, 4522, 4527, 4532, 4537, 4542, 4547, 4552, 4557, 4562, 4567, 4572, 4577, 4582, 4587, 4588, 4593, 4598, 4603, 4609, 4612, 4615, 4618, 4619, 4620, 4621, 4625, 4626, 4627, 4628, 4629, 4633, 4637, 4644, 4648, 4652, 4653, 4698, 4699, 4700, 4701, 4702, 4703, 4706, 4709, 4712, 4715, 4772, 4773, 4774, 4775, 4778, 4784, 4785, 4787, 4788, 4791, 4793, 4799, 4800, 4806, 4809, 4810, 4811, 4812, 4822, 4823, 4824, 4825, 4829, 4830, 4842, 4843, 4866, 4878, 4879, 4880, 4909, 4910, 4911, 4919, 4920, 4921, 4922, 4923, 4924, 4925, 4926, 4927, 4929, 4930, 4931, 4936, 4944, 4956, 4957, 4958, 4959, 4967, 4968, 4969, 4970, 4971, 4972, 4973, 4974, 4975, 4977, 4978, 4979, 4984, 4992, 5004, 5005, 5006, 5007, 5008, 5021, 5025, 5026, 5027, 5028, 5032, 5036, 5040, 5044, 5048, 5052, 5056, 5060, 5061, 5062, 5063, 5064, 5065, 5066, 5067, 5068, 5072, 5078, 5079, 5080, 5081, 5082, 5083, 5084, 5085, 5088, 5089, 5097, 5098, 5100, 5101, 5102, 5103, 5104, 5105, 5106, 5110, 5112, 5113, 5114, 5115, 5116, 5117, 5120, 5123, 5124, 5130, 5131, 5132, 5133, 5137, 5138, 5139, 5140, 5141, 5145, 5148, 5152, 5153, 5198, 5199, 5200, 5201, 5202, 5203, 5204, 5205, 5206, 5207, 5208, 5212, 5213, 5214, 5215, 5218, 5222, 5223, 5224, 5225, 5228, 5232, 5233, 5234, 5235, 5238, 5242, 5243, 5247, 5248, 5249, 5252, 5260, 5261, 5262, 5263, 5264, 5265, 5268, 5272, 5273, 5274, 5278, 5287, 5291, 5302, 5303, 5304, 5305, 5309, 5310, 5311, 5312, 5313, 5314, 5315, 5319, 5327, 5328, 5329, 5330, 5337, 5338, 5342, 5343, 5344, 5345, 5346, 5347, 5348, 5352, 5353, 5354, 5357, 5358, 5366, 5370, 5371, 5372, 5373, 5374, 5375, 5376, 5377, 5378, 5379, 5383, 5387, 5388, 5389, 5398, 5399, 5407, 5408, 5409, 5410, 5418, 5429, 5430, 5431, 5432, 5433, 5437, 5441, 5445, 5446, 5447, 5448, 5449, 5450, 5451, 5454, 5458, 5462, 5463, 5464, 5465, 5469, 5470, 5480, 5481, 5482, 5483, 5485, 5486, 5487, 5488, 5489, 5491, 5492, 5493, 5498, 5500, 5501, 5502, 5503, 5504, 5508, 5509, 5510, 5511, 5512, 5513, 5517, 5518, 5519, 5520, 5523, 5527, 5528, 5529, 5530, 5531, 5532, 5533, 5534, 5535, 5536, 5537, 5538, 5539, 5540, 5544, 5545, 5546, 5547, 5548, 5549, 5550, 5551, 5554, 5555, 5559, 5560, 5561, 5562, 5563, 5564, 5565, 5566, 5567, 5573, 5574, 5575, 5576, 5577, 5580, 5581, 5582, 5583, 5586, 5590, 5591, 5594, 5598, 5601, 5602, 5603, 5604, 5605, 5606, 5607, 5620, 5629, 5630, 5631, 5632, 5633, 5634, 5640, 5646, 5647, 5657, 5658, 5659, 5660, 5661, 5667, 5673, 5674, 5675, 5676, 5677, 5684, 5691, 5699, 5700, 5701, 5702, 5703, 5708, 5712, 5713, 5717, 5718, 5719, 5720, 5721, 5722, 5725, 5726, 5727, 5731, 5732, 5733, 5734, 5735, 5739, 5740, 5741, 5769, 5770, 5777, 5778, 5783, 5786, 5787, 5792, 5797, 5870, 5871, 5875, 5878, 5882, 5890, 5891, 5892, 5893, 5894, 5895, 5896, 5897, 5898, 5899, 5900, 5909, 5919, 5929, 5939, 5940, 5941, 5942, 5943, 5944, 5947, 5960, 5976, 5979, 5984, 6006, 6010, 6017, 6018, 6019, 6020, 6021, 6022, 6023, 6024, 6028, 6029, 6030, 6033, 6034, 6035, 6036, 6037, 6047, 6048, 6049, 6050, 6051, 6052, 6053, 6054, 6055, 6061, 6064, 6076, 6083, 6094, 6097, 6100, 6101, 6102, 6116, 6117, 6118, 6119, 6120, 6121, 6122, 6132, 6152, 6153, 6154, 6155, 6156, 6160, 6165, 6166, 6167, 6199, 6200, 6201, 6202, 6208, 6210, 6216, 6217, 6218, 6219, 6230, 6232, 6248, 6258, 6259, 6260, 6261, 6262, 6263, 6264, 6265, 6274, 6294, 6295, 6301, 6302, 6303, 6304, 6305, 6306, 6307, 6308, 6309, 6310, 6311, 6312, 6313, 6314, 6319, 6320, 6321, 6325, 6336, 6361, 6362, 6363, 6373, 6374, 6376, 6397, 6398, 6406, 6407, 6408, 6409, 6410, 6412, 6421, 6442, 6443, 6449, 6450, 6451, 6452, 6453, 6455, 6456, 6457, 6458, 6474, 6475, 6476, 6477, 6500, 6504, 6520, 6528, 6531, 6537, 6551, 6555, 6568, 6569, 6570, 6571, 6578, 6579, 6583, 6587, 6591, 6602, 6606, 6609, 6612, 6613, 6614, 6615, 6616, 6621, 6630, 6636, 6637, 6640, 6641, 6648, 6649, 6650, 6654, 6663, 6666, 6669, 6670, 6674, 6681, 6686, 6690, 6691, 6692, 6693, 6694, 6695, 6699, 6700, 6701, 6710, 6711, 6712, 6713, 6714, 6715, 6716, 6718, 6719, 6720, 6721, 6722, 6723, 6726, 6734, 6735, 6738, 6748, 6758, 6760, 6761, 6762, 6766, 6767, 6768, 6770, 6771, 6772, 6773, 6774, 6775, 6777, 6779, 6780, 6781, 6782, 6783, 6790, 6791, 6792, 6793, 6794, 6795, 6796, 6797, 6798, 6799, 6800, 6802, 6822, 6834, 6835, 6842, 6846, 6847, 6848, 6849, 6850, 6851, 6852, 6856, 6857, 6858, 6859, 6860, 6861, 6862, 6863, 6866, 6867, 6868, 6869, 6870, 6871, 6874, 6875, 6876, 6877, 6878, 6882, 6883, 6884, 6886, 6887, 6888, 6898, 6899, 6900, 6905, 6913, 6915, 6923, 6924, 6925, 6929, 6938, 6947, 6961, 6962, 6977, 6999, 7000, 7001, 7002, 7017, 7025, 7026, 7028, 7029, 7033, 7037, 7041, 7045, 7046, 7047, 7051, 7052, 7053, 7057, 7062, 7063, 7064, 7065, 7066, 7067, 7068, 7070, 7078, 7089, 7098, 7101, 7104, 7108, 7111, 7114, 7118, 7119, 7122, 7126, 7127, 7129, 7130, 7133, 7136, 7137, 7138, 7152, 7153, 7161, 7166, 7171, 7181, 7185, 7199, 7203, 7244, 7245, 7246, 7250, 7262, 7263, 7267, 7271, 7275, 7279, 7291, 7292, 7293, 7294, 7295, 7296, 7297, 7302, 7305, 7306, 7307, 7308, 7311, 7312, 7313, 7314, 7315, 7316, 7317, 7322, 7336, 7337, 7338, 7339, 7340, 7341, 7342, 7361, 7365, 7366, 7367, 7368, 7369, 7378, 7392, 7393, 7397, 7400, 7407, 7418, 7419, 7420, 7421, 7422, 7423, 7424, 7425, 7437, 7446, 7447, 7460, 7461, 7465, 7466, 7472, 7476, 7478, 7479, 7480, 7481, 7491, 7500, 7504, 7505, 7506, 7516, 7534, 7535, 7538, 7539, 7540, 7541, 7542, 7543, 7544, 7546, 7552, 7553, 7554, 7556, 7567, 7568, 7572, 7573, 7575, 7595, 7597, 7598, 7608, 7624, 7652, 7653, 7654, 7655, 7656, 7657, 7658, 7664, 7665, 7667, 7670, 7674, 7676, 7677, 7678, 7679, 7680, 7681, 7682, 7688, 7689, 7690, 7691, 7692, 7695, 7696, 7697, 7698, 7705, 7713, 7714, 7715, 7716, 7718, 7719, 7720, 7721, 7722, 7727, 7728, 7729, 7730, 7731, 7732, 7733, 7735, 7736, 7741, 7743, 7749, 7757, 7763, 7772, 7774, 7782, 7783, 7788, 7791, 7800, 7801, 7802, 7803, 7804, 7805, 7806, 7807, 7808, 7809, 7810, 7813, 7817, 7818, 7819, 7820, 7821, 7829, 7830, 7831, 7832, 7833, 7834, 7835, 7836, 7837, 7838, 7839, 7840, 7844, 7845, 7858, 7859, 7860, 7861, 7862, 7865, 7866, 7867, 7868, 7869, 7870, 7872, 7873, 7897, 7898, 7905, 7916, 7917, 7921, 7922, 7924, 7927, 7928, 7936, 7937, 7938, 7946, 7965, 7966, 7967, 7968, 7969, 7970, 7972, 7973, 7974, 7975, 7976, 7979, 7980, 7985, 7988, 7989, 8011, 8012, 8013, 8014, 8026, 8036, 8037, 8042, 8045, 8046, 8047, 8048, 8049, 8050, 8051, 8052, 8055, 8056, 8057, 8058, 8062, 8063, 8064, 8065, 8066, 8067, 8086, 8087, 8088, 8089, 8090, 8091, 8092, 8093, 8094, 8095, 8096, 8097, 8098, 8099, 8106, 8107, 8108, 8109, 8116, 8117, 8118, 8119, 8120, 8121, 8122, 8123, 8124, 8125, 8126, 8127, 8128, 8129, 8130, 8134, 8143, 8144, 8145, 8146, 8147, 8148, 8149, 8153, 8154, 8169, 8170, 8175, 8183, 8184, 8185, 8186, 8187, 8188, 8189, 8190, 8191, 8192, 8193, 8202, 8203, 8204, 8205, 8206, 8208, 8209, 8210, 8214, 8215, 8216, 8219, 8230, 8231, 8232, 8244, 8245, 8246, 8247, 8248, 8249, 8250, 8251, 8252, 8253, 8254, 8255, 8256, 8257, 8270, 8271, 8272, 8273, 8274, 8279, 8282, 8283, 8284, 8299, 8312, 8313, 8318, 8327, 8328, 8344, 8345, 8346, 8347, 8348, 8349, 8350, 8351, 8352, 8359, 8360, 8361, 8367, 8375, 8376, 8384, 8398, 8399, 8400, 8401, 8402, 8403, 8404, 8408, 8415, 8418, 8419, 8420, 8424, 8439, 8440, 8441, 8442, 8443, 8451, 8458, 8466, 8467, 8482, 8491, 8492, 8493, 8494, 8496, 8497, 8498, 8499, 8503, 8504, 8509, 8510, 8511, 8512, 8513, 8514, 8526, 8527, 8530, 8531, 8532, 8537, 8538, 8540, 8541, 8542, 8543, 8545, 8558, 8578, 8579, 8580, 8581, 8582, 8594, 8595, 8596, 8597, 8606, 8614, 8615, 8616, 8617, 8618, 8624, 8632, 8633, 8635, 8636, 8645, 8646, 8650, 8651, 8652, 8654, 8655, 8656, 8657, 8658, 8659, 8660, 8675, 8676, 8677, 8678, 8679, 8685, 8688, 8692, 8693, 8694, 8705, 8706, 8710, 8711, 8715, 8716, 8733, 8737, 8738, 8744, 8762, 8763, 8767, 8768, 8772, 8773, 8774, 8776, 8777, 8778, 8784, 8785, 8786, 8794, 8795, 8797, 8805, 8806, 8813, 8827, 8828, 8832, 8833, 8836, 8840, 8841, 8842, 8855, 8864, 8865, 8869, 8870, 8879, 8886, 8888, 8892, 8893, 8900, 8906, 8927, 8928, 8929, 8933, 8934, 8935, 8939, 8940, 8944, 8945, 8946, 8951, 8952, 8953, 8954, 8956, 8957, 8961, 8962, 8964, 8965, 8966, 8967, 8968, 8972, 8973, 8974, 8983, 8984, 8986, 8987, 9006, 9007, 9008, 9009, 9010, 9012, 9013, 9015, 9016, 9023, 9030, 9034, 9035, 9036, 9042, 9066, 9099, 9100, 9104, 9111, 9112, 9125, 9129, 9130, 9131, 9141, 9142, 9147, 9148, 9149, 9151, 9152, 9153, 9163, 9164, 9168, 9169, 9170, 9171, 9173, 9177, 9178, 9180, 9187, 9188, 9196, 9201, 9202, 9203, 9204, 9205, 9206, 9207, 9208, 9209, 9213, 9217, 9225, 9226, 9227, 9229, 9230, 9239, 9256, 9257, 9261, 9265, 9266, 9268, 9272, 9273, 9282, 9291, 9302, 9303, 9311, 9316, 9322, 9323, 9324, 9325, 9329, 9333, 9340, 9341, 9342, 9343, 9344, 9345, 9346, 9347, 9348, 9349, 9350, 9351, 9352, 9353, 9357, 9358, 9360, 9361, 9362, 9367, 9368, 9369, 9374, 9375, 9376, 9377, 9387, 9388, 9390, 9394, 9399, 9400, 9405, 9406, 9418, 9419, 9420, 9425, 9427, 9428, 9429, 9430, 9431, 9433, 9434, 9435, 9436, 9438, 9439, 9440, 9441, 9442, 9444, 9446, 9447, 9452, 9453, 9459, 9462, 9463, 9467, 9468, 9469, 9470, 9472, 9473, 9474, 9476, 9489, 9490, 9491, 9492, 9493, 9494, 9496, 9497, 9498, 9499, 9500, 9501, 9507, 9510, 9511, 9512, 9513, 9519, 9526, 9527, 9537, 9545, 9553, 9554, 9555, 9556, 9565, 9566, 9568, 9613, 9614, 9622, 9623, 9625, 9626, 9627, 9628, 9629, 9630, 9631, 9632, 9633, 9634, 9636, 9637, 9639, 9643, 9651, 9652, 9671, 9672, 9673, 9674, 9688, 9689, 9690, 9698, 9708, 9716, 9726, 9727, 9728, 9730, 9735, 9740, 9746, 9770, 9771, 9772, 9798, 9799, 9800, 9802, 9803, 9804, 9805, 9810, 9823, 9846, 9847, 9848, 9850, 9851, 9852, 9853, 9854, 9856, 9857, 9858, 9859, 9860, 9861, 9862, 9863, 9865, 9866, 9867, 9868, 9869, 9870, 9872, 9879, 9886, 9892, 9901, 9902, 9913, 9914, 9922, 9923, 9927, 9941, 9948, 9952, 9959, 9966, 9969, 9973, 10015, 10047, 10053, 10070, 10071, 10072, 10074, 10075, 10076, 10078, 10081, 10082, 10090, 10093, 10100, 10101, 10109, 10112, 10118, 10128, 10132, 10143, 10147, 10152, 10153, 10155, 10156, 10157, 10161, 10162, 10163, 10164, 10165, 10166, 10167, 10168, 10172, 10173, 10174, 10178, 10179, 10180, 10181, 10182, 10186, 10187, 10188, 10192, 10193, 10194, 10195, 10196, 10197, 10198, 10199, 10200, 10201, 10202, 10206, 10210, 10214, 10218, 10219, 10220, 10229, 10230, 10238, 10239, 10241, 10244, 10248, 10249, 10250, 10251, 10252, 10253, 10254, 10255, 10259, 10260, 10261, 10263, 10267, 10268, 10269, 10270, 10271, 10272, 10273, 10274, 10276, 10280, 10281, 10282, 10283, 10285, 10289, 10290, 10291, 10292, 10293, 10294, 10295, 10296, 10297, 10298, 10299, 10303, 10304, 10305, 10306, 10314, 10315, 10316, 10317, 10318, 10319, 10320, 10322, 10323, 10324, 10325, 10326, 10327, 10336, 10337, 10338, 10339, 10340, 10341, 10342, 10349, 10350, 10351, 10352, 10353, 10354, 10362, 10363, 10364, 10365, 10366, 10367, 10368, 10369, 10370, 10371, 10380, 10381, 10389, 10390, 10391, 10392, 10393, 10395, 10396, 10404, 10406, 10421, 10422, 10423, 10424, 10425, 10429, 10430, 10438, 10439, 10448, 10449, 10450, 10463, 10472, 10473, 10474, 10478, 10479, 10480, 10481, 10482, 10483, 10484, 10485, 10486, 10487, 10488, 10489, 10490, 10494, 10495, 10499, 10500, 10501, 10503, 10506, 10507, 10508, 10511, 10515, 10517, 10518, 10519, 10520, 10521, 10522, 10523, 10524, 10525, 10526, 10527, 10528, 10529, 10532, 10536, 10543, 10544, 10545, 10546, 10547, 10548, 10549, 10551, 10552, 10567, 10568, 10576, 10586, 10587, 10588, 10596, 10604, 10606, 10607, 10620, 10621, 10629, 10639, 10640, 10641, 10649, 10656, 10658, 10662, 10663, 10664, 10665, 10666, 10667, 10668, 10669, 10673, 10674, 10675, 10676, 10677, 10678, 10679, 10680, 10681, 10685, 10686, 10692, 10693, 10694, 10695, 10696, 10700, 10701, 10702, 10706, 10708, 10709, 10710, 10714, 10723, 10724, 10729, 10734, 10739, 10745, 10746, 10752, 10755, 10760, 10766, 10772, 10777, 10782, 10789, 10794, 10801, 10807, 10812, 10819, 10824, 10830, 10837, 10843, 10848, 10854, 10860, 10865, 10870, 10876, 10881, 10887, 10892, 10899, 10910, 10915, 10916, 10917, 10926, 10932, 10938, 10943, 10948, 10955, 10960, 10966, 10971, 10972, 10977, 10988, 10993, 10994, 10995, 10996, 10997, 10999, 11004, 11009, 11015, 11020, 11027, 11032, 11038, 11044, 11055, 11056, 11065, 11080, 11081, 11082, 11083, 11084, 11091, 11101, 11102, 11103, 11107, 11109, 11110, 11111, 11113, 11114, 11115, 11116, 11117, 11119, 11121, 11123, 11124, 11125, 11127, 11128, 11129, 11130, 11132, 11141, 11142, 11143, 11144, 11146, 11147, 11148, 11149, 11150, 11151, 11152, 11158, 11159, 11161, 11162, 11163, 11164, 11165, 11166, 11167, 11169, 11170, 11171, 11172, 11173, 11174, 11175, 11177, 11178, 11179, 11180, 11185, 11186, 11187, 11188, 11189, 11190, 11192, 11193, 11194, 11201, 11204, 11205, 11206, 11208, 11209, 11210, 11211, 11212, 11213, 11214, 11216, 11217, 11218, 11219, 11224, 11225, 11226, 11227, 11228, 11229, 11231, 11232, 11233, 11235, 11244, 11245, 11246, 11247, 11249, 11250, 11251, 11252, 11256, 11257, 11258, 11260, 11261, 11262, 11264, 11278, 11279, 11280, 11281, 11283, 11284, 11285, 11286, 11289, 11290, 11291, 11292, 11293, 11294, 11295, 11301, 11302, 11304, 11305, 11306, 11307, 11308, 11310, 11311, 11312, 11313, 11314, 11315, 11317, 11318, 11319, 11323, 11324, 11326, 11327, 11328, 11329, 11330, 11331, 11332, 11333, 11343, 11344, 11346, 11347], "excluded_lines": [41, 42, 43, 44, 45, 46, 47, 48, 49, 50, 51, 53, 54, 55, 57, 58, 60, 61, 64, 65, 69, 70, 71, 78, 79, 80, 81, 93, 94, 95, 96, 97, 98, 99, 100, 354, 355, 871, 872, 2567, 11350, 11351], "executed_branches": [[109, 110], [254, 255], [254, 263], [256, 258], [259, 261], [277, 278], [277, 288], [279, 280], [279, 281], [285, 286], [301, 304], [304, 305], [304, 306], [306, 308], [495, 497], [530, 531], [630, -609], [630, 631], [859, 860], [1271, 1272], [1314, 1315], [1328, 1329], [1347, 1349], [1349, 1351], [1351, 1354], [1543, -1539], [1543, 1544], [1552, 1553], [1552, 1555], [1555, 1557], [1709, 1710], [1709, 1712], [1752, 1753], [1752, 1754], [1757, 1758], [1757, 1759], [1759, 1760], [1759, 1761], [1764, 1765], [1764, 1770], [1765, 1766], [1773, 1774], [1773, 1779], [1787, 1788], [1796, 1797], [1796, 1798], [1859, 1860], [1861, 1862], [1861, 1868], [1868, 1869], [1868, 1877], [1878, 1879], [1878, 1893], [1880, 1881], [1880, 1893], [1893, 1894], [1893, 1910], [1930, 1931], [2063, 2065], [2065, 2066], [2065, 2068], [2110, 2111], [2110, 2119], [2123, 2126], [2127, 2128], [2127, 2135], [2133, 2127], [2133, 2134], [2143, 2144], [2143, 2146], [2147, 2148], [2147, 2158], [2156, 2157], [2280, 2281], [2280, 2282], [2283, 2284], [2283, 2285], [2382, 2383], [2382, 2405], [2384, 2385], [2384, 2386], [2386, 2387], [2386, 2388], [2391, 2392], [2391, 2403], [2393, 2394], [2393, 2399], [2399, 2400], [2399, 2401], [2401, 2403], [2411, 2412], [2411, 2413], [2415, 2416], [2430, 2431], [2430, 2444], [2437, 2438], [2444, 2458], [2459, 2460], [2459, 2466], [2460, 2462], [2462, 2463], [2462, 2465], [2491, 2493], [2508, 2509], [2508, 2513], [2513, 2514], [2513, 2516], [2517, 2518], [2518, 2519], [2518, 2520], [2520, 2521], [2520, 2522], [2528, 2529], [2528, 2534], [2530, 2532], [2538, 2539], [2538, 2550], [2554, 2555], [2554, 2556], [2595, 2596], [2600, 2601], [2600, 2604], [2634, 2640], [2647, -2642], [2654, -2650], [2654, 2657], [2661, 2663], [2716, 2717], [2716, 2719], [2731, 2732], [2734, 2735], [2737, 2738], [2746, 2747], [2752, 2753], [2766, 2767], [2766, 2805], [2767, 2769], [2875, 2878], [2890, 2895], [2897, 2898], [2913, 2914], [2915, 2916], [2917, 2919], [2925, 2926], [2925, 2963], [2926, 2928], [3031, 3032], [3031, 3060], [3041, 3043], [3045, 3046], [3045, 3053], [3046, 3048], [3049, 3050], [3049, 3051], [3056, 3057], [3056, 3058], [3087, 3088], [3087, 3094], [3167, 3168], [3167, 3173], [3197, 3198], [3197, 3203], [3199, 3201], [3204, 3205], [3287, 3288], [3288, 3287], [3288, 3289], [3295, 3296], [3295, 3299], [3297, 3298], [3353, 3354], [3353, 3355], [3392, 3393], [3392, 3394], [3394, 3396], [3396, 3399], [3399, 3400], [3401, 3402], [3403, 3404], [3418, 3419], [3418, 3447], [3420, 3421], [3420, 3422], [3448, 3450], [3483, 3484], [3483, 3495], [3531, 3532], [3590, 3592], [3592, 3595], [3595, 3596], [3595, 3599], [3596, 3598], [3673, 3674], [3673, 3675], [3685, 3686], [3685, 3690], [3699, 3705], [3705, 3706], [3705, 3714], [3714, 3717], [3718, 3719], [3718, 3727], [3744, 3745], [3744, 3764], [3745, 3746], [3745, 3747], [3749, 3750], [3819, 3820], [3819, 3854], [3824, 3828], [3828, 3819], [3828, 3829], [3829, 3831], [3833, 3837], [3838, 3842], [3842, 3843], [3842, 3853], [3843, 3847], [3849, 3842], [3872, -3869], [3872, 3873], [3874, 3878], [3878, 3872], [3878, 3879], [3882, 3886], [3887, 3891], [3891, 3892], [3891, 3901], [3894, 3895], [3897, 3891], [3906, 3919], [3921, 3878]], "missing_branches": [[188, 189], [188, 190], [200, 201], [200, 202], [215, 216], [215, 220], [238, 239], [238, 247], [240, 238], [240, 241], [256, 257], [259, 260], [285, 287], [301, 302], [302, 303], [302, 304], [306, 307], [314, 315], [314, 316], [360, 361], [360, 362], [366, 367], [366, 368], [377, 378], [377, 380], [380, 381], [380, 383], [414, 415], [414, 420], [415, 416], [415, 418], [427, 428], [427, 429], [461, 462], [461, 464], [465, 466], [465, 469], [495, 496], [530, 534], [540, 541], [540, 542], [542, 543], [542, 544], [544, 545], [544, 549], [546, 547], [546, 548], [555, 556], [555, 558], [559, 560], [559, 561], [578, -577], [578, 579], [636, 637], [636, 644], [661, 662], [661, 674], [690, -687], [690, 691], [701, -693], [701, 702], [794, 795], [794, 796], [811, 812], [811, 813], [813, 814], [813, 815], [815, 816], [815, 818], [829, 830], [829, 831], [831, 832], [831, 833], [833, 834], [833, 835], [835, 836], [835, 838], [843, 844], [843, 845], [848, 849], [848, 850], [850, 851], [850, 852], [859, 861], [864, 865], [864, 866], [884, 885], [884, 901], [904, -903], [904, 905], [918, 919], [918, 937], [920, 921], [920, 929], [940, 941], [940, 943], [944, 945], [944, 946], [954, 955], [954, 964], [975, 976], [975, 978], [1042, 1043], [1042, 1044], [1092, 1093], [1092, 1094], [1095, 1096], [1095, 1097], [1132, 1133], [1132, 1135], [1138, 1139], [1138, 1140], [1146, -1145], [1146, 1147], [1152, -1149], [1152, 1153], [1215, 1216], [1215, 1225], [1271, 1273], [1284, 1285], [1284, 1286], [1314, 1319], [1328, 1331], [1342, 1343], [1342, 1344], [1347, 1348], [1349, 1350], [1351, 1352], [1355, 1356], [1355, 1357], [1360, 1361], [1360, 1364], [1366, 1367], [1366, 1368], [1380, 1381], [1380, 1383], [1381, 1380], [1381, 1382], [1388, 1389], [1388, 1398], [1390, 1391], [1390, 1398], [1399, 1400], [1399, 1401], [1401, 1402], [1401, 1404], [1408, 1409], [1408, 1412], [1424, 1425], [1424, 1431], [1431, 1432], [1431, 1436], [1437, 1438], [1437, 1441], [1481, 1482], [1481, 1483], [1496, 1497], [1496, 1502], [1497, 1498], [1497, 1501], [1503, 1504], [1503, 1505], [1512, 1513], [1512, 1514], [1514, 1515], [1514, 1516], [1516, 1517], [1516, 1518], [1555, 1556], [1579, 1580], [1579, 1582], [1592, 1593], [1592, 1595], [1600, 1601], [1600, 1612], [1603, 1604], [1603, 1609], [1613, 1614], [1613, 1640], [1632, 1613], [1632, 1633], [1633, 1634], [1633, 1635], [1635, 1636], [1635, 1638], [1652, 1653], [1652, 1654], [1765, 1769], [1787, 1796], [1859, 1868], [1930, 1939], [1960, 1961], [1960, 1969], [1962, 1963], [1962, 1969], [1969, 1970], [1969, 1978], [1979, 1980], [1979, 1994], [1981, 1982], [1981, 1994], [1994, 1995], [1994, 2014], [2034, 2035], [2034, 2043], [2063, 2064], [2123, 2124], [2156, 2147], [2337, 2338], [2337, 2343], [2343, 2344], [2343, 2345], [2354, 2355], [2354, 2356], [2357, 2358], [2357, 2359], [2401, 2402], [2415, 2419], [2437, 2442], [2444, 2445], [2460, 2461], [2491, 2492], [2517, 2522], [2530, 2531], [2595, 2608], [2612, 2613], [2612, 2627], [2617, 2618], [2617, 2623], [2634, 2639], [2647, 2648], [2661, 2662], [2731, 2733], [2734, 2736], [2737, 2740], [2746, 2748], [2748, 2749], [2748, 2751], [2752, 2755], [2767, 2768], [2875, 2876], [2890, 2891], [2897, 2900], [2913, 2921], [2915, 2917], [2917, 2918], [2926, 2927], [3041, 3042], [3046, 3047], [3199, 3200], [3204, 3206], [3287, 3290], [3297, 3299], [3394, 3395], [3396, 3397], [3399, 3407], [3401, 3407], [3403, 3407], [3407, 3408], [3407, 3415], [3409, 3410], [3409, 3411], [3411, 3412], [3411, 3415], [3448, 3449], [3531, 3541], [3590, 3591], [3592, 3593], [3596, 3597], [3626, 3627], [3626, 3628], [3628, 3629], [3628, 3631], [3631, 3632], [3631, 3635], [3632, 3633], [3632, 3634], [3635, 3636], [3635, 3637], [3639, 3640], [3639, 3641], [3699, 3700], [3714, 3715], [3749, 3751], [3824, 3825], [3829, 3830], [3833, 3834], [3838, 3839], [3843, 3844], [3849, 3850], [3862, 3863], [3862, 3866], [3874, 3875], [3882, 3883], [3887, 3888], [3894, 3897], [3897, 3898], [3906, 3907], [3910, 3911], [3910, 3912], [3912, 3913], [3912, 3914], [3921, 3922], [4002, 4003], [4002, 4005], [4006, 4007], [4006, 4008], [4120, 4125], [4120, 4127], [4137, 4138], [4137, 4140], [4169, 4170], [4169, 4176], [4619, 4620], [4619, 4621], [4625, -4617], [4625, 4626], [4626, 4627], [4626, 4628], [4652, 4653], [4652, 4698], [4772, 4773], [4772, 4774], [4774, 4775], [4774, 4778], [4784, 4785], [4784, 4787], [4799, -4771], [4799, 4800], [4810, 4811], [4810, 4812], [4824, 4825], [4824, 4830], [4919, 4920], [4919, 4921], [4926, 4927], [4926, 4929], [4930, 4931], [4930, 4944], [4967, 4968], [4967, 4969], [4974, 4975], [4974, 4977], [4978, 4979], [4978, 4992], [5005, 5006], [5005, 5007], [5026, 5027], [5026, 5028], [5060, 5061], [5060, 5062], [5062, 5063], [5062, 5064], [5065, 5066], [5065, 5068], [5078, 5079], [5078, 5080], [5080, 5081], [5080, 5082], [5082, 5083], [5082, 5089], [5084, 5085], [5084, 5088], [5097, 5098], [5097, 5100], [5101, 5102], [5101, 5103], [5123, -5122], [5123, 5124], [5131, 5132], [5131, 5133], [5137, -5129], [5137, 5138], [5138, 5139], [5138, 5140], [5152, 5153], [5152, 5198], [5214, 5215], [5214, 5218], [5224, 5225], [5224, 5228], [5234, 5235], [5234, 5238], [5248, 5249], [5248, 5252], [5262, 5263], [5262, 5264], [5264, 5265], [5264, 5268], [5273, 5274], [5273, 5278], [5304, 5305], [5304, 5309], [5309, 5310], [5309, 5319], [5311, 5312], [5311, 5313], [5313, 5314], [5313, 5315], [5328, -5321], [5328, 5329], [5329, 5328], [5329, 5330], [5345, 5346], [5345, 5348], [5370, 5371], [5370, 5372], [5377, 5378], [5377, 5379], [5387, 5388], [5387, 5389], [5407, 5408], [5407, 5418], [5429, 5430], [5429, 5431], [5450, 5451], [5450, 5454], [5482, 5483], [5482, 5485], [5485, 5486], [5485, 5504], [5488, 5489], [5488, 5491], [5493, 5498], [5493, 5500], [5502, 5485], [5502, 5503], [5511, 5512], [5511, 5513], [5519, 5520], [5519, 5523], [5527, 5528], [5527, 5529], [5529, 5530], [5529, 5531], [5532, 5533], [5532, 5534], [5538, 5539], [5538, 5540], [5545, 5546], [5545, 5547], [5547, 5548], [5547, 5549], [5559, 5560], [5559, 5561], [5562, 5563], [5562, 5564], [5581, 5582], [5581, 5583], [5590, 5591], [5590, 5594], [5631, 5632], [5631, 5633], [5633, 5634], [5633, 5646], [5658, 5659], [5658, 5673], [5660, 5661], [5660, 5673], [5699, 5700], [5699, 5701], [5702, -5697], [5702, 5703], [5712, -5707], [5712, 5713], [5892, 5893], [5892, 5895], [5896, 5897], [5896, 5899], [5939, 5940], [5939, 5941], [5941, 5942], [5941, 5943], [5943, 5944], [5943, 5947], [6019, 6020], [6019, 6022]
[...]
nts": 4, "percent_covered": 0.0, "percent_covered_display": "0.0", "missing_lines": 4, "excluded_lines": 0, "percent_statements_covered": 0.0, "percent_statements_covered_display": "0.0", "num_branches": 0, "num_partial_branches": 0, "covered_branches": 0, "missing_branches": 0, "percent_branches_covered": 100.0, "percent_branches_covered_display": "100.0"}, "missing_lines": [2137, 2138, 2139, 2140], "excluded_lines": [], "start_line": 2136, "executed_branches": [], "missing_branches": []}, "cache_health": {"executed_lines": [], "summary": {"covered_lines": 0, "num_statements": 1, "percent_covered": 0.0, "percent_covered_display": "0.0", "missing_lines": 1, "excluded_lines": 0, "percent_statements_covered": 0.0, "percent_statements_covered_display": "0.0", "num_branches": 0, "num_partial_branches": 0, "covered_branches": 0, "missing_branches": 0, "percent_branches_covered": 100.0, "percent_branches_covered_display": "100.0"}, "missing_lines": [2145], "excluded_lines": [], "start_line": 2144, "executed_branches": [], "missing_branches": []}, "metrics": {"executed_lines": [], "summary": {"covered_lines": 0, "num_statements": 41, "percent_covered": 0.0, "percent_covered_display": "0.0", "missing_lines": 41, "excluded_lines": 0, "percent_statements_covered": 0.0, "percent_statements_covered_display": "0.0", "num_branches": 12, "num_partial_branches": 0, "covered_branches": 0, "missing_branches": 12, "percent_branches_covered": 0.0, "percent_branches_covered_display": "0.0"}, "missing_lines": [2157, 2158, 2160, 2161, 2162, 2165, 2166, 2167, 2168, 2169, 2170, 2171, 2172, 2173, 2186, 2195, 2199, 2208, 2209, 2210, 2211, 2212, 2213, 2214, 2223, 2342, 2348, 2349, 2350, 2356, 2357, 2360, 2376, 2377, 2378, 2388, 2402, 2403, 2404, 2405, 2414], "excluded_lines": [], "start_line": 2151, "executed_branches": [], "missing_branches": [[2208, 2209], [2208, 2211], [2209, 2210], [2209, 2211], [2348, 2349], [2348, 2350], [2356, 2357], [2356, 2360], [2376, 2377], [2376, 2388], [2402, 2403], [2402, 2414]]}, "submit_feedback": {"executed_lines": [], "summary": {"covered_lines": 0, "num_statements": 15, "percent_covered": 0.0, "percent_covered_display": "0.0", "missing_lines": 15, "excluded_lines": 0, "percent_statements_covered": 0.0, "percent_statements_covered_display": "0.0", "num_branches": 8, "num_partial_branches": 0, "covered_branches": 0, "missing_branches": 8, "percent_branches_covered": 0.0, "percent_branches_covered_display": "0.0"}, "missing_lines": [2434, 2435, 2436, 2437, 2439, 2440, 2441, 2442, 2443, 2444, 2445, 2448, 2449, 2451, 2458], "excluded_lines": [], "start_line": 2420, "executed_branches": [], "missing_branches": [[2440, 2441], [2440, 2442], [2442, 2443], [2442, 2444], [2444, 2445], [2444, 2448], [2448, 2449], [2448, 2451]]}, "": {"executed_lines": [], "summary": {"covered_lines": 0, "num_statements": 333, "percent_covered": 0.0, "percent_covered_display": "0.0", "missing_lines": 333, "excluded_lines": 2, "percent_statements_covered": 0.0, "percent_statements_covered_display": "0.0", "num_branches": 2, "num_partial_branches": 0, "covered_branches": 0, "missing_branches": 2, "percent_branches_covered": 0.0, "percent_branches_covered_display": "0.0"}, "missing_lines": [1, 3, 4, 5, 6, 7, 8, 9, 10, 11, 12, 13, 14, 15, 16, 17, 18, 19, 21, 22, 23, 25, 26, 27, 29, 42, 44, 45, 46, 47, 48, 49, 59, 65, 67, 72, 73, 74, 75, 76, 77, 80, 81, 82, 91, 103, 114, 134, 137, 156, 159, 168, 175, 179, 190, 204, 217, 222, 291, 298, 308, 309, 310, 313, 321, 325, 331, 339, 350, 362, 369, 378, 394, 426, 433, 434, 438, 439, 459, 460, 466, 488, 497, 511, 521, 527, 535, 541, 545, 551, 555, 559, 563, 570, 585, 591, 598, 602, 606, 613, 627, 631, 638, 645, 667, 676, 692, 698, 706, 807, 842, 856, 865, 871, 880, 894, 917, 929, 962, 985, 1014, 1022, 1032, 1094, 1098, 1156, 1170, 1223, 1293, 1294, 1298, 1299, 1303, 1304, 1308, 1309, 1313, 1314, 1324, 1325, 1329, 1330, 1334, 1335, 1339, 1340, 1344, 1345, 1349, 1350, 1354, 1355, 1359, 1360, 1366, 1367, 1373, 1374, 1378, 1379, 1380, 1381, 1385, 1386, 1387, 1388, 1395, 1396, 1397, 1398, 1408, 1409, 1410, 1411, 1443, 1444, 1445, 1446, 1470, 1471, 1472, 1473, 1477, 1478, 1479, 1480, 1516, 1517, 1518, 1519, 1529, 1530, 1531, 1532, 1537, 1538, 1539, 1540, 1557, 1558, 1559, 1560, 1578, 1579, 1580, 1581, 1609, 1610, 1611, 1612, 1616, 1617, 1618, 1619, 1632, 1633, 1634, 1635, 1648, 1649, 1650, 1651, 1662, 1663, 1664, 1665, 1685, 1686, 1687, 1688, 1697, 1698, 1699, 1700, 1713, 1714, 1715, 1716, 1740, 1741, 1742, 1743, 1779, 1780, 1781, 1782, 1837, 1838, 1839, 1840, 1841, 1864, 1865, 1866, 1867, 1868, 1897, 1898, 1899, 1900, 1918, 1919, 1920, 1921, 1922, 1932, 1933, 1934, 1935, 1951, 1952, 1953, 1954, 1963, 1964, 1965, 1966, 1995, 1996, 1997, 1998, 2007, 2008, 2009, 2010, 2017, 2018, 2019, 2020, 2021, 2022, 2040, 2041, 2042, 2043, 2049, 2050, 2051, 2052, 2062, 2063, 2064, 2065, 2074, 2075, 2076, 2077, 2082, 2083, 2084, 2085, 2094, 2095, 2096, 2097, 2116, 2117, 2122, 2123, 2128, 2129, 2135, 2136, 2143, 2144, 2148, 2149, 2150, 2151, 2417, 2418, 2419, 2420], "excluded_lines": [2461, 2462], "start_line": 1, "executed_branches": [], "missing_branches": [[26, 27], [26, 29]]}}, "classes": {"": {"executed_lines": [], "summary": {"covered_lines": 0, "num_statements": 1133, "percent_covered": 0.0, "percent_covered_display": "0.0", "missing_lines": 1133, "excluded_lines": 2, "percent_statements_covered": 0.0, "percent_statements_covered_display": "0.0", "num_branches": 252, "num_partial_branches": 0, "covered_branches": 0, "missing_branches": 252, "percent_branches_covered": 0.0, "percent_branches_covered_display": "0.0"}, "missing_lines": [1, 3, 4, 5, 6, 7, 8, 9, 10, 11, 12, 13, 14, 15, 16, 17, 18, 19, 21, 22, 23, 25, 26, 27, 29, 42, 44, 45, 46, 47, 48, 49, 59, 65, 67, 72, 73, 74, 75, 76, 77, 80, 81, 82, 91, 92, 93, 94, 95, 96, 97, 98, 99, 100, 103, 104, 107, 108, 109, 110, 111, 114, 115, 119, 122, 123, 127, 131, 134, 137, 138, 142, 146, 150, 156, 159, 160, 161, 162, 163, 164, 165, 168, 169, 170, 171, 172, 175, 176, 179, 180, 181, 182, 183, 185, 186, 187, 190, 191, 192, 195, 196, 197, 198, 199, 200, 201, 204, 210, 211, 212, 213, 214, 217, 218, 219, 222, 223, 224, 225, 226, 246, 247, 248, 251, 252, 255, 258, 261, 264, 265, 266, 267, 268, 271, 274, 277, 280, 284, 285, 286, 287, 288, 291, 292, 293, 295, 298, 308, 309, 310, 313, 314, 315, 316, 317, 318, 321, 322, 325, 328, 331, 332, 339, 340, 343, 350, 351, 352, 353, 354, 355, 356, 357, 358, 359, 362, 363, 364, 365, 366, 369, 370, 371, 372, 373, 374, 375, 378, 379, 380, 381, 382, 383, 384, 385, 386, 387, 388, 389, 390, 391, 394, 395, 396, 397, 398, 399, 400, 401, 402, 404, 405, 406, 407, 408, 410, 411, 412, 414, 415, 416, 418, 419, 420, 422, 423, 426, 427, 433, 434, 435, 438, 439, 440, 441, 442, 443, 444, 445, 446, 447, 448, 454, 455, 456, 459, 460, 461, 462, 463, 466, 467, 469, 470, 471, 472, 473, 474, 475, 477, 478, 480, 481, 483, 485, 488, 489, 490, 491, 492, 493, 494, 497, 498, 499, 500, 501, 502, 503, 504, 505, 506, 507, 508, 511, 512, 513, 514, 515, 516, 517, 518, 521, 522, 523, 524, 527, 528, 529, 530, 531, 532, 535, 536, 537, 538, 541, 542, 545, 546, 547, 548, 551, 552, 555, 556, 559, 560, 563, 564, 565, 566, 567, 570, 571, 585, 586, 587, 588, 591, 592, 593, 594, 595, 598, 599, 602, 603, 606, 607, 608, 609, 610, 613, 614, 622, 623, 624, 627, 628, 631, 632, 633, 634, 635, 638, 639, 640, 641, 642, 645, 646, 647, 648, 649, 650, 651, 652, 654, 655, 656, 657, 658, 667, 668, 669, 670, 671, 672, 673, 676, 677, 689, 692, 693, 694, 695, 698, 699, 700, 701, 702, 703, 706, 707, 708, 709, 710, 712, 720, 727, 734, 741, 749, 755, 777, 778, 788, 807, 808, 809, 819, 820, 821, 822, 842, 843, 849, 850, 851, 852, 853, 856, 857, 858, 859, 860, 861, 862, 865, 866, 867, 868, 871, 872, 873, 877, 880, 881, 882, 894, 895, 898, 899, 903, 904, 905, 906, 907, 911, 912, 913, 914, 917, 918, 919, 920, 921, 922, 923, 924, 925, 926, 929, 930, 931, 932, 933, 941, 942, 943, 944, 945, 946, 947, 949, 950, 951, 952, 953, 954, 962, 963, 967, 968, 969, 970, 977, 985, 986, 987, 988, 989, 990, 991, 992, 996, 997, 998, 999, 1006, 1014, 1015, 1016, 1022, 1023, 1024, 1029, 1032, 1033, 1034, 1035, 1036, 1044, 1045, 1046, 1049, 1050, 1051, 1052, 1053, 1054, 1064, 1065, 1075, 1076, 1083, 1084, 1085, 1094, 1095, 1098, 1099, 1100, 1101, 1102, 1108, 1109, 1118, 1124, 1129, 1132, 1133, 1144, 1145, 1146, 1148, 1149, 1150, 1151, 1152, 1153, 1156, 1157, 1158, 1159, 1160, 1162, 1163, 1170, 1171, 1172, 1173, 1174, 1176, 1177, 1178, 1179, 1180, 1182, 1185, 1186, 1187, 1188, 1189, 1190, 1202, 1203, 1204, 1205, 1206, 1208, 1210, 1223, 1224, 1225, 1226, 1227, 1228, 1245, 1246, 1247, 1255, 1256, 1257, 1273, 1274, 1275, 1293, 1294, 1295, 1298, 1299, 1300, 1303, 1304, 1305, 1308, 1309, 1310, 1313, 1314, 1315, 1316, 1317, 1318, 1324, 1325, 1326, 1329, 1330, 1331, 1334, 1335, 1336, 1339, 1340, 1341, 1344, 1345, 1346, 1349, 1350, 1351, 1354, 1355, 1356, 1359, 1360, 1362, 1363, 1366, 1367, 1368, 1369, 1370, 1373, 1374, 1375, 1378, 1379, 1380, 1381, 1382, 1385, 1386, 1387, 1388, 1389, 1390, 1391, 1392, 1395, 1396, 1397, 1398, 1399, 1405, 1408, 1409, 1410, 1411, 1412, 1413, 1421, 1435, 1440, 1443, 1444, 1445, 1446, 1447, 1448, 1449, 1450, 1452, 1453, 1454, 1455, 1456, 1457, 1461, 1467, 1470, 1471, 1472, 1473, 1474, 1477, 1478, 1479, 1480, 1481, 1482, 1483, 1484, 1485, 1486, 1487, 1488, 1490, 1491, 1492, 1493, 1495, 1496, 1497, 1498, 1499, 1500, 1501, 1503, 1512, 1513, 1516, 1517, 1518, 1519, 1520, 1521, 1522, 1524, 1525, 1526, 1529, 1530, 1531, 1532, 1533, 1534, 1537, 1538, 1539, 1540, 1541, 1554, 1557, 1558, 1559, 1560, 1561, 1562, 1563, 1575, 1578, 1579, 1580, 1581, 1582, 1583, 1584, 1585, 1592, 1597, 1609, 1610, 1611, 1612, 1613, 1616, 1617, 1618, 1619, 1620, 1621, 1622, 1629, 1632, 1633, 1634, 1635, 1636, 1637, 1645, 1648, 1649, 1650, 1651, 1652, 1653, 1659, 1662, 1663, 1664, 1665, 1666, 1667, 1668, 1672, 1673, 1674, 1675, 1676, 1682, 1685, 1686, 1687, 1688, 1689, 1690, 1691, 1693, 1694, 1697, 1698, 1699, 1700, 1701, 1702, 1703, 1704, 1705, 1706, 1707, 1709, 1710, 1713, 1714, 1715, 1716, 1724, 1725, 1726, 1732, 1737, 1740, 1741, 1742, 1743, 1744, 1745, 1750, 1751, 1753, 1767, 1779, 1780, 1781, 1782, 1790, 1791, 1792, 1793, 1794, 1795, 1796, 1798, 1799, 1800, 1801, 1803, 1804, 1805, 1806, 1807, 1814, 1815, 1823, 1824, 1825, 1833, 1834, 1837, 1838, 1839, 1840, 1841, 1842, 1843, 1844, 1845, 1846, 1847, 1848, 1849, 1861, 1864, 1865, 1866, 1867, 1868, 1869, 1870, 1871, 1872, 1873, 1874, 1875, 1876, 1877, 1878, 1879, 1880, 1882, 1894, 1897, 1898, 1899, 1900, 1901, 1902, 1903, 1904, 1905, 1906, 1907, 1915, 1918, 1919, 1920, 1921, 1922, 1923, 1924, 1925, 1926, 1927, 1928, 1929, 1932, 1933, 1934, 1935, 1936, 1948, 1951, 1952, 1953, 1954, 1955, 1960, 1963, 1964, 1965, 1966, 1967, 1968, 1969, 1970, 1971, 1972, 1973, 1974, 1975, 1976, 1977, 1978, 1985, 1986, 1992, 1995, 1996, 1997, 1998, 1999, 2000, 2001, 2002, 2003, 2004, 2007, 2008, 2009, 2010, 2011, 2012, 2013, 2014, 2017, 2018, 2019, 2020, 2021, 2022, 2023, 2024, 2025, 2026, 2027, 2028, 2029, 2037, 2040, 2041, 2042, 2043, 2044, 2045, 2046, 2049, 2050, 2051, 2052, 2053, 2054, 2059, 2062, 2063, 2064, 2065, 2066, 2067, 2068, 2069, 2070, 2071, 2074, 2075, 2076, 2077, 2078, 2079, 2082, 2083, 2084, 2085, 2086, 2087, 2088, 2089, 2090, 2091, 2094, 2095, 2096, 2097, 2098, 2099, 2100, 2101, 2103, 2104, 2105, 2106, 2108, 2113, 2116, 2117, 2118, 2119, 2122, 2123, 2124, 2125, 2128, 2129, 2130, 2131, 2132, 2135, 2136, 2137, 2138, 2139, 2140, 2143, 2144, 2145, 2148, 2149, 2150, 2151, 2157, 2158, 2160, 2161, 2162, 2165, 2166, 2167, 2168, 2169, 2170, 2171, 2172, 2173, 2186, 2195, 2199, 2208, 2209, 2210, 2211, 2212, 2213, 2214, 2223, 2342, 2348, 2349, 2350, 2356, 2357, 2360, 2376, 2377, 2378, 2388, 2402, 2403, 2404, 2405, 2414, 2417, 2418, 2419, 2420, 2434, 2435, 2436, 2437, 2439, 2440, 2441, 2442, 2443, 2444, 2445, 2448, 2449, 2451, 2458], "excluded_lines": [2461, 2462], "start_line": 1, "executed_branches": [], "missing_branches": [[26, 27], [26, 29], [93, 94], [93, 95], [96, 97], [96, 98], [98, 99], [98, 100], [161, 162], [161, 163], [170, 171], [170, 172], [180, 181], [180, 182], [182, 183], [182, 185], [196, 197], [196, 199], [199, 200], [199, 201], [212, 213], [212, 214], [251, 252], [251, 255], [266, 267], [266, 271], [285, 286], [285, 288], [286, 285], [286, 287], [315, 316], [315, 318], [351, 352], [351, 353], [357, 358], [357, 359], [380, 381], [380, 383], [384, 385], [384, 387], [387, 388], [387, 390], [396, 397], [396, 401], [398, 399], [398, 400], [401, 402], [401, 404], [411, 412], [411, 414], [415, 416], [415, 418], [419, 420], [419, 422], [440, 441], [440, 442], [442, 443], [442, 444], [444, 445], [444, 446], [448, 454], [448, 456], [461, 462], [461, 463], [477, 478], [477, 480], [489, 490], [489, 491], [498, 499], [498, 500], [500, 501], [500, 502], [502, 503], [502, 508], [504, 505], [504, 506], [506, 507], [506, 508], [512, 513], [512, 514], [514, 515], [514, 516], [516, 517], [516, 518], [565, 566], [565, 567], [586, 587], [586, 588], [593, 594], [593, 595], [608, 609], [608, 610], [622, 623], [622, 624], [633, 634], [633, 635], [639, 640], [639, 641], [649, 650], [649, 654], [650, 651], [650, 652], [669, 670], [669, 673], [671, 669], [671, 672], [819, 820], [819, 821], [866, 867], [866, 868], [904, 905], [904, 906], [906, 907], [906, 914], [912, 906], [912, 913], [919, 920], [919, 921], [922, 923], [922, 924], [924, 925], [924, 926], [944, 945], [944, 946], [952, 953], [952, 954], [990, 991], [990, 992], [992, 996], [992, 998], [996, 992], [996, 997], [998, 999], [998, 1006], [1023, 1024], [1023, 1029], [1045, 1046], [1045, 1075], [1075, 1076], [1075, 1083], [1108, 1109], [1108, 1118], [1144, 1145], [1144, 1148], [1159, 1160], [1159, 1162], [1186, 1187], [1186, 1202], [1227, 1228], [1227, 1245], [1316, 1317], [1316, 1318], [1369, -1366], [1369, 1370], [1390, 1391], [1390, 1392], [1452, 1453], [1452, 1454], [1454, 1455], [1454, 1456], [1456, 1457], [1456, 1461], [1490, 1491], [1490, 1492], [1492, 1493], [1492, 1495], [1496, 1497], [1496, 1498], [1498, 1499], [1498, 1500], [1500, 1501], [1500, 1503], [1521, 1522], [1521, 1524], [1667, 1668], [1667, 1672], [1674, 1675], [1674, 1676], [1704, 1705], [1704, 1706], [1706, 1707], [1706, 1709], [1750, 1751], [1750, 1753], [1798, 1799], [1798, 1800], [1800, 1801], [1800, 1803], [1804, 1805], [1804, 1814], [1805, 1806], [1805, 1807], [1814, 1815], [1814, 1825], [1844, 1845], [1844, 1849], [1846, 1847], [1846, 1848], [1873, 1874], [1873, 1875], [1875, 1876], [1875, 1877], [1877, 1878], [1877, 1879], [1879, 1880], [1879, 1882], [1902, 1903], [1902, 1904], [1905, 1906], [1905, 1907], [1925, 1926], [1925, 1927], [1969, 1970], [1969, 1971], [1973, 1974], [1973, 1975], [1977, 1978], [1977, 1986], [2001, 2002], [2001, 2003], [2025, 2026], [2025, 2027], [2027, 2028], [2027, 2029], [2068, 2069], [2068, 2070], [2088, 2089], [2088, 2090], [2100, 2101], [2100, 2103], [2105, 2106], [2105, 2108], [2208, 2209], [2208, 2211], [2209, 2210], [2209, 2211], [2348, 2349], [2348, 2350], [2356, 2357], [2356, 2360], [2376, 2377], [2376, 2388], [2402, 2403], [2402, 2414], [2440, 2441], [2440, 2442], [2442, 2443], [2442, 2444], [2444, 2445], [2444, 2448], [2448, 2449], [2448, 2451]]}}}, "web/privacy_policy.py": {"executed_lines": [], "summary": {"covered_lines": 0, "num_statements": 29, "percent_covered": 0.0, "percent_covered_display": "0.0", "missing_lines": 29, "excluded_lines": 0, "percent_statements_covered": 0.0, "percent_statements_covered_display": "0.0", "num_branches": 2, "num_partial_branches": 0, "covered_branches": 0, "missing_branches": 2, "percent_branches_covered": 0.0, "percent_branches_covered_display": "0.0"}, "missing_lines": [1, 3, 4, 5, 7, 9, 10, 17, 59, 60, 61, 62, 63, 66, 67, 93, 94, 95, 96, 97, 98, 101, 109, 110, 111, 119, 120, 121, 122], "excluded_lines": [], "executed_branches": [], "missing_branches": [[61, 62], [61, 63]], "functions": {"_normalize_jurisdiction": {"executed_lines": [], "summary": {"covered_lines": 0, "num_statements": 4, "percent_covered": 0.0, "percent_covered_display": "0.0", "missing_lines": 4, "excluded_lines": 0, "percent_statements_covered": 0.0, "percent_statements_covered_display": "0.0", "num_branches": 2, "num_partial_branches": 0, "covered_branches": 0, "missing_branches": 2, "percent_branches_covered": 0.0, "percent_branches_covered_display": "0.0"}, "missing_lines": [60, 61, 62, 63], "excluded_lines": [], "start_line": 59, "executed_branches": [], "missing_branches": [[61, 62], [61, 63]]}, "_normalize_profile": {"executed_lines": [], "summary": {"covered_lines": 0, "num_statements": 1, "percent_covered": 0.0, "percent_covered_display": "0.0", "missing_lines": 1, "excluded_lines": 0, "percent_statements_covered": 0.0, "percent_statements_covered_display": "0.0", "num_branches": 0, "num_partial_branches": 0, "covered_branches": 0, "missing_branches": 0, "percent_branches_covered": 100.0, "percent_branches_covered_display": "100.0"}, "missing_lines": [67], "excluded_lines": [], "start_line": 66, "executed_branches": [], "missing_branches": []}, "_render_text_from_html": {"executed_lines": [], "summary": {"covered_lines": 0, "num_statements": 5, "percent_covered": 0.0, "percent_covered_display": "0.0", "missing_lines": 5, "excluded_lines": 0, "percent_statements_covered": 0.0, "percent_statements_covered_display": "0.0", "num_branches": 0, "num_partial_branches": 0, "covered_branches": 0, "missing_branches": 0, "percent_branches_covered": 100.0, "percent_branches_covered_display": "100.0"}, "missing_lines": [94, 95, 96, 97, 98], "excluded_lines": [], "start_line": 93, "executed_branches": [], "missing_branches": []}, "generate_privacy_policy_content": {"executed_lines": [], "summary": {"covered_lines": 0, "num_statements": 7, "percent_covered": 0.0, "percent_covered_display": "0.0", "missing_lines": 7, "excluded_lines": 0, "percent_statements_covered": 0.0, "percent_statements_covered_display": "0.0", "num_branches": 0, "num_partial_branches": 0, "covered_branches": 0, "missing_branches": 0, "percent_branches_covered": 100.0, "percent_branches_covered_display": "100.0"}, "missing_lines": [109, 110, 111, 119, 120, 121, 122], "excluded_lines": [], "start_line": 101, "executed_branches": [], "missing_branches": []}, "": {"executed_lines": [], "summary": {"covered_lines": 0, "num_statements": 12, "percent_covered": 0.0, "percent_covered_display": "0.0", "missing_lines": 12, "excluded_lines": 0, "percent_statements_covered": 0.0, "percent_statements_covered_display": "0.0", "num_branches": 0, "num_partial_branches": 0, "covered_branches": 0, "missing_branches": 0, "percent_branches_covered": 100.0, "percent_branches_covered_display": "100.0"}, "missing_lines": [1, 3, 4, 5, 7, 9, 10, 17, 59, 66, 93, 101], "excluded_lines": [], "start_line": 1, "executed_branches": [], "missing_branches": []}}, "classes": {"": {"executed_lines": [], "summary": {"covered_lines": 0, "num_statements": 29, "percent_covered": 0.0, "percent_covered_display": "0.0", "missing_lines": 29, "excluded_lines": 0, "percent_statements_covered": 0.0, "percent_statements_covered_display": "0.0", "num_branches": 2, "num_partial_branches": 0, "covered_branches": 0, "missing_branches": 2, "percent_branches_covered": 0.0, "percent_branches_covered_display": "0.0"}, "missing_lines": [1, 3, 4, 5, 7, 9, 10, 17, 59, 60, 61, 62, 63, 66, 67, 93, 94, 95, 96, 97, 98, 101, 109, 110, 111, 119, 120, 121, 122], "excluded_lines": [], "start_line": 1, "executed_branches": [], "missing_branches": [[61, 62], [61, 63]]}}}}, "totals": {"covered_lines": 1656, "num_statements": 5774, "percent_covered": 25.885853394644307, "percent_covered_display": "25.9", "missing_lines": 4118, "excluded_lines": 55, "percent_statements_covered": 28.680290959473503, "percent_statements_covered_display": "28.7", "num_branches": 1620, "num_partial_branches": 94, "covered_branches": 258, "missing_branches": 1362, "percent_branches_covered": 15.925925925925926, "percent_branches_covered_display": "15.9"}}